{"/Users/mohammed/Desktop/Cockpit/components/Briefing.tsx": {"path":"/Users/mohammed/Desktop/Cockpit/components/Briefing.tsx","statementMap":{"0":{"start":{"line":82,"column":31},"end":{"line":82,"column":null}},"1":{"start":{"line":111,"column":14},"end":{"line":112,"column":null}}},"fnMap":{"0":{"name":"Briefing","decl":{"start":{"line":12,"column":24},"end":{"line":12,"column":33}},"loc":{"start":{"line":12,"column":74},"end":{"line":128,"column":null}}},"1":{"name":"(anonymous_1)","decl":{"start":{"line":82,"column":25},"end":{"line":82,"column":31}},"loc":{"start":{"line":82,"column":31},"end":{"line":82,"column":null}}},"2":{"name":"(anonymous_2)","decl":{"start":{"line":110,"column":41},"end":{"line":110,"column":42}},"loc":{"start":{"line":111,"column":14},"end":{"line":112,"column":null}}}},"branchMap":{"0":{"loc":{"start":{"line":32,"column":9},"end":{"line":32,"column":39}},"type":"binary-expr","locations":[{"start":{"line":32,"column":9},"end":{"line":32,"column":39}}]},"1":{"loc":{"start":{"line":114,"column":32},"end":{"line":114,"column":null}},"type":"cond-expr","locations":[{"start":{"line":114,"column":77},"end":{"line":114,"column":103}},{"start":{"line":114,"column":103},"end":{"line":114,"column":null}}]}},"s":{"0":0,"1":0},"f":{"0":0,"1":0,"2":0},"b":{"0":[0],"1":[0,0]}}
,"/Users/mohammed/Desktop/Cockpit/components/Details.tsx": {"path":"/Users/mohammed/Desktop/Cockpit/components/Details.tsx","statementMap":{"0":{"start":{"line":14,"column":26},"end":{"line":14,"column":null}},"1":{"start":{"line":24,"column":23},"end":{"line":24,"column":null}}},"fnMap":{"0":{"name":"Details","decl":{"start":{"line":13,"column":24},"end":{"line":13,"column":32}},"loc":{"start":{"line":13,"column":86},"end":{"line":73,"column":null}}},"1":{"name":"(anonymous_1)","decl":{"start":{"line":24,"column":17},"end":{"line":24,"column":23}},"loc":{"start":{"line":24,"column":23},"end":{"line":24,"column":null}}}},"branchMap":{"0":{"loc":{"start":{"line":13,"column":51},"end":{"line":13,"column":70}},"type":"default-arg","locations":[{"start":{"line":13,"column":65},"end":{"line":13,"column":70}}]},"1":{"loc":{"start":{"line":43,"column":29},"end":{"line":43,"column":44}},"type":"cond-expr","locations":[{"start":{"line":43,"column":36},"end":{"line":43,"column":42}},{"start":{"line":43,"column":42},"end":{"line":43,"column":44}}]},"2":{"loc":{"start":{"line":53,"column":9},"end":{"line":53,"column":null}},"type":"binary-expr","locations":[{"start":{"line":53,"column":9},"end":{"line":53,"column":null}}]}},"s":{"0":0,"1":0},"f":{"0":0,"1":0},"b":{"0":[0],"1":[0,0],"2":[0]}}
,"/Users/mohammed/Desktop/Cockpit/components/ErrorBoundary.tsx": {"path":"/Users/mohammed/Desktop/Cockpit/components/ErrorBoundary.tsx","statementMap":{"0":{"start":{"line":17,"column":4},"end":{"line":17,"column":null}},"1":{"start":{"line":18,"column":4},"end":{"line":18,"column":null}},"2":{"start":{"line":22,"column":4},"end":{"line":22,"column":null}},"3":{"start":{"line":26,"column":4},"end":{"line":28,"column":null}},"4":{"start":{"line":31,"column":16},"end":{"line":34,"column":4}},"5":{"start":{"line":32,"column":4},"end":{"line":32,"column":null}},"6":{"start":{"line":33,"column":4},"end":{"line":33,"column":null}},"7":{"start":{"line":37,"column":4},"end":{"line":95,"column":null}},"8":{"start":{"line":84,"column":36},"end":{"line":84,"column":null}},"9":{"start":{"line":85,"column":36},"end":{"line":85,"column":null}},"10":{"start":{"line":97,"column":4},"end":{"line":97,"column":null}}},"fnMap":{"0":{"name":"(anonymous_0)","decl":{"start":{"line":16,"column":2},"end":{"line":16,"column":14}},"loc":{"start":{"line":16,"column":28},"end":{"line":19,"column":null}}},"1":{"name":"(anonymous_1)","decl":{"start":{"line":21,"column":2},"end":{"line":21,"column":9}},"loc":{"start":{"line":21,"column":55},"end":{"line":23,"column":null}}},"2":{"name":"(anonymous_2)","decl":{"start":{"line":25,"column":2},"end":{"line":25,"column":20}},"loc":{"start":{"line":25,"column":62},"end":{"line":29,"column":null}}},"3":{"name":"(anonymous_3)","decl":{"start":{"line":31,"column":16},"end":{"line":31,"column":null}},"loc":{"start":{"line":31,"column":16},"end":{"line":34,"column":4}}},"4":{"name":"(anonymous_4)","decl":{"start":{"line":36,"column":2},"end":{"line":36,"column":11}},"loc":{"start":{"line":36,"column":11},"end":{"line":98,"column":null}}},"5":{"name":"(anonymous_5)","decl":{"start":{"line":84,"column":28},"end":{"line":84,"column":29}},"loc":{"start":{"line":84,"column":36},"end":{"line":84,"column":null}}},"6":{"name":"(anonymous_6)","decl":{"start":{"line":85,"column":28},"end":{"line":85,"column":29}},"loc":{"start":{"line":85,"column":36},"end":{"line":85,"column":null}}}},"branchMap":{"0":{"loc":{"start":{"line":37,"column":4},"end":{"line":95,"column":null}},"type":"if","locations":[{"start":{"line":37,"column":4},"end":{"line":95,"column":null}},{"start":{},"end":{}}]},"1":{"loc":{"start":{"line":68,"column":15},"end":{"line":68,"column":null}},"type":"binary-expr","locations":[{"start":{"line":68,"column":15},"end":{"line":68,"column":44}},{"start":{"line":68,"column":44},"end":{"line":68,"column":null}}]}},"s":{"0":0,"1":0,"2":0,"3":0,"4":0,"5":0,"6":0,"7":0,"8":0,"9":0,"10":0},"f":{"0":0,"1":0,"2":0,"3":0,"4":0,"5":0,"6":0},"b":{"0":[0,0],"1":[0,0]}}
,"/Users/mohammed/Desktop/Cockpit/hooks/useAuth.ts": {"path":"/Users/mohammed/Desktop/Cockpit/hooks/useAuth.ts","statementMap":{"0":{"start":{"line":19,"column":23},"end":{"line":110,"column":2}},"1":{"start":{"line":20,"column":26},"end":{"line":20,"column":null}},"2":{"start":{"line":21,"column":35},"end":{"line":21,"column":null}},"3":{"start":{"line":22,"column":32},"end":{"line":22,"column":null}},"4":{"start":{"line":23,"column":28},"end":{"line":23,"column":null}},"5":{"start":{"line":26,"column":2},"end":{"line":67,"column":null}},"6":{"start":{"line":27,"column":17},"end":{"line":27,"column":null}},"7":{"start":{"line":30,"column":23},"end":{"line":32,"column":null}},"8":{"start":{"line":34,"column":4},"end":{"line":41,"column":null}},"9":{"start":{"line":35,"column":6},"end":{"line":35,"column":null}},"10":{"start":{"line":36,"column":6},"end":{"line":36,"column":null}},"11":{"start":{"line":37,"column":6},"end":{"line":37,"column":null}},"12":{"start":{"line":38,"column":6},"end":{"line":38,"column":null}},"13":{"start":{"line":39,"column":6},"end":{"line":39,"column":null}},"14":{"start":{"line":40,"column":6},"end":{"line":40,"column":null}},"15":{"start":{"line":43,"column":4},"end":{"line":47,"column":null}},"16":{"start":{"line":44,"column":6},"end":{"line":44,"column":null}},"17":{"start":{"line":45,"column":6},"end":{"line":45,"column":null}},"18":{"start":{"line":46,"column":6},"end":{"line":46,"column":null}},"19":{"start":{"line":50,"column":24},"end":{"line":64,"column":null}},"20":{"start":{"line":51,"column":6},"end":{"line":62,"column":null}},"21":{"start":{"line":52,"column":8},"end":{"line":52,"column":null}},"22":{"start":{"line":53,"column":8},"end":{"line":53,"column":null}},"23":{"start":{"line":54,"column":8},"end":{"line":54,"column":null}},"24":{"start":{"line":55,"column":8},"end":{"line":55,"column":null}},"25":{"start":{"line":56,"column":8},"end":{"line":56,"column":null}},"26":{"start":{"line":58,"column":8},"end":{"line":58,"column":null}},"27":{"start":{"line":59,"column":8},"end":{"line":59,"column":null}},"28":{"start":{"line":60,"column":8},"end":{"line":60,"column":null}},"29":{"start":{"line":61,"column":8},"end":{"line":61,"column":null}},"30":{"start":{"line":63,"column":6},"end":{"line":63,"column":null}},"31":{"start":{"line":66,"column":4},"end":{"line":66,"column":null}},"32":{"start":{"line":66,"column":17},"end":{"line":66,"column":null}},"33":{"start":{"line":69,"column":17},"end":{"line":81,"column":null}},"34":{"start":{"line":70,"column":4},"end":{"line":70,"column":null}},"35":{"start":{"line":71,"column":4},"end":{"line":71,"column":null}},"36":{"start":{"line":72,"column":4},"end":{"line":80,"column":null}},"37":{"start":{"line":73,"column":6},"end":{"line":73,"column":null}},"38":{"start":{"line":74,"column":6},"end":{"line":74,"column":null}},"39":{"start":{"line":76,"column":22},"end":{"line":76,"column":null}},"40":{"start":{"line":77,"column":6},"end":{"line":77,"column":null}},"41":{"start":{"line":78,"column":6},"end":{"line":78,"column":null}},"42":{"start":{"line":79,"column":6},"end":{"line":79,"column":null}},"43":{"start":{"line":83,"column":18},"end":{"line":99,"column":null}},"44":{"start":{"line":84,"column":4},"end":{"line":84,"column":null}},"45":{"start":{"line":85,"column":4},"end":{"line":85,"column":null}},"46":{"start":{"line":86,"column":4},"end":{"line":98,"column":null}},"47":{"start":{"line":87,"column":6},"end":{"line":87,"column":null}},"48":{"start":{"line":88,"column":6},"end":{"line":88,"column":null}},"49":{"start":{"line":89,"column":6},"end":{"line":89,"column":null}},"50":{"start":{"line":90,"column":6},"end":{"line":90,"column":null}},"51":{"start":{"line":91,"column":6},"end":{"line":91,"column":null}},"52":{"start":{"line":93,"column":22},"end":{"line":93,"column":null}},"53":{"start":{"line":94,"column":6},"end":{"line":94,"column":null}},"54":{"start":{"line":95,"column":6},"end":{"line":95,"column":null}},"55":{"start":{"line":97,"column":6},"end":{"line":97,"column":null}},"56":{"start":{"line":101,"column":21},"end":{"line":107,"column":null}},"57":{"start":{"line":102,"column":4},"end":{"line":102,"column":null}},"58":{"start":{"line":103,"column":4},"end":{"line":103,"column":null}},"59":{"start":{"line":104,"column":4},"end":{"line":104,"column":null}},"60":{"start":{"line":105,"column":4},"end":{"line":105,"column":null}},"61":{"start":{"line":106,"column":4},"end":{"line":106,"column":null}},"62":{"start":{"line":109,"column":2},"end":{"line":109,"column":null}}},"fnMap":{"0":{"name":"(anonymous_0)","decl":{"start":{"line":19,"column":23},"end":{"line":19,"column":null}},"loc":{"start":{"line":19,"column":23},"end":{"line":110,"column":2}}},"1":{"name":"(anonymous_1)","decl":{"start":{"line":26,"column":12},"end":{"line":26,"column":null}},"loc":{"start":{"line":26,"column":12},"end":{"line":67,"column":5}}},"2":{"name":"(anonymous_2)","decl":{"start":{"line":50,"column":49},"end":{"line":50,"column":50}},"loc":{"start":{"line":50,"column":50},"end":{"line":64,"column":null}}},"3":{"name":"(anonymous_3)","decl":{"start":{"line":66,"column":11},"end":{"line":66,"column":17}},"loc":{"start":{"line":66,"column":17},"end":{"line":66,"column":null}}},"4":{"name":"(anonymous_4)","decl":{"start":{"line":69,"column":29},"end":{"line":69,"column":null}},"loc":{"start":{"line":69,"column":29},"end":{"line":81,"column":5}}},"5":{"name":"(anonymous_5)","decl":{"start":{"line":83,"column":30},"end":{"line":83,"column":null}},"loc":{"start":{"line":83,"column":30},"end":{"line":99,"column":5}}},"6":{"name":"(anonymous_6)","decl":{"start":{"line":101,"column":33},"end":{"line":101,"column":null}},"loc":{"start":{"line":101,"column":33},"end":{"line":107,"column":5}}}},"branchMap":{"0":{"loc":{"start":{"line":30,"column":23},"end":{"line":32,"column":null}},"type":"cond-expr","locations":[{"start":{"line":31,"column":8},"end":{"line":31,"column":null}},{"start":{"line":32,"column":8},"end":{"line":32,"column":null}}]},"1":{"loc":{"start":{"line":34,"column":4},"end":{"line":41,"column":null}},"type":"if","locations":[{"start":{"line":34,"column":4},"end":{"line":41,"column":null}},{"start":{},"end":{}}]},"2":{"loc":{"start":{"line":43,"column":4},"end":{"line":47,"column":null}},"type":"if","locations":[{"start":{"line":43,"column":4},"end":{"line":47,"column":null}},{"start":{},"end":{}}]},"3":{"loc":{"start":{"line":51,"column":6},"end":{"line":62,"column":null}},"type":"if","locations":[{"start":{"line":51,"column":6},"end":{"line":62,"column":null}},{"start":{"line":57,"column":13},"end":{"line":62,"column":null}}]},"4":{"loc":{"start":{"line":76,"column":22},"end":{"line":76,"column":null}},"type":"cond-expr","locations":[{"start":{"line":76,"column":45},"end":{"line":76,"column":56}},{"start":{"line":76,"column":59},"end":{"line":76,"column":null}}]},"5":{"loc":{"start":{"line":93,"column":22},"end":{"line":93,"column":null}},"type":"cond-expr","locations":[{"start":{"line":93,"column":45},"end":{"line":93,"column":56}},{"start":{"line":93,"column":59},"end":{"line":93,"column":null}}]}},"s":{"0":0,"1":0,"2":0,"3":0,"4":0,"5":0,"6":0,"7":0,"8":0,"9":0,"10":0,"11":0,"12":0,"13":0,"14":0,"15":0,"16":0,"17":0,"18":0,"19":0,"20":0,"21":0,"22":0,"23":0,"24":0,"25":0,"26":0,"27":0,"28":0,"29":0,"30":0,"31":0,"32":0,"33":0,"34":0,"35":0,"36":0,"37":0,"38":0,"39":0,"40":0,"41":0,"42":0,"43":0,"44":0,"45":0,"46":0,"47":0,"48":0,"49":0,"50":0,"51":0,"52":0,"53":0,"54":0,"55":0,"56":0,"57":0,"58":0,"59":0,"60":0,"61":0,"62":0},"f":{"0":0,"1":0,"2":0,"3":0,"4":0,"5":0,"6":0},"b":{"0":[0,0],"1":[0,0],"2":[0,0],"3":[0,0],"4":[0,0],"5":[0,0]}}
,"/Users/mohammed/Desktop/Cockpit/hooks/useOfflineSync.ts": {"path":"/Users/mohammed/Desktop/Cockpit/hooks/useOfflineSync.ts","statementMap":{"0":{"start":{"line":15,"column":30},"end":{"line":74,"column":2}},"1":{"start":{"line":16,"column":34},"end":{"line":17,"column":null}},"2":{"start":{"line":19,"column":42},"end":{"line":19,"column":null}},"3":{"start":{"line":21,"column":2},"end":{"line":63,"column":null}},"4":{"start":{"line":23,"column":25},"end":{"line":23,"column":null}},"5":{"start":{"line":24,"column":4},"end":{"line":24,"column":null}},"6":{"start":{"line":27,"column":4},"end":{"line":38,"column":null}},"7":{"start":{"line":28,"column":6},"end":{"line":31,"column":null}},"8":{"start":{"line":34,"column":6},"end":{"line":34,"column":null}},"9":{"start":{"line":34,"column":35},"end":{"line":34,"column":null}},"10":{"start":{"line":37,"column":6},"end":{"line":37,"column":null}},"11":{"start":{"line":41,"column":25},"end":{"line":46,"column":null}},"12":{"start":{"line":42,"column":6},"end":{"line":42,"column":null}},"13":{"start":{"line":43,"column":6},"end":{"line":43,"column":null}},"14":{"start":{"line":44,"column":6},"end":{"line":44,"column":null}},"15":{"start":{"line":45,"column":6},"end":{"line":45,"column":null}},"16":{"start":{"line":48,"column":26},"end":{"line":51,"column":null}},"17":{"start":{"line":49,"column":6},"end":{"line":49,"column":null}},"18":{"start":{"line":50,"column":6},"end":{"line":50,"column":null}},"19":{"start":{"line":53,"column":4},"end":{"line":53,"column":null}},"20":{"start":{"line":54,"column":4},"end":{"line":54,"column":null}},"21":{"start":{"line":57,"column":4},"end":{"line":57,"column":null}},"22":{"start":{"line":59,"column":4},"end":{"line":62,"column":null}},"23":{"start":{"line":60,"column":6},"end":{"line":60,"column":null}},"24":{"start":{"line":61,"column":6},"end":{"line":61,"column":null}},"25":{"start":{"line":65,"column":35},"end":{"line":71,"column":null}},"26":{"start":{"line":66,"column":25},"end":{"line":66,"column":null}},"27":{"start":{"line":67,"column":4},"end":{"line":70,"column":null}},"28":{"start":{"line":68,"column":6},"end":{"line":68,"column":null}},"29":{"start":{"line":69,"column":6},"end":{"line":69,"column":null}},"30":{"start":{"line":73,"column":2},"end":{"line":73,"column":null}}},"fnMap":{"0":{"name":"(anonymous_0)","decl":{"start":{"line":15,"column":30},"end":{"line":15,"column":null}},"loc":{"start":{"line":15,"column":30},"end":{"line":74,"column":2}}},"1":{"name":"(anonymous_1)","decl":{"start":{"line":21,"column":12},"end":{"line":21,"column":null}},"loc":{"start":{"line":21,"column":12},"end":{"line":63,"column":5}}},"2":{"name":"(anonymous_2)","decl":{"start":{"line":27,"column":36},"end":{"line":27,"column":43}},"loc":{"start":{"line":27,"column":43},"end":{"line":38,"column":null}}},"3":{"name":"(anonymous_3)","decl":{"start":{"line":34,"column":24},"end":{"line":34,"column":35}},"loc":{"start":{"line":34,"column":35},"end":{"line":34,"column":null}}},"4":{"name":"(anonymous_4)","decl":{"start":{"line":41,"column":25},"end":{"line":41,"column":null}},"loc":{"start":{"line":41,"column":25},"end":{"line":46,"column":null}}},"5":{"name":"(anonymous_5)","decl":{"start":{"line":48,"column":26},"end":{"line":48,"column":null}},"loc":{"start":{"line":48,"column":26},"end":{"line":51,"column":null}}},"6":{"name":"(anonymous_6)","decl":{"start":{"line":59,"column":11},"end":{"line":59,"column":null}},"loc":{"start":{"line":59,"column":11},"end":{"line":62,"column":null}}},"7":{"name":"(anonymous_7)","decl":{"start":{"line":65,"column":47},"end":{"line":65,"column":null}},"loc":{"start":{"line":65,"column":47},"end":{"line":71,"column":5}}}},"branchMap":{"0":{"loc":{"start":{"line":17,"column":4},"end":{"line":17,"column":null}},"type":"cond-expr","locations":[{"start":{"line":17,"column":39},"end":{"line":17,"column":55}},{"start":{"line":17,"column":58},"end":{"line":17,"column":null}}]},"1":{"loc":{"start":{"line":67,"column":4},"end":{"line":70,"column":null}},"type":"if","locations":[{"start":{"line":67,"column":4},"end":{"line":70,"column":null}},{"start":{},"end":{}}]}},"s":{"0":0,"1":0,"2":0,"3":0,"4":0,"5":0,"6":0,"7":0,"8":0,"9":0,"10":0,"11":0,"12":0,"13":0,"14":0,"15":0,"16":0,"17":0,"18":0,"19":0,"20":0,"21":0,"22":0,"23":0,"24":0,"25":0,"26":0,"27":0,"28":0,"29":0,"30":0},"f":{"0":0,"1":0,"2":0,"3":0,"4":0,"5":0,"6":0,"7":0},"b":{"0":[0,0],"1":[0,0]}}
,"/Users/mohammed/Desktop/Cockpit/hooks/useProjects.ts": {"path":"/Users/mohammed/Desktop/Cockpit/hooks/useProjects.ts","statementMap":{"0":{"start":{"line":18,"column":27},"end":{"line":90,"column":2}},"1":{"start":{"line":19,"column":34},"end":{"line":19,"column":null}},"2":{"start":{"line":20,"column":32},"end":{"line":20,"column":null}},"3":{"start":{"line":21,"column":28},"end":{"line":21,"column":null}},"4":{"start":{"line":23,"column":2},"end":{"line":42,"column":null}},"5":{"start":{"line":24,"column":4},"end":{"line":24,"column":null}},"6":{"start":{"line":24,"column":17},"end":{"line":24,"column":null}},"7":{"start":{"line":26,"column":25},"end":{"line":39,"column":null}},"8":{"start":{"line":27,"column":6},"end":{"line":27,"column":null}},"9":{"start":{"line":28,"column":6},"end":{"line":38,"column":null}},"10":{"start":{"line":29,"column":21},"end":{"line":29,"column":null}},"11":{"start":{"line":30,"column":8},"end":{"line":33,"column":null}},"12":{"start":{"line":31,"column":10},"end":{"line":31,"column":null}},"13":{"start":{"line":32,"column":10},"end":{"line":32,"column":null}},"14":{"start":{"line":35,"column":8},"end":{"line":35,"column":null}},"15":{"start":{"line":37,"column":8},"end":{"line":37,"column":null}},"16":{"start":{"line":41,"column":4},"end":{"line":41,"column":null}},"17":{"start":{"line":44,"column":2},"end":{"line":52,"column":null}},"18":{"start":{"line":45,"column":4},"end":{"line":45,"column":null}},"19":{"start":{"line":45,"column":42},"end":{"line":45,"column":null}},"20":{"start":{"line":47,"column":24},"end":{"line":49,"column":null}},"21":{"start":{"line":48,"column":6},"end":{"line":48,"column":null}},"22":{"start":{"line":51,"column":4},"end":{"line":51,"column":null}},"23":{"start":{"line":51,"column":17},"end":{"line":51,"column":null}},"24":{"start":{"line":54,"column":21},"end":{"line":57,"column":null}},"25":{"start":{"line":55,"column":4},"end":{"line":55,"column":null}},"26":{"start":{"line":55,"column":24},"end":{"line":55,"column":null}},"27":{"start":{"line":56,"column":4},"end":{"line":56,"column":null}},"28":{"start":{"line":59,"column":24},"end":{"line":64,"column":null}},"29":{"start":{"line":60,"column":4},"end":{"line":61,"column":null}},"30":{"start":{"line":61,"column":6},"end":{"line":61,"column":null}},"31":{"start":{"line":61,"column":21},"end":{"line":61,"column":null}},"32":{"start":{"line":63,"column":4},"end":{"line":63,"column":null}},"33":{"start":{"line":66,"column":24},"end":{"line":69,"column":null}},"34":{"start":{"line":67,"column":4},"end":{"line":67,"column":null}},"35":{"start":{"line":67,"column":24},"end":{"line":67,"column":null}},"36":{"start":{"line":67,"column":41},"end":{"line":67,"column":null}},"37":{"start":{"line":68,"column":4},"end":{"line":68,"column":null}},"38":{"start":{"line":71,"column":23},"end":{"line":87,"column":null}},"39":{"start":{"line":72,"column":4},"end":{"line":75,"column":null}},"40":{"start":{"line":73,"column":6},"end":{"line":73,"column":null}},"41":{"start":{"line":74,"column":6},"end":{"line":74,"column":null}},"42":{"start":{"line":76,"column":4},"end":{"line":76,"column":null}},"43":{"start":{"line":77,"column":4},"end":{"line":86,"column":null}},"44":{"start":{"line":78,"column":6},"end":{"line":78,"column":null}},"45":{"start":{"line":79,"column":6},"end":{"line":79,"column":null}},"46":{"start":{"line":81,"column":22},"end":{"line":81,"column":null}},"47":{"start":{"line":82,"column":6},"end":{"line":82,"column":null}},"48":{"start":{"line":83,"column":6},"end":{"line":83,"column":null}},"49":{"start":{"line":85,"column":6},"end":{"line":85,"column":null}},"50":{"start":{"line":89,"column":2},"end":{"line":89,"column":null}}},"fnMap":{"0":{"name":"(anonymous_0)","decl":{"start":{"line":18,"column":27},"end":{"line":18,"column":28}},"loc":{"start":{"line":18,"column":51},"end":{"line":90,"column":2}}},"1":{"name":"(anonymous_1)","decl":{"start":{"line":23,"column":12},"end":{"line":23,"column":null}},"loc":{"start":{"line":23,"column":12},"end":{"line":42,"column":5}}},"2":{"name":"(anonymous_2)","decl":{"start":{"line":26,"column":25},"end":{"line":26,"column":null}},"loc":{"start":{"line":26,"column":25},"end":{"line":39,"column":null}}},"3":{"name":"(anonymous_3)","decl":{"start":{"line":44,"column":12},"end":{"line":44,"column":null}},"loc":{"start":{"line":44,"column":12},"end":{"line":52,"column":5}}},"4":{"name":"(anonymous_4)","decl":{"start":{"line":47,"column":35},"end":{"line":47,"column":null}},"loc":{"start":{"line":47,"column":35},"end":{"line":49,"column":7}}},"5":{"name":"(anonymous_5)","decl":{"start":{"line":51,"column":11},"end":{"line":51,"column":17}},"loc":{"start":{"line":51,"column":17},"end":{"line":51,"column":null}}},"6":{"name":"(anonymous_6)","decl":{"start":{"line":54,"column":33},"end":{"line":54,"column":34}},"loc":{"start":{"line":54,"column":34},"end":{"line":57,"column":5}}},"7":{"name":"(anonymous_7)","decl":{"start":{"line":55,"column":16},"end":{"line":55,"column":24}},"loc":{"start":{"line":55,"column":24},"end":{"line":55,"column":null}}},"8":{"name":"(anonymous_8)","decl":{"start":{"line":59,"column":36},"end":{"line":59,"column":37}},"loc":{"start":{"line":59,"column":51},"end":{"line":64,"column":5}}},"9":{"name":"(anonymous_9)","decl":{"start":{"line":60,"column":16},"end":{"line":60,"column":null}},"loc":{"start":{"line":61,"column":6},"end":{"line":61,"column":null}}},"10":{"name":"(anonymous_10)","decl":{"start":{"line":61,"column":15},"end":{"line":61,"column":21}},"loc":{"start":{"line":61,"column":21},"end":{"line":61,"column":null}}},"11":{"name":"(anonymous_11)","decl":{"start":{"line":66,"column":36},"end":{"line":66,"column":37}},"loc":{"start":{"line":66,"column":37},"end":{"line":69,"column":5}}},"12":{"name":"(anonymous_12)","decl":{"start":{"line":67,"column":16},"end":{"line":67,"column":24}},"loc":{"start":{"line":67,"column":24},"end":{"line":67,"column":null}}},"13":{"name":"(anonymous_13)","decl":{"start":{"line":67,"column":36},"end":{"line":67,"column":41}},"loc":{"start":{"line":67,"column":41},"end":{"line":67,"column":null}}},"14":{"name":"(anonymous_14)","decl":{"start":{"line":71,"column":35},"end":{"line":71,"column":null}},"loc":{"start":{"line":71,"column":35},"end":{"line":87,"column":5}}}},"branchMap":{"0":{"loc":{"start":{"line":24,"column":4},"end":{"line":24,"column":null}},"type":"if","locations":[{"start":{"line":24,"column":4},"end":{"line":24,"column":null}},{"start":{},"end":{}}]},"1":{"loc":{"start":{"line":30,"column":8},"end":{"line":33,"column":null}},"type":"if","locations":[{"start":{"line":30,"column":8},"end":{"line":33,"column":null}},{"start":{},"end":{}}]},"2":{"loc":{"start":{"line":35,"column":17},"end":{"line":35,"column":null}},"type":"cond-expr","locations":[{"start":{"line":35,"column":40},"end":{"line":35,"column":51}},{"start":{"line":35,"column":54},"end":{"line":35,"column":null}}]},"3":{"loc":{"start":{"line":45,"column":4},"end":{"line":45,"column":null}},"type":"if","locations":[{"start":{"line":45,"column":4},"end":{"line":45,"column":null}},{"start":{},"end":{}}]},"4":{"loc":{"start":{"line":45,"column":8},"end":{"line":45,"column":42}},"type":"binary-expr","locations":[{"start":{"line":45,"column":8},"end":{"line":45,"column":19}},{"start":{"line":45,"column":19},"end":{"line":45,"column":42}}]},"5":{"loc":{"start":{"line":61,"column":21},"end":{"line":61,"column":null}},"type":"cond-expr","locations":[{"start":{"line":61,"column":39},"end":{"line":61,"column":62}},{"start":{"line":61,"column":62},"end":{"line":61,"column":null}}]},"6":{"loc":{"start":{"line":72,"column":4},"end":{"line":75,"column":null}},"type":"if","locations":[{"start":{"line":72,"column":4},"end":{"line":75,"column":null}},{"start":{},"end":{}}]},"7":{"loc":{"start":{"line":81,"column":22},"end":{"line":81,"column":null}},"type":"cond-expr","locations":[{"start":{"line":81,"column":45},"end":{"line":81,"column":56}},{"start":{"line":81,"column":59},"end":{"line":81,"column":null}}]}},"s":{"0":0,"1":0,"2":0,"3":0,"4":0,"5":0,"6":0,"7":0,"8":0,"9":0,"10":0,"11":0,"12":0,"13":0,"14":0,"15":0,"16":0,"17":0,"18":0,"19":0,"20":0,"21":0,"22":0,"23":0,"24":0,"25":0,"26":0,"27":0,"28":0,"29":0,"30":0,"31":0,"32":0,"33":0,"34":0,"35":0,"36":0,"37":0,"38":0,"39":0,"40":0,"41":0,"42":0,"43":0,"44":0,"45":0,"46":0,"47":0,"48":0,"49":0,"50":0},"f":{"0":0,"1":0,"2":0,"3":0,"4":0,"5":0,"6":0,"7":0,"8":0,"9":0,"10":0,"11":0,"12":0,"13":0,"14":0},"b":{"0":[0,0],"1":[0,0],"2":[0,0],"3":[0,0],"4":[0,0],"5":[0,0],"6":[0,0],"7":[0,0]}}
,"/Users/mohammed/Desktop/Cockpit/hooks/useTasks.ts": {"path":"/Users/mohammed/Desktop/Cockpit/hooks/useTasks.ts","statementMap":{"0":{"start":{"line":19,"column":24},"end":{"line":97,"column":2}},"1":{"start":{"line":20,"column":28},"end":{"line":20,"column":null}},"2":{"start":{"line":21,"column":32},"end":{"line":21,"column":null}},"3":{"start":{"line":22,"column":28},"end":{"line":22,"column":null}},"4":{"start":{"line":25,"column":2},"end":{"line":44,"column":null}},"5":{"start":{"line":26,"column":4},"end":{"line":26,"column":null}},"6":{"start":{"line":26,"column":17},"end":{"line":26,"column":null}},"7":{"start":{"line":28,"column":22},"end":{"line":41,"column":null}},"8":{"start":{"line":29,"column":6},"end":{"line":29,"column":null}},"9":{"start":{"line":30,"column":6},"end":{"line":40,"column":null}},"10":{"start":{"line":31,"column":21},"end":{"line":31,"column":null}},"11":{"start":{"line":32,"column":8},"end":{"line":35,"column":null}},"12":{"start":{"line":33,"column":10},"end":{"line":33,"column":null}},"13":{"start":{"line":34,"column":10},"end":{"line":34,"column":null}},"14":{"start":{"line":37,"column":8},"end":{"line":37,"column":null}},"15":{"start":{"line":39,"column":8},"end":{"line":39,"column":null}},"16":{"start":{"line":43,"column":4},"end":{"line":43,"column":null}},"17":{"start":{"line":47,"column":2},"end":{"line":55,"column":null}},"18":{"start":{"line":48,"column":4},"end":{"line":48,"column":null}},"19":{"start":{"line":48,"column":39},"end":{"line":48,"column":null}},"20":{"start":{"line":50,"column":24},"end":{"line":52,"column":13}},"21":{"start":{"line":51,"column":6},"end":{"line":51,"column":null}},"22":{"start":{"line":54,"column":4},"end":{"line":54,"column":null}},"23":{"start":{"line":54,"column":17},"end":{"line":54,"column":null}},"24":{"start":{"line":57,"column":18},"end":{"line":60,"column":null}},"25":{"start":{"line":58,"column":4},"end":{"line":58,"column":null}},"26":{"start":{"line":58,"column":21},"end":{"line":58,"column":null}},"27":{"start":{"line":59,"column":4},"end":{"line":59,"column":null}},"28":{"start":{"line":62,"column":21},"end":{"line":67,"column":null}},"29":{"start":{"line":63,"column":4},"end":{"line":64,"column":null}},"30":{"start":{"line":64,"column":6},"end":{"line":64,"column":null}},"31":{"start":{"line":64,"column":24},"end":{"line":64,"column":null}},"32":{"start":{"line":66,"column":4},"end":{"line":66,"column":null}},"33":{"start":{"line":69,"column":21},"end":{"line":72,"column":null}},"34":{"start":{"line":70,"column":4},"end":{"line":70,"column":null}},"35":{"start":{"line":70,"column":21},"end":{"line":70,"column":null}},"36":{"start":{"line":70,"column":41},"end":{"line":70,"column":null}},"37":{"start":{"line":71,"column":4},"end":{"line":71,"column":null}},"38":{"start":{"line":74,"column":23},"end":{"line":76,"column":null}},"39":{"start":{"line":75,"column":4},"end":{"line":75,"column":null}},"40":{"start":{"line":78,"column":20},"end":{"line":94,"column":null}},"41":{"start":{"line":79,"column":4},"end":{"line":82,"column":null}},"42":{"start":{"line":80,"column":6},"end":{"line":80,"column":null}},"43":{"start":{"line":81,"column":6},"end":{"line":81,"column":null}},"44":{"start":{"line":83,"column":4},"end":{"line":83,"column":null}},"45":{"start":{"line":84,"column":4},"end":{"line":93,"column":null}},"46":{"start":{"line":85,"column":6},"end":{"line":85,"column":null}},"47":{"start":{"line":86,"column":6},"end":{"line":86,"column":null}},"48":{"start":{"line":88,"column":22},"end":{"line":88,"column":null}},"49":{"start":{"line":89,"column":6},"end":{"line":89,"column":null}},"50":{"start":{"line":90,"column":6},"end":{"line":90,"column":null}},"51":{"start":{"line":92,"column":6},"end":{"line":92,"column":null}},"52":{"start":{"line":96,"column":2},"end":{"line":96,"column":null}}},"fnMap":{"0":{"name":"(anonymous_0)","decl":{"start":{"line":19,"column":24},"end":{"line":19,"column":25}},"loc":{"start":{"line":19,"column":48},"end":{"line":97,"column":2}}},"1":{"name":"(anonymous_1)","decl":{"start":{"line":25,"column":12},"end":{"line":25,"column":null}},"loc":{"start":{"line":25,"column":12},"end":{"line":44,"column":5}}},"2":{"name":"(anonymous_2)","decl":{"start":{"line":28,"column":22},"end":{"line":28,"column":null}},"loc":{"start":{"line":28,"column":22},"end":{"line":41,"column":null}}},"3":{"name":"(anonymous_3)","decl":{"start":{"line":47,"column":12},"end":{"line":47,"column":null}},"loc":{"start":{"line":47,"column":12},"end":{"line":55,"column":5}}},"4":{"name":"(anonymous_4)","decl":{"start":{"line":50,"column":35},"end":{"line":50,"column":null}},"loc":{"start":{"line":50,"column":35},"end":{"line":52,"column":7}}},"5":{"name":"(anonymous_5)","decl":{"start":{"line":54,"column":11},"end":{"line":54,"column":17}},"loc":{"start":{"line":54,"column":17},"end":{"line":54,"column":null}}},"6":{"name":"(anonymous_6)","decl":{"start":{"line":57,"column":30},"end":{"line":57,"column":31}},"loc":{"start":{"line":57,"column":31},"end":{"line":60,"column":5}}},"7":{"name":"(anonymous_7)","decl":{"start":{"line":58,"column":13},"end":{"line":58,"column":21}},"loc":{"start":{"line":58,"column":21},"end":{"line":58,"column":null}}},"8":{"name":"(anonymous_8)","decl":{"start":{"line":62,"column":33},"end":{"line":62,"column":34}},"loc":{"start":{"line":62,"column":46},"end":{"line":67,"column":5}}},"9":{"name":"(anonymous_9)","decl":{"start":{"line":63,"column":13},"end":{"line":63,"column":null}},"loc":{"start":{"line":64,"column":6},"end":{"line":64,"column":null}}},"10":{"name":"(anonymous_10)","decl":{"start":{"line":64,"column":15},"end":{"line":64,"column":24}},"loc":{"start":{"line":64,"column":24},"end":{"line":64,"column":null}}},"11":{"name":"(anonymous_11)","decl":{"start":{"line":69,"column":33},"end":{"line":69,"column":34}},"loc":{"start":{"line":69,"column":34},"end":{"line":72,"column":5}}},"12":{"name":"(anonymous_12)","decl":{"start":{"line":70,"column":13},"end":{"line":70,"column":21}},"loc":{"start":{"line":70,"column":21},"end":{"line":70,"column":null}}},"13":{"name":"(anonymous_13)","decl":{"start":{"line":70,"column":33},"end":{"line":70,"column":41}},"loc":{"start":{"line":70,"column":41},"end":{"line":70,"column":null}}},"14":{"name":"(anonymous_14)","decl":{"start":{"line":74,"column":35},"end":{"line":74,"column":36}},"loc":{"start":{"line":74,"column":36},"end":{"line":76,"column":5}}},"15":{"name":"(anonymous_15)","decl":{"start":{"line":78,"column":32},"end":{"line":78,"column":null}},"loc":{"start":{"line":78,"column":32},"end":{"line":94,"column":5}}}},"branchMap":{"0":{"loc":{"start":{"line":26,"column":4},"end":{"line":26,"column":null}},"type":"if","locations":[{"start":{"line":26,"column":4},"end":{"line":26,"column":null}},{"start":{},"end":{}}]},"1":{"loc":{"start":{"line":32,"column":8},"end":{"line":35,"column":null}},"type":"if","locations":[{"start":{"line":32,"column":8},"end":{"line":35,"column":null}},{"start":{},"end":{}}]},"2":{"loc":{"start":{"line":37,"column":17},"end":{"line":37,"column":null}},"type":"cond-expr","locations":[{"start":{"line":37,"column":40},"end":{"line":37,"column":51}},{"start":{"line":37,"column":54},"end":{"line":37,"column":null}}]},"3":{"loc":{"start":{"line":48,"column":4},"end":{"line":48,"column":null}},"type":"if","locations":[{"start":{"line":48,"column":4},"end":{"line":48,"column":null}},{"start":{},"end":{}}]},"4":{"loc":{"start":{"line":48,"column":8},"end":{"line":48,"column":39}},"type":"binary-expr","locations":[{"start":{"line":48,"column":8},"end":{"line":48,"column":19}},{"start":{"line":48,"column":19},"end":{"line":48,"column":39}}]},"5":{"loc":{"start":{"line":64,"column":24},"end":{"line":64,"column":null}},"type":"cond-expr","locations":[{"start":{"line":64,"column":41},"end":{"line":64,"column":67}},{"start":{"line":64,"column":67},"end":{"line":64,"column":null}}]},"6":{"loc":{"start":{"line":79,"column":4},"end":{"line":82,"column":null}},"type":"if","locations":[{"start":{"line":79,"column":4},"end":{"line":82,"column":null}},{"start":{},"end":{}}]},"7":{"loc":{"start":{"line":88,"column":22},"end":{"line":88,"column":null}},"type":"cond-expr","locations":[{"start":{"line":88,"column":45},"end":{"line":88,"column":56}},{"start":{"line":88,"column":59},"end":{"line":88,"column":null}}]}},"s":{"0":0,"1":0,"2":0,"3":0,"4":0,"5":0,"6":0,"7":0,"8":0,"9":0,"10":0,"11":0,"12":0,"13":0,"14":0,"15":0,"16":0,"17":0,"18":0,"19":0,"20":0,"21":0,"22":0,"23":0,"24":0,"25":0,"26":0,"27":0,"28":0,"29":0,"30":0,"31":0,"32":0,"33":0,"34":0,"35":0,"36":0,"37":0,"38":0,"39":0,"40":0,"41":0,"42":0,"43":0,"44":0,"45":0,"46":0,"47":0,"48":0,"49":0,"50":0,"51":0,"52":0},"f":{"0":0,"1":0,"2":0,"3":0,"4":0,"5":0,"6":0,"7":0,"8":0,"9":0,"10":0,"11":0,"12":0,"13":0,"14":0,"15":0},"b":{"0":[0,0],"1":[0,0],"2":[0,0],"3":[0,0],"4":[0,0],"5":[0,0],"6":[0,0],"7":[0,0]}}
,"/Users/mohammed/Desktop/Cockpit/lib/accessibility.ts": {"path":"/Users/mohammed/Desktop/Cockpit/lib/accessibility.ts","statementMap":{"0":{"start":{"line":11,"column":40},"end":{"line":16,"column":4}},"1":{"start":{"line":18,"column":45},"end":{"line":18,"column":50}},"2":{"start":{"line":21,"column":4},"end":{"line":21,"column":null}},"3":{"start":{"line":22,"column":4},"end":{"line":22,"column":null}},"4":{"start":{"line":23,"column":4},"end":{"line":23,"column":null}},"5":{"start":{"line":24,"column":4},"end":{"line":24,"column":null}},"6":{"start":{"line":29,"column":4},"end":{"line":29,"column":null}},"7":{"start":{"line":30,"column":4},"end":{"line":30,"column":null}},"8":{"start":{"line":31,"column":4},"end":{"line":31,"column":null}},"9":{"start":{"line":32,"column":4},"end":{"line":32,"column":null}},"10":{"start":{"line":33,"column":4},"end":{"line":33,"column":null}},"11":{"start":{"line":34,"column":4},"end":{"line":34,"column":null}},"12":{"start":{"line":35,"column":4},"end":{"line":35,"column":null}},"13":{"start":{"line":36,"column":4},"end":{"line":36,"column":null}},"14":{"start":{"line":37,"column":4},"end":{"line":37,"column":null}},"15":{"start":{"line":41,"column":4},"end":{"line":41,"column":null}},"16":{"start":{"line":41,"column":57},"end":{"line":41,"column":null}},"17":{"start":{"line":43,"column":4},"end":{"line":43,"column":null}},"18":{"start":{"line":44,"column":4},"end":{"line":44,"column":null}},"19":{"start":{"line":45,"column":4},"end":{"line":45,"column":null}},"20":{"start":{"line":50,"column":23},"end":{"line":50,"column":null}},"21":{"start":{"line":51,"column":4},"end":{"line":55,"column":null}},"22":{"start":{"line":52,"column":6},"end":{"line":52,"column":null}},"23":{"start":{"line":53,"column":6},"end":{"line":53,"column":null}},"24":{"start":{"line":54,"column":6},"end":{"line":54,"column":null}},"25":{"start":{"line":58,"column":4},"end":{"line":61,"column":null}},"26":{"start":{"line":59,"column":6},"end":{"line":59,"column":null}},"27":{"start":{"line":60,"column":6},"end":{"line":60,"column":null}},"28":{"start":{"line":65,"column":17},"end":{"line":65,"column":41}},"29":{"start":{"line":66,"column":4},"end":{"line":70,"column":null}},"30":{"start":{"line":67,"column":6},"end":{"line":67,"column":null}},"31":{"start":{"line":69,"column":6},"end":{"line":69,"column":null}},"32":{"start":{"line":74,"column":4},"end":{"line":74,"column":null}},"33":{"start":{"line":75,"column":17},"end":{"line":75,"column":41}},"34":{"start":{"line":76,"column":4},"end":{"line":80,"column":null}},"35":{"start":{"line":77,"column":6},"end":{"line":77,"column":null}},"36":{"start":{"line":79,"column":6},"end":{"line":79,"column":null}},"37":{"start":{"line":81,"column":4},"end":{"line":81,"column":null}},"38":{"start":{"line":85,"column":4},"end":{"line":85,"column":null}},"39":{"start":{"line":86,"column":4},"end":{"line":86,"column":null}},"40":{"start":{"line":90,"column":4},"end":{"line":90,"column":null}},"41":{"start":{"line":91,"column":17},"end":{"line":91,"column":41}},"42":{"start":{"line":92,"column":4},"end":{"line":96,"column":null}},"43":{"start":{"line":93,"column":6},"end":{"line":93,"column":null}},"44":{"start":{"line":95,"column":6},"end":{"line":95,"column":null}},"45":{"start":{"line":97,"column":4},"end":{"line":97,"column":null}},"46":{"start":{"line":102,"column":4},"end":{"line":105,"column":null}},"47":{"start":{"line":103,"column":6},"end":{"line":103,"column":null}},"48":{"start":{"line":104,"column":6},"end":{"line":104,"column":null}},"49":{"start":{"line":109,"column":30},"end":{"line":109,"column":null}},"50":{"start":{"line":110,"column":4},"end":{"line":110,"column":null}},"51":{"start":{"line":115,"column":17},"end":{"line":115,"column":null}},"52":{"start":{"line":116,"column":4},"end":{"line":116,"column":null}},"53":{"start":{"line":117,"column":4},"end":{"line":117,"column":null}},"54":{"start":{"line":118,"column":4},"end":{"line":118,"column":null}},"55":{"start":{"line":119,"column":4},"end":{"line":119,"column":null}},"56":{"start":{"line":120,"column":4},"end":{"line":120,"column":null}},"57":{"start":{"line":121,"column":4},"end":{"line":123,"column":null}},"58":{"start":{"line":122,"column":6},"end":{"line":122,"column":null}},"59":{"start":{"line":124,"column":4},"end":{"line":126,"column":null}},"60":{"start":{"line":125,"column":6},"end":{"line":125,"column":null}},"61":{"start":{"line":127,"column":4},"end":{"line":127,"column":null}},"62":{"start":{"line":128,"column":4},"end":{"line":128,"column":null}},"63":{"start":{"line":129,"column":4},"end":{"line":129,"column":null}},"64":{"start":{"line":134,"column":4},"end":{"line":134,"column":null}},"65":{"start":{"line":135,"column":4},"end":{"line":137,"column":null}},"66":{"start":{"line":136,"column":6},"end":{"line":136,"column":null}},"67":{"start":{"line":138,"column":4},"end":{"line":138,"column":null}},"68":{"start":{"line":142,"column":4},"end":{"line":142,"column":null}},"69":{"start":{"line":147,"column":57},"end":{"line":147,"column":null}},"70":{"start":{"line":149,"column":39},"end":{"line":154,"column":2}},"71":{"start":{"line":150,"column":2},"end":{"line":152,"column":null}},"72":{"start":{"line":151,"column":4},"end":{"line":151,"column":null}},"73":{"start":{"line":153,"column":2},"end":{"line":153,"column":null}},"74":{"start":{"line":156,"column":32},"end":{"line":156,"column":89}},"75":{"start":{"line":156,"column":38},"end":{"line":156,"column":89}}},"fnMap":{"0":{"name":"(anonymous_0)","decl":{"start":{"line":20,"column":2},"end":{"line":20,"column":14}},"loc":{"start":{"line":20,"column":51},"end":{"line":25,"column":null}}},"1":{"name":"(anonymous_1)","decl":{"start":{"line":27,"column":10},"end":{"line":27,"column":32}},"loc":{"start":{"line":27,"column":32},"end":{"line":38,"column":null}}},"2":{"name":"(anonymous_2)","decl":{"start":{"line":40,"column":2},"end":{"line":40,"column":11}},"loc":{"start":{"line":40,"column":73},"end":{"line":46,"column":null}}},"3":{"name":"(anonymous_3)","decl":{"start":{"line":48,"column":10},"end":{"line":48,"column":30}},"loc":{"start":{"line":48,"column":30},"end":{"line":62,"column":null}}},"4":{"name":"(anonymous_4)","decl":{"start":{"line":51,"column":42},"end":{"line":51,"column":43}},"loc":{"start":{"line":51,"column":43},"end":{"line":55,"column":null}}},"5":{"name":"(anonymous_5)","decl":{"start":{"line":64,"column":10},"end":{"line":64,"column":31}},"loc":{"start":{"line":64,"column":31},"end":{"line":71,"column":null}}},"6":{"name":"(anonymous_6)","decl":{"start":{"line":73,"column":2},"end":{"line":73,"column":18}},"loc":{"start":{"line":73,"column":36},"end":{"line":82,"column":null}}},"7":{"name":"(anonymous_7)","decl":{"start":{"line":84,"column":2},"end":{"line":84,"column":18}},"loc":{"start":{"line":84,"column":36},"end":{"line":87,"column":null}}},"8":{"name":"(anonymous_8)","decl":{"start":{"line":89,"column":2},"end":{"line":89,"column":18}},"loc":{"start":{"line":89,"column":36},"end":{"line":98,"column":null}}},"9":{"name":"(anonymous_9)","decl":{"start":{"line":101,"column":2},"end":{"line":101,"column":24}},"loc":{"start":{"line":101,"column":46},"end":{"line":106,"column":null}}},"10":{"name":"(anonymous_10)","decl":{"start":{"line":108,"column":10},"end":{"line":108,"column":38}},"loc":{"start":{"line":108,"column":69},"end":{"line":111,"column":null}}},"11":{"name":"(anonymous_11)","decl":{"start":{"line":114,"column":2},"end":{"line":114,"column":17}},"loc":{"start":{"line":114,"column":100},"end":{"line":130,"column":null}}},"12":{"name":"(anonymous_12)","decl":{"start":{"line":121,"column":35},"end":{"line":121,"column":null}},"loc":{"start":{"line":121,"column":35},"end":{"line":123,"column":null}}},"13":{"name":"(anonymous_13)","decl":{"start":{"line":124,"column":34},"end":{"line":124,"column":null}},"loc":{"start":{"line":124,"column":34},"end":{"line":126,"column":null}}},"14":{"name":"(anonymous_14)","decl":{"start":{"line":133,"column":2},"end":{"line":133,"column":15}},"loc":{"start":{"line":133,"column":56},"end":{"line":139,"column":null}}},"15":{"name":"(anonymous_15)","decl":{"start":{"line":141,"column":2},"end":{"line":141,"column":35}},"loc":{"start":{"line":141,"column":35},"end":{"line":143,"column":null}}},"16":{"name":"(anonymous_16)","decl":{"start":{"line":149,"column":39},"end":{"line":149,"column":40}},"loc":{"start":{"line":149,"column":40},"end":{"line":154,"column":2}}},"17":{"name":"(anonymous_17)","decl":{"start":{"line":156,"column":32},"end":{"line":156,"column":38}},"loc":{"start":{"line":156,"column":38},"end":{"line":156,"column":89}}}},"branchMap":{"0":{"loc":{"start":{"line":40,"column":28},"end":{"line":40,"column":71}},"type":"default-arg","locations":[{"start":{"line":40,"column":63},"end":{"line":40,"column":71}}]},"1":{"loc":{"start":{"line":41,"column":4},"end":{"line":41,"column":null}},"type":"if","locations":[{"start":{"line":41,"column":4},"end":{"line":41,"column":null}},{"start":{},"end":{}}]},"2":{"loc":{"start":{"line":41,"column":8},"end":{"line":41,"column":55}},"type":"binary-expr","locations":[{"start":{"line":41,"column":8},"end":{"line":41,"column":36}},{"start":{"line":41,"column":40},"end":{"line":41,"column":55}}]},"3":{"loc":{"start":{"line":58,"column":4},"end":{"line":61,"column":null}},"type":"if","locations":[{"start":{"line":58,"column":4},"end":{"line":61,"column":null}},{"start":{},"end":{}}]},"4":{"loc":{"start":{"line":66,"column":4},"end":{"line":70,"column":null}},"type":"if","locations":[{"start":{"line":66,"column":4},"end":{"line":70,"column":null}},{"start":{"line":68,"column":11},"end":{"line":70,"column":null}}]},"5":{"loc":{"start":{"line":76,"column":4},"end":{"line":80,"column":null}},"type":"if","locations":[{"start":{"line":76,"column":4},"end":{"line":80,"column":null}},{"start":{"line":78,"column":11},"end":{"line":80,"column":null}}]},"6":{"loc":{"start":{"line":92,"column":4},"end":{"line":96,"column":null}},"type":"if","locations":[{"start":{"line":92,"column":4},"end":{"line":96,"column":null}},{"start":{"line":94,"column":11},"end":{"line":96,"column":null}}]},"7":{"loc":{"start":{"line":102,"column":4},"end":{"line":105,"column":null}},"type":"if","locations":[{"start":{"line":102,"column":4},"end":{"line":105,"column":null}},{"start":{},"end":{}}]},"8":{"loc":{"start":{"line":102,"column":8},"end":{"line":102,"column":89}},"type":"binary-expr","locations":[{"start":{"line":102,"column":8},"end":{"line":102,"column":45}},{"start":{"line":102,"column":45},"end":{"line":102,"column":89}}]},"9":{"loc":{"start":{"line":114,"column":41},"end":{"line":114,"column":79}},"type":"default-arg","locations":[{"start":{"line":114,"column":57},"end":{"line":114,"column":79}}]},"10":{"loc":{"start":{"line":135,"column":4},"end":{"line":137,"column":null}},"type":"if","locations":[{"start":{"line":135,"column":4},"end":{"line":137,"column":null}},{"start":{},"end":{}}]},"11":{"loc":{"start":{"line":150,"column":2},"end":{"line":152,"column":null}},"type":"if","locations":[{"start":{"line":150,"column":2},"end":{"line":152,"column":null}},{"start":{},"end":{}}]},"12":{"loc":{"start":{"line":156,"column":38},"end":{"line":156,"column":89}},"type":"binary-expr","locations":[{"start":{"line":156,"column":38},"end":{"line":156,"column":63}},{"start":{"line":156,"column":63},"end":{"line":156,"column":89}}]}},"s":{"0":0,"1":0,"2":0,"3":0,"4":0,"5":0,"6":0,"7":0,"8":0,"9":0,"10":0,"11":0,"12":0,"13":0,"14":0,"15":0,"16":0,"17":0,"18":0,"19":0,"20":0,"21":0,"22":0,"23":0,"24":0,"25":0,"26":0,"27":0,"28":0,"29":0,"30":0,"31":0,"32":0,"33":0,"34":0,"35":0,"36":0,"37":0,"38":0,"39":0,"40":0,"41":0,"42":0,"43":0,"44":0,"45":0,"46":0,"47":0,"48":0,"49":0,"50":0,"51":0,"52":0,"53":0,"54":0,"55":0,"56":0,"57":0,"58":0,"59":0,"60":0,"61":0,"62":0,"63":0,"64":0,"65":0,"66":0,"67":0,"68":0,"69":0,"70":0,"71":0,"72":0,"73":0,"74":0,"75":0},"f":{"0":0,"1":0,"2":0,"3":0,"4":0,"5":0,"6":0,"7":0,"8":0,"9":0,"10":0,"11":0,"12":0,"13":0,"14":0,"15":0,"16":0,"17":0},"b":{"0":[0],"1":[0,0],"2":[0,0],"3":[0,0],"4":[0,0],"5":[0,0],"6":[0,0],"7":[0,0],"8":[0,0],"9":[0],"10":[0,0],"11":[0,0],"12":[0,0]}}
,"/Users/mohammed/Desktop/Cockpit/lib/constants.ts": {"path":"/Users/mohammed/Desktop/Cockpit/lib/constants.ts","statementMap":{"0":{"start":{"line":2,"column":28},"end":{"line":13,"column":11}},"1":{"start":{"line":15,"column":30},"end":{"line":28,"column":11}},"2":{"start":{"line":16,"column":28},"end":{"line":16,"column":45}},"3":{"start":{"line":17,"column":29},"end":{"line":17,"column":52}},"4":{"start":{"line":18,"column":32},"end":{"line":18,"column":58}},"5":{"start":{"line":19,"column":32},"end":{"line":19,"column":58}},"6":{"start":{"line":20,"column":29},"end":{"line":20,"column":52}},"7":{"start":{"line":21,"column":31},"end":{"line":21,"column":56}},"8":{"start":{"line":22,"column":29},"end":{"line":22,"column":52}},"9":{"start":{"line":23,"column":33},"end":{"line":23,"column":60}},"10":{"start":{"line":24,"column":28},"end":{"line":24,"column":50}},"11":{"start":{"line":25,"column":30},"end":{"line":25,"column":54}},"12":{"start":{"line":26,"column":32},"end":{"line":26,"column":58}},"13":{"start":{"line":27,"column":28},"end":{"line":27,"column":50}},"14":{"start":{"line":31,"column":27},"end":{"line":31,"column":31}},"15":{"start":{"line":32,"column":33},"end":{"line":32,"column":35}},"16":{"start":{"line":33,"column":33},"end":{"line":33,"column":37}},"17":{"start":{"line":34,"column":37},"end":{"line":34,"column":40}},"18":{"start":{"line":37,"column":29},"end":{"line":41,"column":11}},"19":{"start":{"line":44,"column":29},"end":{"line":44,"column":64}},"20":{"start":{"line":47,"column":29},"end":{"line":47,"column":189}},"21":{"start":{"line":50,"column":29},"end":{"line":50,"column":105}},"22":{"start":{"line":53,"column":30},"end":{"line":59,"column":11}},"23":{"start":{"line":62,"column":32},"end":{"line":67,"column":11}},"24":{"start":{"line":70,"column":25},"end":{"line":74,"column":11}}},"fnMap":{"0":{"name":"(anonymous_0)","decl":{"start":{"line":16,"column":8},"end":{"line":16,"column":9}},"loc":{"start":{"line":16,"column":28},"end":{"line":16,"column":45}}},"1":{"name":"(anonymous_1)","decl":{"start":{"line":17,"column":9},"end":{"line":17,"column":10}},"loc":{"start":{"line":17,"column":29},"end":{"line":17,"column":52}}},"2":{"name":"(anonymous_2)","decl":{"start":{"line":18,"column":12},"end":{"line":18,"column":13}},"loc":{"start":{"line":18,"column":32},"end":{"line":18,"column":58}}},"3":{"name":"(anonymous_3)","decl":{"start":{"line":19,"column":12},"end":{"line":19,"column":13}},"loc":{"start":{"line":19,"column":32},"end":{"line":19,"column":58}}},"4":{"name":"(anonymous_4)","decl":{"start":{"line":20,"column":9},"end":{"line":20,"column":10}},"loc":{"start":{"line":20,"column":29},"end":{"line":20,"column":52}}},"5":{"name":"(anonymous_5)","decl":{"start":{"line":21,"column":11},"end":{"line":21,"column":12}},"loc":{"start":{"line":21,"column":31},"end":{"line":21,"column":56}}},"6":{"name":"(anonymous_6)","decl":{"start":{"line":22,"column":9},"end":{"line":22,"column":10}},"loc":{"start":{"line":22,"column":29},"end":{"line":22,"column":52}}},"7":{"name":"(anonymous_7)","decl":{"start":{"line":23,"column":13},"end":{"line":23,"column":14}},"loc":{"start":{"line":23,"column":33},"end":{"line":23,"column":60}}},"8":{"name":"(anonymous_8)","decl":{"start":{"line":24,"column":8},"end":{"line":24,"column":9}},"loc":{"start":{"line":24,"column":28},"end":{"line":24,"column":50}}},"9":{"name":"(anonymous_9)","decl":{"start":{"line":25,"column":10},"end":{"line":25,"column":11}},"loc":{"start":{"line":25,"column":30},"end":{"line":25,"column":54}}},"10":{"name":"(anonymous_10)","decl":{"start":{"line":26,"column":12},"end":{"line":26,"column":13}},"loc":{"start":{"line":26,"column":32},"end":{"line":26,"column":58}}},"11":{"name":"(anonymous_11)","decl":{"start":{"line":27,"column":8},"end":{"line":27,"column":9}},"loc":{"start":{"line":27,"column":28},"end":{"line":27,"column":50}}}},"branchMap":{},"s":{"0":0,"1":0,"2":0,"3":0,"4":0,"5":0,"6":0,"7":0,"8":0,"9":0,"10":0,"11":0,"12":0,"13":0,"14":0,"15":0,"16":0,"17":0,"18":0,"19":0,"20":0,"21":0,"22":0,"23":0,"24":0},"f":{"0":0,"1":0,"2":0,"3":0,"4":0,"5":0,"6":0,"7":0,"8":0,"9":0,"10":0,"11":0},"b":{}}
,"/Users/mohammed/Desktop/Cockpit/lib/contextArchitecture.ts": {"path":"/Users/mohammed/Desktop/Cockpit/lib/contextArchitecture.ts","statementMap":{"0":{"start":{"line":141,"column":86},"end":{"line":149,"column":2}}},"fnMap":{},"branchMap":{},"s":{"0":0},"f":{},"b":{}}
,"/Users/mohammed/Desktop/Cockpit/lib/contextAwarUI.ts": {"path":"/Users/mohammed/Desktop/Cockpit/lib/contextAwarUI.ts","statementMap":{"0":{"start":{"line":21,"column":64},"end":{"line":133,"column":null}},"1":{"start":{"line":135,"column":2},"end":{"line":135,"column":null}},"2":{"start":{"line":143,"column":2},"end":{"line":143,"column":null}},"3":{"start":{"line":143,"column":14},"end":{"line":143,"column":null}},"4":{"start":{"line":146,"column":25},"end":{"line":146,"column":null}},"5":{"start":{"line":146,"column":48},"end":{"line":146,"column":null}},"6":{"start":{"line":147,"column":23},"end":{"line":147,"column":null}},"7":{"start":{"line":147,"column":46},"end":{"line":147,"column":null}},"8":{"start":{"line":149,"column":21},"end":{"line":150,"column":null}},"9":{"start":{"line":150,"column":4},"end":{"line":150,"column":null}},"10":{"start":{"line":152,"column":2},"end":{"line":155,"column":null}}},"fnMap":{"0":{"name":"getContextAwareConfig","decl":{"start":{"line":20,"column":16},"end":{"line":20,"column":38}},"loc":{"start":{"line":20,"column":63},"end":{"line":136,"column":null}}},"1":{"name":"searchContextAware","decl":{"start":{"line":138,"column":16},"end":{"line":138,"column":null}},"loc":{"start":{"line":141,"column":64},"end":{"line":156,"column":null}}},"2":{"name":"(anonymous_2)","decl":{"start":{"line":146,"column":43},"end":{"line":146,"column":48}},"loc":{"start":{"line":146,"column":48},"end":{"line":146,"column":null}}},"3":{"name":"(anonymous_3)","decl":{"start":{"line":147,"column":41},"end":{"line":147,"column":46}},"loc":{"start":{"line":147,"column":46},"end":{"line":147,"column":null}}},"4":{"name":"(anonymous_4)","decl":{"start":{"line":149,"column":21},"end":{"line":149,"column":22}},"loc":{"start":{"line":150,"column":4},"end":{"line":150,"column":null}}}},"branchMap":{"0":{"loc":{"start":{"line":143,"column":2},"end":{"line":143,"column":null}},"type":"if","locations":[{"start":{"line":143,"column":2},"end":{"line":143,"column":null}},{"start":{},"end":{}}]}},"s":{"0":0,"1":0,"2":0,"3":0,"4":0,"5":0,"6":0,"7":0,"8":0,"9":0,"10":0},"f":{"0":0,"1":0,"2":0,"3":0,"4":0},"b":{"0":[0,0]}}
,"/Users/mohammed/Desktop/Cockpit/lib/contextTransitions.ts": {"path":"/Users/mohammed/Desktop/Cockpit/lib/contextTransitions.ts","statementMap":{"0":{"start":{"line":30,"column":14},"end":{"line":30,"column":30}},"1":{"start":{"line":31,"column":19},"end":{"line":31,"column":null}},"2":{"start":{"line":34,"column":2},"end":{"line":34,"column":null}},"3":{"start":{"line":42,"column":17},"end":{"line":42,"column":null}},"4":{"start":{"line":43,"column":20},"end":{"line":43,"column":null}},"5":{"start":{"line":45,"column":17},"end":{"line":45,"column":null}},"6":{"start":{"line":46,"column":23},"end":{"line":46,"column":null}},"7":{"start":{"line":47,"column":21},"end":{"line":47,"column":null}},"8":{"start":{"line":49,"column":25},"end":{"line":49,"column":null}},"9":{"start":{"line":50,"column":24},"end":{"line":50,"column":null}},"10":{"start":{"line":51,"column":22},"end":{"line":51,"column":null}},"11":{"start":{"line":53,"column":36},"end":{"line":82,"column":null}},"12":{"start":{"line":84,"column":2},"end":{"line":90,"column":null}},"13":{"start":{"line":95,"column":14},"end":{"line":95,"column":null}},"14":{"start":{"line":97,"column":2},"end":{"line":101,"column":null}},"15":{"start":{"line":98,"column":4},"end":{"line":100,"column":null}},"16":{"start":{"line":99,"column":6},"end":{"line":99,"column":null}},"17":{"start":{"line":104,"column":2},"end":{"line":106,"column":null}},"18":{"start":{"line":105,"column":4},"end":{"line":105,"column":null}},"19":{"start":{"line":108,"column":2},"end":{"line":108,"column":null}},"20":{"start":{"line":113,"column":14},"end":{"line":113,"column":null}},"21":{"start":{"line":114,"column":18},"end":{"line":114,"column":61}},"22":{"start":{"line":116,"column":2},"end":{"line":118,"column":null}},"23":{"start":{"line":117,"column":4},"end":{"line":117,"column":null}},"24":{"start":{"line":120,"column":2},"end":{"line":120,"column":null}},"25":{"start":{"line":125,"column":14},"end":{"line":125,"column":null}},"26":{"start":{"line":126,"column":16},"end":{"line":126,"column":30}},"27":{"start":{"line":127,"column":14},"end":{"line":127,"column":57}},"28":{"start":{"line":129,"column":2},"end":{"line":131,"column":null}},"29":{"start":{"line":130,"column":4},"end":{"line":130,"column":null}},"30":{"start":{"line":133,"column":2},"end":{"line":135,"column":null}},"31":{"start":{"line":134,"column":4},"end":{"line":134,"column":null}},"32":{"start":{"line":137,"column":16},"end":{"line":137,"column":null}},"33":{"start":{"line":138,"column":18},"end":{"line":138,"column":null}},"34":{"start":{"line":140,"column":2},"end":{"line":140,"column":null}},"35":{"start":{"line":145,"column":28},"end":{"line":145,"column":30}},"36":{"start":{"line":147,"column":2},"end":{"line":161,"column":null}},"37":{"start":{"line":148,"column":4},"end":{"line":148,"column":null}},"38":{"start":{"line":149,"column":4},"end":{"line":149,"column":null}},"39":{"start":{"line":150,"column":4},"end":{"line":150,"column":null}},"40":{"start":{"line":151,"column":9},"end":{"line":161,"column":null}},"41":{"start":{"line":152,"column":4},"end":{"line":152,"column":null}},"42":{"start":{"line":153,"column":4},"end":{"line":153,"column":null}},"43":{"start":{"line":154,"column":4},"end":{"line":154,"column":null}},"44":{"start":{"line":155,"column":9},"end":{"line":161,"column":null}},"45":{"start":{"line":156,"column":4},"end":{"line":156,"column":null}},"46":{"start":{"line":157,"column":4},"end":{"line":157,"column":null}},"47":{"start":{"line":158,"column":4},"end":{"line":158,"column":null}},"48":{"start":{"line":159,"column":9},"end":{"line":161,"column":null}},"49":{"start":{"line":160,"column":4},"end":{"line":160,"column":null}},"50":{"start":{"line":163,"column":2},"end":{"line":163,"column":null}},"51":{"start":{"line":173,"column":2},"end":{"line":180,"column":null}}},"fnMap":{"0":{"name":"getTransitionConfig","decl":{"start":{"line":25,"column":16},"end":{"line":25,"column":null}},"loc":{"start":{"line":27,"column":22},"end":{"line":35,"column":null}}},"1":{"name":"buildTransitionPlan","decl":{"start":{"line":38,"column":16},"end":{"line":38,"column":null}},"loc":{"start":{"line":40,"column":22},"end":{"line":91,"column":null}}},"2":{"name":"getCurrentPhase","decl":{"start":{"line":94,"column":16},"end":{"line":94,"column":32}},"loc":{"start":{"line":94,"column":52},"end":{"line":109,"column":null}}},"3":{"name":"getTimeRemaining","decl":{"start":{"line":112,"column":16},"end":{"line":112,"column":33}},"loc":{"start":{"line":112,"column":53},"end":{"line":121,"column":null}}},"4":{"name":"getTransitionProgress","decl":{"start":{"line":124,"column":16},"end":{"line":124,"column":38}},"loc":{"start":{"line":124,"column":58},"end":{"line":141,"column":null}}},"5":{"name":"getAutomatedActionsForPhase","decl":{"start":{"line":144,"column":16},"end":{"line":144,"column":44}},"loc":{"start":{"line":144,"column":66},"end":{"line":164,"column":null}}},"6":{"name":"setTransitionConfig","decl":{"start":{"line":167,"column":16},"end":{"line":167,"column":null}},"loc":{"start":{"line":170,"column":36},"end":{"line":181,"column":null}}}},"branchMap":{"0":{"loc":{"start":{"line":98,"column":4},"end":{"line":100,"column":null}},"type":"if","locations":[{"start":{"line":98,"column":4},"end":{"line":100,"column":null}},{"start":{},"end":{}}]},"1":{"loc":{"start":{"line":98,"column":8},"end":{"line":98,"column":53}},"type":"binary-expr","locations":[{"start":{"line":98,"column":8},"end":{"line":98,"column":30}},{"start":{"line":98,"column":34},"end":{"line":98,"column":53}}]},"2":{"loc":{"start":{"line":104,"column":2},"end":{"line":106,"column":null}},"type":"if","locations":[{"start":{"line":104,"column":2},"end":{"line":106,"column":null}},{"start":{},"end":{}}]},"3":{"loc":{"start":{"line":116,"column":2},"end":{"line":118,"column":null}},"type":"if","locations":[{"start":{"line":116,"column":2},"end":{"line":118,"column":null}},{"start":{},"end":{}}]},"4":{"loc":{"start":{"line":129,"column":2},"end":{"line":131,"column":null}},"type":"if","locations":[{"start":{"line":129,"column":2},"end":{"line":131,"column":null}},{"start":{},"end":{}}]},"5":{"loc":{"start":{"line":133,"column":2},"end":{"line":135,"column":null}},"type":"if","locations":[{"start":{"line":133,"column":2},"end":{"line":135,"column":null}},{"start":{},"end":{}}]},"6":{"loc":{"start":{"line":147,"column":2},"end":{"line":161,"column":null}},"type":"if","locations":[{"start":{"line":147,"column":2},"end":{"line":161,"column":null}},{"start":{"line":151,"column":9},"end":{"line":161,"column":null}}]},"7":{"loc":{"start":{"line":151,"column":9},"end":{"line":161,"column":null}},"type":"if","locations":[{"start":{"line":151,"column":9},"end":{"line":161,"column":null}},{"start":{"line":155,"column":9},"end":{"line":161,"column":null}}]},"8":{"loc":{"start":{"line":155,"column":9},"end":{"line":161,"column":null}},"type":"if","locations":[{"start":{"line":155,"column":9},"end":{"line":161,"column":null}},{"start":{"line":159,"column":9},"end":{"line":161,"column":null}}]},"9":{"loc":{"start":{"line":159,"column":9},"end":{"line":161,"column":null}},"type":"if","locations":[{"start":{"line":159,"column":9},"end":{"line":161,"column":null}},{"start":{},"end":{}}]},"10":{"loc":{"start":{"line":176,"column":20},"end":{"line":176,"column":null}},"type":"binary-expr","locations":[{"start":{"line":176,"column":20},"end":{"line":176,"column":41}},{"start":{"line":176,"column":45},"end":{"line":176,"column":null}}]},"11":{"loc":{"start":{"line":177,"column":14},"end":{"line":177,"column":null}},"type":"binary-expr","locations":[{"start":{"line":177,"column":14},"end":{"line":177,"column":29}},{"start":{"line":177,"column":33},"end":{"line":177,"column":null}}]},"12":{"loc":{"start":{"line":178,"column":18},"end":{"line":178,"column":null}},"type":"binary-expr","locations":[{"start":{"line":178,"column":18},"end":{"line":178,"column":37}},{"start":{"line":178,"column":41},"end":{"line":178,"column":null}}]},"13":{"loc":{"start":{"line":179,"column":22},"end":{"line":179,"column":51}},"type":"binary-expr","locations":[{"start":{"line":179,"column":22},"end":{"line":179,"column":45}},{"start":{"line":179,"column":49},"end":{"line":179,"column":51}}]}},"s":{"0":0,"1":0,"2":0,"3":0,"4":0,"5":0,"6":0,"7":0,"8":0,"9":0,"10":0,"11":0,"12":0,"13":0,"14":0,"15":0,"16":0,"17":0,"18":0,"19":0,"20":0,"21":0,"22":0,"23":0,"24":0,"25":0,"26":0,"27":0,"28":0,"29":0,"30":0,"31":0,"32":0,"33":0,"34":0,"35":0,"36":0,"37":0,"38":0,"39":0,"40":0,"41":0,"42":0,"43":0,"44":0,"45":0,"46":0,"47":0,"48":0,"49":0,"50":0,"51":0},"f":{"0":0,"1":0,"2":0,"3":0,"4":0,"5":0,"6":0},"b":{"0":[0,0],"1":[0,0],"2":[0,0],"3":[0,0],"4":[0,0],"5":[0,0],"6":[0,0],"7":[0,0],"8":[0,0],"9":[0,0],"10":[0,0],"11":[0,0],"12":[0,0],"13":[0,0]}}
,"/Users/mohammed/Desktop/Cockpit/lib/crossTabSync.ts": {"path":"/Users/mohammed/Desktop/Cockpit/lib/crossTabSync.ts","statementMap":{"0":{"start":{"line":19,"column":45},"end":{"line":19,"column":50}},"1":{"start":{"line":21,"column":45},"end":{"line":21,"column":48}},"2":{"start":{"line":25,"column":4},"end":{"line":25,"column":null}},"3":{"start":{"line":26,"column":4},"end":{"line":26,"column":null}},"4":{"start":{"line":27,"column":4},"end":{"line":27,"column":null}},"5":{"start":{"line":29,"column":4},"end":{"line":33,"column":null}},"6":{"start":{"line":30,"column":6},"end":{"line":30,"column":null}},"7":{"start":{"line":32,"column":6},"end":{"line":32,"column":null}},"8":{"start":{"line":37,"column":4},"end":{"line":44,"column":null}},"9":{"start":{"line":38,"column":6},"end":{"line":38,"column":null}},"10":{"start":{"line":39,"column":6},"end":{"line":39,"column":null}},"11":{"start":{"line":39,"column":42},"end":{"line":39,"column":null}},"12":{"start":{"line":40,"column":6},"end":{"line":40,"column":null}},"13":{"start":{"line":42,"column":6},"end":{"line":42,"column":null}},"14":{"start":{"line":43,"column":6},"end":{"line":43,"column":null}},"15":{"start":{"line":48,"column":4},"end":{"line":48,"column":null}},"16":{"start":{"line":53,"column":4},"end":{"line":53,"column":null}},"17":{"start":{"line":53,"column":38},"end":{"line":53,"column":null}},"18":{"start":{"line":55,"column":4},"end":{"line":58,"column":null}},"19":{"start":{"line":60,"column":4},"end":{"line":76,"column":null}},"20":{"start":{"line":62,"column":8},"end":{"line":62,"column":null}},"21":{"start":{"line":63,"column":8},"end":{"line":63,"column":null}},"22":{"start":{"line":65,"column":8},"end":{"line":65,"column":null}},"23":{"start":{"line":66,"column":8},"end":{"line":66,"column":null}},"24":{"start":{"line":68,"column":8},"end":{"line":68,"column":null}},"25":{"start":{"line":69,"column":8},"end":{"line":69,"column":null}},"26":{"start":{"line":71,"column":8},"end":{"line":71,"column":null}},"27":{"start":{"line":72,"column":8},"end":{"line":72,"column":null}},"28":{"start":{"line":74,"column":8},"end":{"line":74,"column":null}},"29":{"start":{"line":75,"column":8},"end":{"line":75,"column":null}},"30":{"start":{"line":80,"column":4},"end":{"line":80,"column":null}},"31":{"start":{"line":80,"column":44},"end":{"line":80,"column":null}},"32":{"start":{"line":82,"column":37},"end":{"line":86,"column":null}},"33":{"start":{"line":88,"column":4},"end":{"line":93,"column":null}},"34":{"start":{"line":89,"column":6},"end":{"line":89,"column":null}},"35":{"start":{"line":90,"column":6},"end":{"line":90,"column":null}},"36":{"start":{"line":92,"column":6},"end":{"line":92,"column":null}},"37":{"start":{"line":97,"column":4},"end":{"line":97,"column":null}},"38":{"start":{"line":101,"column":4},"end":{"line":101,"column":null}},"39":{"start":{"line":105,"column":4},"end":{"line":105,"column":null}},"40":{"start":{"line":109,"column":4},"end":{"line":109,"column":null}},"41":{"start":{"line":113,"column":4},"end":{"line":113,"column":null}},"42":{"start":{"line":117,"column":4},"end":{"line":117,"column":null}},"43":{"start":{"line":121,"column":4},"end":{"line":124,"column":null}},"44":{"start":{"line":122,"column":6},"end":{"line":122,"column":null}},"45":{"start":{"line":123,"column":6},"end":{"line":123,"column":null}},"46":{"start":{"line":129,"column":40},"end":{"line":129,"column":null}},"47":{"start":{"line":131,"column":38},"end":{"line":136,"column":2}},"48":{"start":{"line":132,"column":2},"end":{"line":134,"column":null}},"49":{"start":{"line":133,"column":4},"end":{"line":133,"column":null}},"50":{"start":{"line":135,"column":2},"end":{"line":135,"column":null}},"51":{"start":{"line":138,"column":31},"end":{"line":138,"column":50}},"52":{"start":{"line":138,"column":37},"end":{"line":138,"column":50}}},"fnMap":{"0":{"name":"(anonymous_0)","decl":{"start":{"line":24,"column":2},"end":{"line":24,"column":14}},"loc":{"start":{"line":24,"column":49},"end":{"line":34,"column":null}}},"1":{"name":"(anonymous_1)","decl":{"start":{"line":36,"column":10},"end":{"line":36,"column":23}},"loc":{"start":{"line":36,"column":23},"end":{"line":45,"column":null}}},"2":{"name":"(anonymous_2)","decl":{"start":{"line":39,"column":31},"end":{"line":39,"column":32}},"loc":{"start":{"line":39,"column":42},"end":{"line":39,"column":null}}},"3":{"name":"(anonymous_3)","decl":{"start":{"line":47,"column":10},"end":{"line":47,"column":34}},"loc":{"start":{"line":47,"column":34},"end":{"line":49,"column":null}}},"4":{"name":"(anonymous_4)","decl":{"start":{"line":51,"column":10},"end":{"line":51,"column":24}},"loc":{"start":{"line":51,"column":46},"end":{"line":77,"column":null}}},"5":{"name":"(anonymous_5)","decl":{"start":{"line":79,"column":2},"end":{"line":79,"column":12}},"loc":{"start":{"line":79,"column":63},"end":{"line":94,"column":null}}},"6":{"name":"(anonymous_6)","decl":{"start":{"line":96,"column":2},"end":{"line":96,"column":23}},"loc":{"start":{"line":96,"column":35},"end":{"line":98,"column":null}}},"7":{"name":"(anonymous_7)","decl":{"start":{"line":100,"column":2},"end":{"line":100,"column":26}},"loc":{"start":{"line":100,"column":41},"end":{"line":102,"column":null}}},"8":{"name":"(anonymous_8)","decl":{"start":{"line":104,"column":2},"end":{"line":104,"column":26}},"loc":{"start":{"line":104,"column":41},"end":{"line":106,"column":null}}},"9":{"name":"(anonymous_9)","decl":{"start":{"line":108,"column":2},"end":{"line":108,"column":26}},"loc":{"start":{"line":108,"column":41},"end":{"line":110,"column":null}}},"10":{"name":"(anonymous_10)","decl":{"start":{"line":112,"column":2},"end":{"line":112,"column":23}},"loc":{"start":{"line":112,"column":35},"end":{"line":114,"column":null}}},"11":{"name":"(anonymous_11)","decl":{"start":{"line":116,"column":2},"end":{"line":116,"column":18}},"loc":{"start":{"line":116,"column":52},"end":{"line":118,"column":null}}},"12":{"name":"(anonymous_12)","decl":{"start":{"line":120,"column":2},"end":{"line":120,"column":12}},"loc":{"start":{"line":120,"column":12},"end":{"line":125,"column":null}}},"13":{"name":"(anonymous_13)","decl":{"start":{"line":131,"column":38},"end":{"line":131,"column":39}},"loc":{"start":{"line":131,"column":39},"end":{"line":136,"column":2}}},"14":{"name":"(anonymous_14)","decl":{"start":{"line":138,"column":31},"end":{"line":138,"column":37}},"loc":{"start":{"line":138,"column":37},"end":{"line":138,"column":50}}}},"branchMap":{"0":{"loc":{"start":{"line":26,"column":21},"end":{"line":26,"column":null}},"type":"binary-expr","locations":[{"start":{"line":26,"column":21},"end":{"line":26,"column":34}},{"start":{"line":26,"column":34},"end":{"line":26,"column":null}}]},"1":{"loc":{"start":{"line":29,"column":4},"end":{"line":33,"column":null}},"type":"if","locations":[{"start":{"line":29,"column":4},"end":{"line":33,"column":null}},{"start":{"line":31,"column":11},"end":{"line":33,"column":null}}]},"2":{"loc":{"start":{"line":53,"column":4},"end":{"line":53,"column":null}},"type":"if","locations":[{"start":{"line":53,"column":4},"end":{"line":53,"column":null}},{"start":{},"end":{}}]},"3":{"loc":{"start":{"line":60,"column":4},"end":{"line":76,"column":null}},"type":"switch","locations":[{"start":{"line":61,"column":6},"end":{"line":63,"column":null}},{"start":{"line":64,"column":6},"end":{"line":66,"column":null}},{"start":{"line":67,"column":6},"end":{"line":69,"column":null}},{"start":{"line":70,"column":6},"end":{"line":72,"column":null}},{"start":{"line":73,"column":6},"end":{"line":75,"column":null}}]},"4":{"loc":{"start":{"line":80,"column":4},"end":{"line":80,"column":null}},"type":"if","locations":[{"start":{"line":80,"column":4},"end":{"line":80,"column":null}},{"start":{},"end":{}}]},"5":{"loc":{"start":{"line":80,"column":8},"end":{"line":80,"column":42}},"type":"binary-expr","locations":[{"start":{"line":80,"column":8},"end":{"line":80,"column":25}},{"start":{"line":80,"column":29},"end":{"line":80,"column":42}}]},"6":{"loc":{"start":{"line":121,"column":4},"end":{"line":124,"column":null}},"type":"if","locations":[{"start":{"line":121,"column":4},"end":{"line":124,"column":null}},{"start":{},"end":{}}]},"7":{"loc":{"start":{"line":132,"column":2},"end":{"line":134,"column":null}},"type":"if","locations":[{"start":{"line":132,"column":2},"end":{"line":134,"column":null}},{"start":{},"end":{}}]}},"s":{"0":0,"1":0,"2":0,"3":0,"4":0,"5":0,"6":0,"7":0,"8":0,"9":0,"10":0,"11":0,"12":0,"13":0,"14":0,"15":0,"16":0,"17":0,"18":0,"19":0,"20":0,"21":0,"22":0,"23":0,"24":0,"25":0,"26":0,"27":0,"28":0,"29":0,"30":0,"31":0,"32":0,"33":0,"34":0,"35":0,"36":0,"37":0,"38":0,"39":0,"40":0,"41":0,"42":0,"43":0,"44":0,"45":0,"46":0,"47":0,"48":0,"49":0,"50":0,"51":0,"52":0},"f":{"0":0,"1":0,"2":0,"3":0,"4":0,"5":0,"6":0,"7":0,"8":0,"9":0,"10":0,"11":0,"12":0,"13":0,"14":0},"b":{"0":[0,0],"1":[0,0],"2":[0,0],"3":[0,0,0,0,0],"4":[0,0],"5":[0,0],"6":[0,0],"7":[0,0]}}
,"/Users/mohammed/Desktop/Cockpit/lib/dataMigration.ts": {"path":"/Users/mohammed/Desktop/Cockpit/lib/dataMigration.ts","statementMap":{"0":{"start":{"line":32,"column":32},"end":{"line":32,"column":34}},"1":{"start":{"line":33,"column":55},"end":{"line":41,"column":null}},"2":{"start":{"line":43,"column":2},"end":{"line":89,"column":null}},"3":{"start":{"line":44,"column":4},"end":{"line":88,"column":null}},"4":{"start":{"line":46,"column":27},"end":{"line":46,"column":null}},"5":{"start":{"line":47,"column":38},"end":{"line":47,"column":null}},"6":{"start":{"line":49,"column":6},"end":{"line":54,"column":null}},"7":{"start":{"line":50,"column":8},"end":{"line":53,"column":null}},"8":{"start":{"line":51,"column":10},"end":{"line":51,"column":null}},"9":{"start":{"line":52,"column":10},"end":{"line":52,"column":null}},"10":{"start":{"line":57,"column":26},"end":{"line":61,"column":null}},"11":{"start":{"line":64,"column":61},"end":{"line":70,"column":null}},"12":{"start":{"line":72,"column":38},"end":{"line":83,"column":null}},"13":{"start":{"line":85,"column":6},"end":{"line":85,"column":null}},"14":{"start":{"line":87,"column":6},"end":{"line":87,"column":null}},"15":{"start":{"line":91,"column":2},"end":{"line":91,"column":null}},"16":{"start":{"line":101,"column":35},"end":{"line":101,"column":37}},"17":{"start":{"line":104,"column":23},"end":{"line":107,"column":18}},"18":{"start":{"line":106,"column":4},"end":{"line":106,"column":null}},"19":{"start":{"line":109,"column":2},"end":{"line":132,"column":null}},"20":{"start":{"line":110,"column":16},"end":{"line":110,"column":null}},"21":{"start":{"line":111,"column":21},"end":{"line":111,"column":null}},"22":{"start":{"line":113,"column":34},"end":{"line":129,"column":null}},"23":{"start":{"line":131,"column":4},"end":{"line":131,"column":null}},"24":{"start":{"line":134,"column":2},"end":{"line":134,"column":null}},"25":{"start":{"line":144,"column":27},"end":{"line":144,"column":29}},"26":{"start":{"line":145,"column":29},"end":{"line":145,"column":31}},"27":{"start":{"line":148,"column":2},"end":{"line":152,"column":null}},"28":{"start":{"line":149,"column":4},"end":{"line":151,"column":null}},"29":{"start":{"line":150,"column":6},"end":{"line":150,"column":null}},"30":{"start":{"line":155,"column":18},"end":{"line":155,"column":null}},"31":{"start":{"line":155,"column":41},"end":{"line":155,"column":45}},"32":{"start":{"line":156,"column":2},"end":{"line":162,"column":null}},"33":{"start":{"line":157,"column":4},"end":{"line":161,"column":null}},"34":{"start":{"line":158,"column":6},"end":{"line":160,"column":null}},"35":{"start":{"line":159,"column":8},"end":{"line":159,"column":null}},"36":{"start":{"line":165,"column":19},"end":{"line":165,"column":null}},"37":{"start":{"line":166,"column":2},"end":{"line":168,"column":null}},"38":{"start":{"line":167,"column":4},"end":{"line":167,"column":null}},"39":{"start":{"line":169,"column":2},"end":{"line":173,"column":null}},"40":{"start":{"line":170,"column":4},"end":{"line":172,"column":null}},"41":{"start":{"line":171,"column":6},"end":{"line":171,"column":null}},"42":{"start":{"line":175,"column":2},"end":{"line":179,"column":null}},"43":{"start":{"line":190,"column":59},"end":{"line":198,"column":null}},"44":{"start":{"line":201,"column":2},"end":{"line":209,"column":null}},"45":{"start":{"line":202,"column":4},"end":{"line":208,"column":null}},"46":{"start":{"line":202,"column":54},"end":{"line":202,"column":null}},"47":{"start":{"line":203,"column":9},"end":{"line":208,"column":null}},"48":{"start":{"line":203,"column":61},"end":{"line":203,"column":null}},"49":{"start":{"line":204,"column":9},"end":{"line":208,"column":null}},"50":{"start":{"line":204,"column":60},"end":{"line":204,"column":null}},"51":{"start":{"line":205,"column":9},"end":{"line":208,"column":null}},"52":{"start":{"line":205,"column":67},"end":{"line":205,"column":null}},"53":{"start":{"line":206,"column":9},"end":{"line":208,"column":null}},"54":{"start":{"line":206,"column":61},"end":{"line":206,"column":null}},"55":{"start":{"line":207,"column":9},"end":{"line":208,"column":null}},"56":{"start":{"line":207,"column":61},"end":{"line":207,"column":null}},"57":{"start":{"line":208,"column":9},"end":{"line":208,"column":null}},"58":{"start":{"line":211,"column":21},"end":{"line":211,"column":null}},"59":{"start":{"line":213,"column":2},"end":{"line":220,"column":null}},"60":{"start":{"line":231,"column":17},"end":{"line":237,"column":null}},"61":{"start":{"line":239,"column":2},"end":{"line":239,"column":null}},"62":{"start":{"line":248,"column":2},"end":{"line":282,"column":null}},"63":{"start":{"line":249,"column":19},"end":{"line":249,"column":null}},"64":{"start":{"line":252,"column":4},"end":{"line":254,"column":null}},"65":{"start":{"line":253,"column":6},"end":{"line":253,"column":null}},"66":{"start":{"line":257,"column":18},"end":{"line":261,"column":null}},"67":{"start":{"line":257,"column":48},"end":{"line":261,"column":null}},"68":{"start":{"line":263,"column":21},"end":{"line":269,"column":null}},"69":{"start":{"line":263,"column":54},"end":{"line":269,"column":null}},"70":{"start":{"line":271,"column":4},"end":{"line":278,"column":null}},"71":{"start":{"line":280,"column":4},"end":{"line":280,"column":null}},"72":{"start":{"line":281,"column":4},"end":{"line":281,"column":null}}},"fnMap":{"0":{"name":"migrateLegacyTasks","decl":{"start":{"line":31,"column":16},"end":{"line":31,"column":35}},"loc":{"start":{"line":31,"column":60},"end":{"line":92,"column":null}}},"1":{"name":"(anonymous_1)","decl":{"start":{"line":43,"column":22},"end":{"line":43,"column":23}},"loc":{"start":{"line":43,"column":29},"end":{"line":89,"column":null}}},"2":{"name":"createFocusSessionsFromHistory","decl":{"start":{"line":97,"column":16},"end":{"line":97,"column":null}},"loc":{"start":{"line":99,"column":27},"end":{"line":135,"column":null}}},"3":{"name":"(anonymous_3)","decl":{"start":{"line":104,"column":36},"end":{"line":104,"column":null}},"loc":{"start":{"line":104,"column":36},"end":{"line":107,"column":5}}},"4":{"name":"(anonymous_4)","decl":{"start":{"line":109,"column":23},"end":{"line":109,"column":24}},"loc":{"start":{"line":109,"column":30},"end":{"line":132,"column":null}}},"5":{"name":"validateMigratedData","decl":{"start":{"line":140,"column":16},"end":{"line":140,"column":null}},"loc":{"start":{"line":142,"column":26},"end":{"line":180,"column":null}}},"6":{"name":"(anonymous_6)","decl":{"start":{"line":155,"column":36},"end":{"line":155,"column":41}},"loc":{"start":{"line":155,"column":41},"end":{"line":155,"column":45}}},"7":{"name":"generateMigrationReport","decl":{"start":{"line":185,"column":16},"end":{"line":185,"column":null}},"loc":{"start":{"line":188,"column":33},"end":{"line":221,"column":null}}},"8":{"name":"exportDataForBackup","decl":{"start":{"line":226,"column":16},"end":{"line":226,"column":null}},"loc":{"start":{"line":229,"column":37},"end":{"line":240,"column":null}}},"9":{"name":"importDataFromBackup","decl":{"start":{"line":245,"column":16},"end":{"line":245,"column":null}},"loc":{"start":{"line":246,"column":20},"end":{"line":283,"column":null}}},"10":{"name":"(anonymous_10)","decl":{"start":{"line":257,"column":35},"end":{"line":257,"column":36}},"loc":{"start":{"line":257,"column":48},"end":{"line":261,"column":null}}},"11":{"name":"(anonymous_11)","decl":{"start":{"line":263,"column":41},"end":{"line":263,"column":42}},"loc":{"start":{"line":263,"column":54},"end":{"line":269,"column":null}}}},"branchMap":{"0":{"loc":{"start":{"line":50,"column":8},"end":{"line":53,"column":null}},"type":"if","locations":[{"start":{"line":50,"column":8},"end":{"line":53,"column":null}},{"start":{},"end":{}}]},"1":{"loc":{"start":{"line":78,"column":16},"end":{"line":78,"column":null}},"type":"binary-expr","locations":[{"start":{"line":78,"column":16},"end":{"line":78,"column":70}},{"start":{"line":78,"column":74},"end":{"line":78,"column":null}}]},"2":{"loc":{"start":{"line":78,"column":26},"end":{"line":78,"column":70}},"type":"binary-expr","locations":[{"start":{"line":78,"column":26},"end":{"line":78,"column":56}},{"start":{"line":78,"column":56},"end":{"line":78,"column":70}}]},"3":{"loc":{"start":{"line":111,"column":30},"end":{"line":111,"column":71}},"type":"cond-expr","locations":[{"start":{"line":111,"column":61},"end":{"line":111,"column":67}},{"start":{"line":111,"column":67},"end":{"line":111,"column":71}}]},"4":{"loc":{"start"
[...]
}}},"10":{"name":"(anonymous_10)","decl":{"start":{"line":103,"column":13},"end":{"line":103,"column":18}},"loc":{"start":{"line":103,"column":18},"end":{"line":103,"column":null}}},"11":{"name":"(anonymous_11)","decl":{"start":{"line":104,"column":10},"end":{"line":104,"column":11}},"loc":{"start":{"line":104,"column":20},"end":{"line":104,"column":null}}},"12":{"name":"(anonymous_12)","decl":{"start":{"line":110,"column":59},"end":{"line":110,"column":64}},"loc":{"start":{"line":110,"column":64},"end":{"line":110,"column":81}}},"13":{"name":"getProjectTaskCount","decl":{"start":{"line":116,"column":16},"end":{"line":116,"column":null}},"loc":{"start":{"line":118,"column":71},"end":{"line":121,"column":null}}},"14":{"name":"(anonymous_14)","decl":{"start":{"line":120,"column":22},"end":{"line":120,"column":27}},"loc":{"start":{"line":120,"column":27},"end":{"line":120,"column":78}}},"15":{"name":"getProjectProgress","decl":{"start":{"line":126,"column":16},"end":{"line":126,"column":null}},"loc":{"start":{"line":128,"column":71},"end":{"line":134,"column":null}}},"16":{"name":"(anonymous_16)","decl":{"start":{"line":130,"column":36},"end":{"line":130,"column":41}},"loc":{"start":{"line":130,"column":41},"end":{"line":130,"column":null}}},"17":{"name":"(anonymous_17)","decl":{"start":{"line":132,"column":40},"end":{"line":132,"column":45}},"loc":{"start":{"line":132,"column":45},"end":{"line":132,"column":51}}},"18":{"name":"getApplicationsByStage","decl":{"start":{"line":142,"column":16},"end":{"line":142,"column":null}},"loc":{"start":{"line":143,"column":81},"end":{"line":158,"column":null}}},"19":{"name":"getUpcomingInterviews","decl":{"start":{"line":164,"column":16},"end":{"line":164,"column":null}},"loc":{"start":{"line":165,"column":82},"end":{"line":183,"column":null}}},"20":{"name":"(anonymous_20)","decl":{"start":{"line":171,"column":12},"end":{"line":171,"column":null}},"loc":{"start":{"line":171,"column":12},"end":{"line":176,"column":null}}},"21":{"name":"(anonymous_21)","decl":{"start":{"line":177,"column":9},"end":{"line":177,"column":15}},"loc":{"start":{"line":177,"column":15},"end":{"line":181,"column":null}}},"22":{"name":"(anonymous_22)","decl":{"start":{"line":182,"column":10},"end":{"line":182,"column":11}},"loc":{"start":{"line":182,"column":20},"end":{"line":182,"column":45}}},"23":{"name":"getApplicationDeadlines","decl":{"start":{"line":188,"column":16},"end":{"line":188,"column":null}},"loc":{"start":{"line":189,"column":99},"end":{"line":209,"column":null}}},"24":{"name":"(anonymous_24)","decl":{"start":{"line":195,"column":12},"end":{"line":195,"column":null}},"loc":{"start":{"line":195,"column":12},"end":{"line":199,"column":null}}},"25":{"name":"(anonymous_25)","decl":{"start":{"line":200,"column":9},"end":{"line":200,"column":15}},"loc":{"start":{"line":200,"column":15},"end":{"line":206,"column":null}}},"26":{"name":"(anonymous_26)","decl":{"start":{"line":207,"column":10},"end":{"line":207,"column":11}},"loc":{"start":{"line":207,"column":20},"end":{"line":207,"column":45}}},"27":{"name":"getSkills","decl":{"start":{"line":217,"column":16},"end":{"line":217,"column":null}},"loc":{"start":{"line":219,"column":17},"end":{"line":251,"column":null}}},"28":{"name":"(anonymous_28)","decl":{"start":{"line":230,"column":19},"end":{"line":230,"column":null}},"loc":{"start":{"line":230,"column":19},"end":{"line":246,"column":null}}},"29":{"name":"(anonymous_29)","decl":{"start":{"line":232,"column":23},"end":{"line":232,"column":null}},"loc":{"start":{"line":232,"column":23},"end":{"line":245,"column":null}}},"30":{"name":"(anonymous_30)","decl":{"start":{"line":249,"column":10},"end":{"line":249,"column":11}},"loc":{"start":{"line":249,"column":20},"end":{"line":249,"column":51}}},"31":{"name":"getProfessionalGoals","decl":{"start":{"line":259,"column":16},"end":{"line":259,"column":null}},"loc":{"start":{"line":260,"column":68},"end":{"line":280,"column":null}}},"32":{"name":"(anonymous_32)","decl":{"start":{"line":266,"column":12},"end":{"line":266,"column":17}},"loc":{"start":{"line":266,"column":17},"end":{"line":266,"column":null}}},"33":{"name":"(anonymous_33)","decl":{"start":{"line":266,"column":35},"end":{"line":266,"column":40}},"loc":{"start":{"line":266,"column":40},"end":{"line":266,"column":null}}},"34":{"name":"(anonymous_34)","decl":{"start":{"line":267,"column":9},"end":{"line":267,"column":10}},"loc":{"start":{"line":267,"column":13},"end":{"line":278,"column":null}}},"35":{"name":"getPortfolioProjects","decl":{"start":{"line":288,"column":16},"end":{"line":288,"column":null}},"loc":{"start":{"line":290,"column":27},"end":{"line":301,"column":null}}},"36":{"name":"(anonymous_36)","decl":{"start":{"line":293,"column":27},"end":{"line":293,"column":32}},"loc":{"start":{"line":293,"column":32},"end":{"line":293,"column":null}}},"37":{"name":"(anonymous_37)","decl":{"start":{"line":298,"column":12},"end":{"line":298,"column":17}},"loc":{"start":{"line":298,"column":17},"end":{"line":298,"column":null}}},"38":{"name":"(anonymous_38)","decl":{"start":{"line":299,"column":10},"end":{"line":299,"column":11}},"loc":{"start":{"line":299,"column":20},"end":{"line":299,"column":43}}},"39":{"name":"getTimeUntil","decl":{"start":{"line":308,"column":16},"end":{"line":308,"column":29}},"loc":{"start":{"line":308,"column":39},"end":{"line":318,"column":null}}},"40":{"name":"getUrgencyColor","decl":{"start":{"line":323,"column":16},"end":{"line":323,"column":32}},"loc":{"start":{"line":323,"column":49},"end":{"line":328,"column":null}}},"41":{"name":"getUpcomingOpportunities","decl":{"start":{"line":335,"column":16},"end":{"line":335,"column":null}},"loc":{"start":{"line":336,"column":65},"end":{"line":370,"column":null}}},"42":{"name":"(anonymous_42)","decl":{"start":{"line":349,"column":12},"end":{"line":349,"column":null}},"loc":{"start":{"line":349,"column":12},"end":{"line":352,"column":null}}},"43":{"name":"(anonymous_43)","decl":{"start":{"line":353,"column":9},"end":{"line":353,"column":null}},"loc":{"start":{"line":353,"column":9},"end":{"line":368,"column":null}}},"44":{"name":"(anonymous_44)","decl":{"start":{"line":357,"column":26},"end":{"line":357,"column":31}},"loc":{"start":{"line":357,"column":31},"end":{"line":357,"column":51}}},"45":{"name":"(anonymous_45)","decl":{"start":{"line":369,"column":10},"end":{"line":369,"column":11}},"loc":{"start":{"line":369,"column":20},"end":{"line":369,"column":45}}}},"branchMap":{"0":{"loc":{"start":{"line":51,"column":17},"end":{"line":51,"column":69}},"type":"binary-expr","locations":[{"start":{"line":51,"column":17},"end":{"line":51,"column":46}},{"start":{"line":51,"column":46},"end":{"line":51,"column":52}},{"start":{"line":51,"column":56},"end":{"line":51,"column":69}}]},"1":{"loc":{"start":{"line":55,"column":25},"end":{"line":57,"column":null}},"type":"binary-expr","locations":[{"start":{"line":55,"column":25},"end":{"line":57,"column":14}},{"start":{"line":57,"column":14},"end":{"line":57,"column":null}}]},"2":{"loc":{"start":{"line":56,"column":9},"end":{"line":56,"column":null}},"type":"binary-expr","locations":[{"start":{"line":56,"column":9},"end":{"line":56,"column":40}},{"start":{"line":56,"column":40},"end":{"line":56,"column":null}}]},"3":{"loc":{"start":{"line":60,"column":25},"end":{"line":62,"column":null}},"type":"binary-expr","locations":[{"start":{"line":60,"column":25},"end":{"line":62,"column":14}},{"start":{"line":62,"column":14},"end":{"line":62,"column":null}}]},"4":{"loc":{"start":{"line":67,"column":2},"end":{"line":67,"column":null}},"type":"if","locations":[{"start":{"line":67,"column":2},"end":{"line":67,"column":null}},{"start":{},"end":{}}]},"5":{"loc":{"start":{"line":68,"column":2},"end":{"line":68,"column":null}},"type":"if","locations":[{"start":{"line":68,"column":2},"end":{"line":68,"column":null}},{"start":{},"end":{}}]},"6":{"loc":{"start":{"line":72,"column":9},"end":{"line":72,"column":60}},"type":"binary-expr","locations":[{"start":{"line":72,"column":9},"end":{"line":72,"column":38}},{"start":{"line":72,"column":38},"end":{"line":72,"column":45}},{"start":{"line":72,"column":49},"end":{"line":72,"column":60}}]},"7":{"loc":{"start":{"line":75,"column":2},"end":{"line":77,"column":null}},"type":"if","locations":[{"start":{"line":75,"column":2},"end":{"line":77,"column":null}},{"start":{},"end":{}}]},"8":{"loc":{"start":{"line":75,"column":6},"end":{"line":75,"column":125}},"type":"binary-expr","locations":[{"start":{"line":75,"column":6},"end":{"line":75,"column":29}},{"start":{"line":75,"column":29},"end":{"line":75,"column":125}}]},"9":{"loc":{"start":{"line":75,"column":38},"end":{"line":75,"column":112}},"type":"binary-expr","locations":[{"start":{"line":75,"column":38},"end":{"line":75,"column":97}},{"start":{"line":75,"column":97},"end":{"line":75,"column":112}}]},"10":{"loc":{"start":{"line":94,"column":17},"end":{"line":94,"column":52}},"type":"binary-expr","locations":[{"start":{"line":94,"column":17},"end":{"line":94,"column":46}},{"start":{"line":94,"column":46},"end":{"line":94,"column":52}}]},"11":{"loc":{"start":{"line":95,"column":21},"end":{"line":95,"column":39}},"type":"binary-expr","locations":[{"start":{"line":95,"column":21},"end":{"line":95,"column":34}},{"start":{"line":95,"column":38},"end":{"line":95,"column":39}}]},"12":{"loc":{"start":{"line":95,"column":56},"end":{"line":95,"column":null}},"type":"binary-expr","locations":[{"start":{"line":95,"column":56},"end":{"line":95,"column":69}},{"start":{"line":95,"column":73},"end":{"line":95,"column":null}}]},"13":{"loc":{"start":{"line":97,"column":2},"end":{"line":99,"column":null}},"type":"if","locations":[{"start":{"line":97,"column":2},"end":{"line":99,"column":null}},{"start":{},"end":{}}]},"14":{"loc":{"start":{"line":106,"column":2},"end":{"line":108,"column":null}},"type":"if","locations":[{"start":{"line":106,"column":2},"end":{"line":108,"column":null}},{"start":{},"end":{}}]},"15":{"loc":{"start":{"line":110,"column":9},"end":{"line":110,"column":null}},"type":"cond-expr","locations":[{"start":{"line":110,"column":28},"end":{"line":110,"column":81}},{"start":{"line":110,"column":81},"end":{"line":110,"column":null}}]},"16":{"loc":{"start":{"line":120,"column":27},"end":{"line":120,"column":78}},"type":"binary-expr","locations":[{"start":{"line":120,"column":27},"end":{"line":120,"column":56}},{"start":{"line":120,"column":56},"end":{"line":120,"column":63}},{"start":{"line":120,"column":67},"end":{"line":120,"column":78}}]},"17":{"loc":{"start":{"line":131,"column":2},"end":{"line":131,"column":null}},"type":"if","locations":[{"start":{"line":131,"column":2},"end":{"line":131,"column":null}},{"start":{},"end":{}}]},"18":{"loc":{"start":{"line":173,"column":13},"end":{"line":175,"column":null}},"type":"binary-expr","locations":[{"start":{"line":173,"column":13},"end":{"line":173,"column":null}},{"start":{"line":174,"column":8},"end":{"line":174,"column":null}},{"start":{"line":175,"column":8},"end":{"line":175,"column":null}}]},"19":{"loc":{"start":{"line":196,"column":6},"end":{"line":196,"column":null}},"type":"if","locations":[{"start":{"line":196,"column":6},"end":{"line":196,"column":null}},{"start":{},"end":{}}]},"20":{"loc":{"start":{"line":196,"column":10},"end":{"line":196,"column":26}},"type":"binary-expr","locations":[{"start":{"line":196,"column":10},"end":{"line":196,"column":16}},{"start":{"line":196,"column":20},"end":{"line":196,"column":26}}]},"21":{"loc":{"start":{"line":198,"column":13},"end":{"line":198,"column":null}},"type":"binary-expr","locations":[{"start":{"line":198,"column":13},"end":{"line":198,"column":30}},{"start":{"line":198,"column":30},"end":{"line":198,"column":null}}]},"22":{"loc":{"start":{"line":231,"column":18},"end":{"line":231,"column":29}},"type":"binary-expr","locations":[{"start":{"line":231,"column":18},"end":{"line":231,"column":24}},{"start":{"line":231,"column":28},"end":{"line":231,"column":29}}]},"23":{"loc":{"start":{"line":233,"column":6},"end":{"line":244,"column":null}},"type":"if","locations":[{"start":{"line":233,"column":6},"end":{"line":244,"column":null}},{"start":{},"end":{}}]},"24":{"loc":{"start":{"line":234,"column":8},"end":{"line":241,"column":null}},"type":"if","locations":[{"start":{"line":234,"column":8},"end":{"line":241,"column":null}},{"start":{},"end":{}}]},"25":{"loc":{"start":{"line":268,"column":55},"end":{"line":268,"column":null}},"type":"cond-expr","locations":[{"start":{"line":268,"column":76},"end":{"line":268,"column":89}},{"start":{"line":268,"column":89},"end":{"line":268,"column":null}}]},"26":{"loc":{"start":{"line":292,"column":2},"end":{"line":294,"column":null}},"type":"if","locations":[{"start":{"line":292,"column":2},"end":{"line":294,"column":null}},{"start":{},"end":{}}]},"27":{"loc":{"start":{"line":298,"column":17},"end":{"line":298,"column":null}},"type":"binary-expr","locations":[{"start":{"line":298,"column":17},"end":{"line":298,"column":36}},{"start":{"line":298,"column":36},"end":{"line":298,"column":42}},{"start":{"line":298,"column":46},"end":{"line":298,"column":null}}]},"28":{"loc":{"start":{"line":313,"column":2},"end":{"line":313,"column":null}},"type":"if","locations":[{"start":{"line":313,"column":2},"end":{"line":313,"column":null}},{"start":{},"end":{}}]},"29":{"loc":{"start":{"line":314,"column":2},"end":{"line":314,"column":null}},"type":"if","locations":[{"start":{"line":314,"column":2},"end":{"line":314,"column":null}},{"start":{},"end":{}}]},"30":{"loc":{"start":{"line":315,"column":2},"end":{"line":315,"column":null}},"type":"if","locations":[{"start":{"line":315,"column":2},"end":{"line":315,"column":null}},{"start":{},"end":{}}]},"31":{"loc":{"start":{"line":316,"column":2},"end":{"line":316,"column":null}},"type":"if","locations":[{"start":{"line":316,"column":2},"end":{"line":316,"column":null}},{"start":{},"end":{}}]},"32":{"loc":{"start":{"line":324,"column":2},"end":{"line":324,"column":39}},"type":"if","locations":[{"start":{"line":324,"column":2},"end":{"line":324,"column":39}},{"start":{},"end":{}}]},"33":{"loc":{"start":{"line":325,"column":2},"end":{"line":325,"column":39}},"type":"if","locations":[{"start":{"line":325,"column":2},"end":{"line":325,"column":39}},{"start":{},"end":{}}]},"34":{"loc":{"start":{"line":326,"column":2},"end":{"line":326,"column":39}},"type":"if","locations":[{"start":{"line":326,"column":2},"end":{"line":326,"column":39}},{"start":{},"end":{}}]},"35":{"loc":{"start":{"line":351,"column":13},"end":{"line":351,"column":null}},"type":"binary-expr","locations":[{"start":{"line":351,"column":13},"end":{"line":351,"column":32}},{"start":{"line":351,"column":32},"end":{"line":351,"column":null}}]},"36":{"loc":{"start":{"line":357,"column":8},"end":{"line":360,"column":null}},"type":"if","locations":[{"start":{"line":357,"column":8},"end":{"line":360,"column":null}},{"start":{},"end":{}}]}},"s":{"0":0,"1":0,"2":0,"3":0,"4":0,"5":0,"6":0,"7":0,"8":0,"9":0,"10":0,"11":0,"12":0,"13":0,"14":0,"15":0,"16":0,"17":0,"18":0,"19":0,"20":0,"21":0,"22":0,"23":0,"24":0,"25":0,"26":0,"27":0,"28":0,"29":0,"30":0,"31":0,"32":0,"33":0,"34":0,"35":0,"36":0,"37":0,"38":0,"39":0,"40":0,"41":0,"42":0,"43":0,"44":0,"45":0,"46":0,"47":0,"48":0,"49":0,"50":0,"51":0,"52":0,"53":0,"54":0,"55":0,"56":0,"57":0,"58":0,"59":0,"60":0,"61":0,"62":0,"63":0,"64":0,"65":0,"66":0,"67":0,"68":0,"69":0,"70":0,"71":0,"72":0,"73":0,"74":0,"75":0,"76":0,"77":0,"78":0,"79":0,"80":0,"81":0,"82":0,"83":0,"84":0,"85":0,"86":0,"87":0,"88":0,"89":0,"90":0,"91":0,"92":0,"93":0,"94":0,"95":0,"96":0,"97":0,"98":0,"99":0,"100":0,"101":0,"102":0,"103":0,"104":0,"105":0,"106":0,"107":0,"108":0,"109":0,"110":0,"111":0,"112":0,"113":0,"114":0,"115":0,"116":0,"117":0,"118":0},"f":{"0":0,"1":0,"2":0,"3":0,"4":0,"5":0,"6":0,"7":0,"8":0,"9":0,"10":0,"11":0,"12":0,"13":0,"14":0,"15":0,"16":0,"17":0,"18":0,"19":0,"20":0,"21":0,"22":0,"23":0,"24":0,"25":0,"26":0,"27":0,"28":0,"29":0,"30":0,"31":0,"32":0,"33":0,"34":0,"35":0,"36":0,"37":0,"38":0,"39":0,"40":0,"41":0,"42":0,"43":0,"44":0,"45":0},"b":{"0":[0,0,0],"1":[0,0],"2":[0,0],"3":[0,0],"4":[0,0],"5":[0,0],"6":[0,0,0],"7":[0,0],"8":[0,0],"9":[0,0],"10":[0,0],"11":[0,0],"12":[0,0],"13":[0,0],"14":[0,0],"15":[0,0],"16":[0,0,0],"17":[0,0],"18":[0,0,0],"19":[0,0],"20":[0,0],"21":[0,0],"22":[0,0],"23":[0,0],"24":[0,0],"25":[0,0],"26":[0,0],"27":[0,0,0],"28":[0,0],"29":[0,0],"30":[0,0],"31":[0,0],"32":[0,0],"33":[0,0],"34":[0,0],"35":[0,0],"36":[0,0]}}
,"/Users/mohammed/Desktop/Cockpit/lib/workosTypes.ts": {"path":"/Users/mohammed/Desktop/Cockpit/lib/workosTypes.ts","statementMap":{"0":{"start":{"line":174,"column":35},"end":{"line":182,"column":3}},"1":{"start":{"line":174,"column":58},"end":{"line":182,"column":3}},"2":{"start":{"line":184,"column":30},"end":{"line":190,"column":3}},"3":{"start":{"line":184,"column":69},"end":{"line":190,"column":3}},"4":{"start":{"line":192,"column":30},"end":{"line":196,"column":3}},"5":{"start":{"line":192,"column":48},"end":{"line":196,"column":3}},"6":{"start":{"line":198,"column":38},"end":{"line":202,"column":3}},"7":{"start":{"line":198,"column":64},"end":{"line":202,"column":3}},"8":{"start":{"line":204,"column":29},"end":{"line":209,"column":3}},"9":{"start":{"line":204,"column":46},"end":{"line":209,"column":3}},"10":{"start":{"line":211,"column":34},"end":{"line":215,"column":3}},"11":{"start":{"line":211,"column":56},"end":{"line":215,"column":3}},"12":{"start":{"line":217,"column":26},"end":{"line":222,"column":3}},"13":{"start":{"line":217,"column":40},"end":{"line":222,"column":3}},"14":{"start":{"line":224,"column":31},"end":{"line":231,"column":3}},"15":{"start":{"line":224,"column":50},"end":{"line":231,"column":3}},"16":{"start":{"line":233,"column":37},"end":{"line":243,"column":3}},"17":{"start":{"line":233,"column":81},"end":{"line":243,"column":3}},"18":{"start":{"line":245,"column":32},"end":{"line":251,"column":3}},"19":{"start":{"line":245,"column":52},"end":{"line":251,"column":3}}},"fnMap":{"0":{"name":"(anonymous_0)","decl":{"start":{"line":174,"column":35},"end":{"line":174,"column":58}},"loc":{"start":{"line":174,"column":58},"end":{"line":182,"column":3}}},"1":{"name":"(anonymous_1)","decl":{"start":{"line":184,"column":30},"end":{"line":184,"column":31}},"loc":{"start":{"line":184,"column":69},"end":{"line":190,"column":3}}},"2":{"name":"(anonymous_2)","decl":{"start":{"line":192,"column":30},"end":{"line":192,"column":48}},"loc":{"start":{"line":192,"column":48},"end":{"line":196,"column":3}}},"3":{"name":"(anonymous_3)","decl":{"start":{"line":198,"column":38},"end":{"line":198,"column":64}},"loc":{"start":{"line":198,"column":64},"end":{"line":202,"column":3}}},"4":{"name":"(anonymous_4)","decl":{"start":{"line":204,"column":29},"end":{"line":204,"column":46}},"loc":{"start":{"line":204,"column":46},"end":{"line":209,"column":3}}},"5":{"name":"(anonymous_5)","decl":{"start":{"line":211,"column":34},"end":{"line":211,"column":56}},"loc":{"start":{"line":211,"column":56},"end":{"line":215,"column":3}}},"6":{"name":"(anonymous_6)","decl":{"start":{"line":217,"column":26},"end":{"line":217,"column":40}},"loc":{"start":{"line":217,"column":40},"end":{"line":222,"column":3}}},"7":{"name":"(anonymous_7)","decl":{"start":{"line":224,"column":31},"end":{"line":224,"column":50}},"loc":{"start":{"line":224,"column":50},"end":{"line":231,"column":3}}},"8":{"name":"(anonymous_8)","decl":{"start":{"line":233,"column":37},"end":{"line":233,"column":38}},"loc":{"start":{"line":233,"column":81},"end":{"line":243,"column":3}}},"9":{"name":"(anonymous_9)","decl":{"start":{"line":245,"column":32},"end":{"line":245,"column":52}},"loc":{"start":{"line":245,"column":52},"end":{"line":251,"column":3}}}},"branchMap":{},"s":{"0":0,"1":0,"2":0,"3":0,"4":0,"5":0,"6":0,"7":0,"8":0,"9":0,"10":0,"11":0,"12":0,"13":0,"14":0,"15":0,"16":0,"17":0,"18":0,"19":0},"f":{"0":0,"1":0,"2":0,"3":0,"4":0,"5":0,"6":0,"7":0,"8":0,"9":0},"b":{}}
}
