TN:
SF:components/Briefing.tsx
FN:12,Briefing
FN:82,(anonymous_1)
FN:110,(anonymous_2)
FNF:3
FNH:0
FNDA:0,Briefing
FNDA:0,(anonymous_1)
FNDA:0,(anonymous_2)
DA:82,0
DA:111,0
LF:2
LH:0
BRDA:32,0,0,0
BRDA:114,1,0,0
BRDA:114,1,1,0
BRF:3
BRH:0
end_of_record
TN:
SF:components/Details.tsx
FN:13,Details
FN:24,(anonymous_1)
FNF:2
FNH:0
FNDA:0,Details
FNDA:0,(anonymous_1)
DA:14,0
DA:24,0
LF:2
LH:0
BRDA:13,0,0,0
BRDA:43,1,0,0
BRDA:43,1,1,0
BRDA:53,2,0,0
BRF:4
BRH:0
end_of_record
TN:
SF:components/ErrorBoundary.tsx
FN:16,(anonymous_0)
FN:21,(anonymous_1)
FN:25,(anonymous_2)
FN:31,(anonymous_3)
FN:36,(anonymous_4)
FN:84,(anonymous_5)
FN:85,(anonymous_6)
FNF:7
FNH:0
FNDA:0,(anonymous_0)
FNDA:0,(anonymous_1)
FNDA:0,(anonymous_2)
FNDA:0,(anonymous_3)
FNDA:0,(anonymous_4)
FNDA:0,(anonymous_5)
FNDA:0,(anonymous_6)
DA:17,0
DA:18,0
DA:22,0
DA:26,0
DA:31,0
DA:32,0
DA:33,0
DA:37,0
DA:84,0
DA:85,0
DA:97,0
LF:11
LH:0
BRDA:37,0,0,0
BRDA:37,0,1,0
BRDA:68,1,0,0
BRDA:68,1,1,0
BRF:4
BRH:0
end_of_record
TN:
SF:hooks/useAuth.ts
FN:19,(anonymous_0)
FN:26,(anonymous_1)
FN:50,(anonymous_2)
FN:66,(anonymous_3)
FN:69,(anonymous_4)
FN:83,(anonymous_5)
FN:101,(anonymous_6)
FNF:7
FNH:0
FNDA:0,(anonymous_0)
FNDA:0,(anonymous_1)
FNDA:0,(anonymous_2)
FNDA:0,(anonymous_3)
FNDA:0,(anonymous_4)
FNDA:0,(anonymous_5)
FNDA:0,(anonymous_6)
DA:19,0
DA:20,0
DA:21,0
DA:22,0
DA:23,0
DA:26,0
DA:27,0
DA:30,0
DA:34,0
DA:35,0
DA:36,0
DA:37,0
DA:38,0
DA:39,0
DA:40,0
DA:43,0
DA:44,0
DA:45,0
DA:46,0
DA:50,0
DA:51,0
DA:52,0
DA:53,0
DA:54,0
DA:55,0
DA:56,0
DA:58,0
DA:59,0
DA:60,0
DA:61,0
DA:63,0
DA:66,0
DA:69,0
DA:70,0
DA:71,0
DA:72,0
DA:73,0
DA:74,0
DA:76,0
DA:77,0
DA:78,0
DA:79,0
DA:83,0
DA:84,0
DA:85,0
DA:86,0
DA:87,0
DA:88,0
DA:89,0
DA:90,0
DA:91,0
DA:93,0
DA:94,0
DA:95,0
DA:97,0
DA:101,0
DA:102,0
DA:103,0
DA:104,0
DA:105,0
DA:106,0
DA:109,0
LF:62
LH:0
BRDA:30,0,0,0
BRDA:30,0,1,0
BRDA:34,1,0,0
BRDA:34,1,1,0
BRDA:43,2,0,0
BRDA:43,2,1,0
BRDA:51,3,0,0
BRDA:51,3,1,0
BRDA:76,4,0,0
BRDA:76,4,1,0
BRDA:93,5,0,0
BRDA:93,5,1,0
BRF:12
BRH:0
end_of_record
TN:
SF:hooks/useOfflineSync.ts
FN:15,(anonymous_0)
FN:21,(anonymous_1)
FN:27,(anonymous_2)
FN:34,(anonymous_3)
FN:41,(anonymous_4)
FN:48,(anonymous_5)
FN:59,(anonymous_6)
FN:65,(anonymous_7)
FNF:8
FNH:0
FNDA:0,(anonymous_0)
FNDA:0,(anonymous_1)
FNDA:0,(anonymous_2)
FNDA:0,(anonymous_3)
FNDA:0,(anonymous_4)
FNDA:0,(anonymous_5)
FNDA:0,(anonymous_6)
FNDA:0,(anonymous_7)
DA:15,0
DA:16,0
DA:19,0
DA:21,0
DA:23,0
DA:24,0
DA:27,0
DA:28,0
DA:34,0
DA:37,0
DA:41,0
DA:42,0
DA:43,0
DA:44,0
DA:45,0
DA:48,0
DA:49,0
DA:50,0
DA:53,0
DA:54,0
DA:57,0
DA:59,0
DA:60,0
DA:61,0
DA:65,0
DA:66,0
DA:67,0
DA:68,0
DA:69,0
DA:73,0
LF:30
LH:0
BRDA:17,0,0,0
BRDA:17,0,1,0
BRDA:67,1,0,0
BRDA:67,1,1,0
BRF:4
BRH:0
end_of_record
TN:
SF:hooks/useProjects.ts
FN:18,(anonymous_0)
FN:23,(anonymous_1)
FN:26,(anonymous_2)
FN:44,(anonymous_3)
FN:47,(anonymous_4)
FN:51,(anonymous_5)
FN:54,(anonymous_6)
FN:55,(anonymous_7)
FN:59,(anonymous_8)
FN:60,(anonymous_9)
FN:61,(anonymous_10)
FN:66,(anonymous_11)
FN:67,(anonymous_12)
FN:67,(anonymous_13)
FN:71,(anonymous_14)
FNF:15
FNH:0
FNDA:0,(anonymous_0)
FNDA:0,(anonymous_1)
FNDA:0,(anonymous_2)
FNDA:0,(anonymous_3)
FNDA:0,(anonymous_4)
FNDA:0,(anonymous_5)
FNDA:0,(anonymous_6)
FNDA:0,(anonymous_7)
FNDA:0,(anonymous_8)
FNDA:0,(anonymous_9)
FNDA:0,(anonymous_10)
FNDA:0,(anonymous_11)
FNDA:0,(anonymous_12)
FNDA:0,(anonymous_13)
FNDA:0,(anonymous_14)
DA:18,0
DA:19,0
DA:20,0
DA:21,0
DA:23,0
DA:24,0
DA:26,0
DA:27,0
DA:28,0
DA:29,0
DA:30,0
DA:31,0
DA:32,0
DA:35,0
DA:37,0
DA:41,0
DA:44,0
DA:45,0
DA:47,0
DA:48,0
DA:51,0
DA:54,0
DA:55,0
DA:56,0
DA:59,0
DA:60,0
DA:61,0
DA:63,0
DA:66,0
DA:67,0
DA:68,0
DA:71,0
DA:72,0
DA:73,0
DA:74,0
DA:76,0
DA:77,0
DA:78,0
DA:79,0
DA:81,0
DA:82,0
DA:83,0
DA:85,0
DA:89,0
LF:44
LH:0
BRDA:24,0,0,0
BRDA:24,0,1,0
BRDA:30,1,0,0
BRDA:30,1,1,0
BRDA:35,2,0,0
BRDA:35,2,1,0
BRDA:45,3,0,0
BRDA:45,3,1,0
BRDA:45,4,0,0
BRDA:45,4,1,0
BRDA:61,5,0,0
BRDA:61,5,1,0
BRDA:72,6,0,0
BRDA:72,6,1,0
BRDA:81,7,0,0
BRDA:81,7,1,0
BRF:16
BRH:0
end_of_record
TN:
SF:hooks/useTasks.ts
FN:19,(anonymous_0)
FN:25,(anonymous_1)
FN:28,(anonymous_2)
FN:47,(anonymous_3)
FN:50,(anonymous_4)
FN:54,(anonymous_5)
FN:57,(anonymous_6)
FN:58,(anonymous_7)
FN:62,(anonymous_8)
FN:63,(anonymous_9)
FN:64,(anonymous_10)
FN:69,(anonymous_11)
FN:70,(anonymous_12)
FN:70,(anonymous_13)
FN:74,(anonymous_14)
FN:78,(anonymous_15)
FNF:16
FNH:0
FNDA:0,(anonymous_0)
FNDA:0,(anonymous_1)
FNDA:0,(anonymous_2)
FNDA:0,(anonymous_3)
FNDA:0,(anonymous_4)
FNDA:0,(anonymous_5)
FNDA:0,(anonymous_6)
FNDA:0,(anonymous_7)
FNDA:0,(anonymous_8)
FNDA:0,(anonymous_9)
FNDA:0,(anonymous_10)
FNDA:0,(anonymous_11)
FNDA:0,(anonymous_12)
FNDA:0,(anonymous_13)
FNDA:0,(anonymous_14)
FNDA:0,(anonymous_15)
DA:19,0
DA:20,0
DA:21,0
DA:22,0
DA:25,0
DA:26,0
DA:28,0
DA:29,0
DA:30,0
DA:31,0
DA:32,0
DA:33,0
DA:34,0
DA:37,0
DA:39,0
DA:43,0
DA:47,0
DA:48,0
DA:50,0
DA:51,0
DA:54,0
DA:57,0
DA:58,0
DA:59,0
DA:62,0
DA:63,0
DA:64,0
DA:66,0
DA:69,0
DA:70,0
DA:71,0
DA:74,0
DA:75,0
DA:78,0
DA:79,0
DA:80,0
DA:81,0
DA:83,0
DA:84,0
DA:85,0
DA:86,0
DA:88,0
DA:89,0
DA:90,0
DA:92,0
DA:96,0
LF:46
LH:0
BRDA:26,0,0,0
BRDA:26,0,1,0
BRDA:32,1,0,0
BRDA:32,1,1,0
BRDA:37,2,0,0
BRDA:37,2,1,0
BRDA:48,3,0,0
BRDA:48,3,1,0
BRDA:48,4,0,0
BRDA:48,4,1,0
BRDA:64,5,0,0
BRDA:64,5,1,0
BRDA:79,6,0,0
BRDA:79,6,1,0
BRDA:88,7,0,0
BRDA:88,7,1,0
BRF:16
BRH:0
end_of_record
TN:
SF:lib/accessibility.ts
FN:20,(anonymous_0)
FN:27,(anonymous_1)
FN:40,(anonymous_2)
FN:48,(anonymous_3)
FN:51,(anonymous_4)
FN:64,(anonymous_5)
FN:73,(anonymous_6)
FN:84,(anonymous_7)
FN:89,(anonymous_8)
FN:101,(anonymous_9)
FN:108,(anonymous_10)
FN:114,(anonymous_11)
FN:121,(anonymous_12)
FN:124,(anonymous_13)
FN:133,(anonymous_14)
FN:141,(anonymous_15)
FN:149,(anonymous_16)
FN:156,(anonymous_17)
FNF:18
FNH:0
FNDA:0,(anonymous_0)
FNDA:0,(anonymous_1)
FNDA:0,(anonymous_2)
FNDA:0,(anonymous_3)
FNDA:0,(anonymous_4)
FNDA:0,(anonymous_5)
FNDA:0,(anonymous_6)
FNDA:0,(anonymous_7)
FNDA:0,(anonymous_8)
FNDA:0,(anonymous_9)
FNDA:0,(anonymous_10)
FNDA:0,(anonymous_11)
FNDA:0,(anonymous_12)
FNDA:0,(anonymous_13)
FNDA:0,(anonymous_14)
FNDA:0,(anonymous_15)
FNDA:0,(anonymous_16)
FNDA:0,(anonymous_17)
DA:11,0
DA:18,0
DA:21,0
DA:22,0
DA:23,0
DA:24,0
DA:29,0
DA:30,0
DA:31,0
DA:32,0
DA:33,0
DA:34,0
DA:35,0
DA:36,0
DA:37,0
DA:41,0
DA:43,0
DA:44,0
DA:45,0
DA:50,0
DA:51,0
DA:52,0
DA:53,0
DA:54,0
DA:58,0
DA:59,0
DA:60,0
DA:65,0
DA:66,0
DA:67,0
DA:69,0
DA:74,0
DA:75,0
DA:76,0
DA:77,0
DA:79,0
DA:81,0
DA:85,0
DA:86,0
DA:90,0
DA:91,0
DA:92,0
DA:93,0
DA:95,0
DA:97,0
DA:102,0
DA:103,0
DA:104,0
DA:109,0
DA:110,0
DA:115,0
DA:116,0
DA:117,0
DA:118,0
DA:119,0
DA:120,0
DA:121,0
DA:122,0
DA:124,0
DA:125,0
DA:127,0
DA:128,0
DA:129,0
DA:134,0
DA:135,0
DA:136,0
DA:138,0
DA:142,0
DA:147,0
DA:149,0
DA:150,0
DA:151,0
DA:153,0
DA:156,0
LF:74
LH:0
BRDA:40,0,0,0
BRDA:41,1,0,0
BRDA:41,1,1,0
BRDA:41,2,0,0
BRDA:41,2,1,0
BRDA:58,3,0,0
BRDA:58,3,1,0
BRDA:66,4,0,0
BRDA:66,4,1,0
BRDA:76,5,0,0
BRDA:76,5,1,0
BRDA:92,6,0,0
BRDA:92,6,1,0
BRDA:102,7,0,0
BRDA:102,7,1,0
BRDA:102,8,0,0
BRDA:102,8,1,0
BRDA:114,9,0,0
BRDA:135,10,0,0
BRDA:135,10,1,0
BRDA:150,11,0,0
BRDA:150,11,1,0
BRDA:156,12,0,0
BRDA:156,12,1,0
BRF:24
BRH:0
end_of_record
TN:
SF:lib/constants.ts
FN:16,(anonymous_0)
FN:17,(anonymous_1)
FN:18,(anonymous_2)
FN:19,(anonymous_3)
FN:20,(anonymous_4)
FN:21,(anonymous_5)
FN:22,(anonymous_6)
FN:23,(anonymous_7)
FN:24,(anonymous_8)
FN:25,(anonymous_9)
FN:26,(anonymous_10)
FN:27,(anonymous_11)
FNF:12
FNH:0
FNDA:0,(anonymous_0)
FNDA:0,(anonymous_1)
FNDA:0,(anonymous_2)
FNDA:0,(anonymous_3)
FNDA:0,(anonymous_4)
FNDA:0,(anonymous_5)
FNDA:0,(anonymous_6)
FNDA:0,(anonymous_7)
FNDA:0,(anonymous_8)
FNDA:0,(anonymous_9)
FNDA:0,(anonymous_10)
FNDA:0,(anonymous_11)
DA:2,0
DA:15,0
DA:16,0
DA:17,0
DA:18,0
DA:19,0
DA:20,0
DA:21,0
DA:22,0
DA:23,0
DA:24,0
DA:25,0
DA:26,0
DA:27,0
DA:31,0
DA:32,0
DA:33,0
DA:34,0
DA:37,0
DA:44,0
DA:47,0
DA:50,0
DA:53,0
DA:62,0
DA:70,0
LF:25
LH:0
BRF:0
BRH:0
end_of_record
TN:
SF:lib/contextArchitecture.ts
FNF:0
FNH:0
DA:141,0
LF:1
LH:0
BRF:0
BRH:0
end_of_record
TN:
SF:lib/contextAwarUI.ts
FN:20,getContextAwareConfig
FN:138,searchContextAware
FN:146,(anonymous_2)
FN:147,(anonymous_3)
FN:149,(anonymous_4)
FNF:5
FNH:0
FNDA:0,getContextAwareConfig
FNDA:0,searchContextAware
FNDA:0,(anonymous_2)
FNDA:0,(anonymous_3)
FNDA:0,(anonymous_4)
DA:21,0
DA:135,0
DA:143,0
DA:146,0
DA:147,0
DA:149,0
DA:150,0
DA:152,0
LF:8
LH:0
BRDA:143,0,0,0
BRDA:143,0,1,0
BRF:2
BRH:0
end_of_record
TN:
SF:lib/contextTransitions.ts
FN:25,getTransitionConfig
FN:38,buildTransitionPlan
FN:94,getCurrentPhase
FN:112,getTimeRemaining
FN:124,getTransitionProgress
FN:144,getAutomatedActionsForPhase
FN:167,setTransitionConfig
FNF:7
FNH:0
FNDA:0,getTransitionConfig
FNDA:0,buildTransitionPlan
FNDA:0,getCurrentPhase
FNDA:0,getTimeRemaining
FNDA:0,getTransitionProgress
FNDA:0,getAutomatedActionsForPhase
FNDA:0,setTransitionConfig
DA:30,0
DA:31,0
DA:34,0
DA:42,0
DA:43,0
DA:45,0
DA:46,0
DA:47,0
DA:49,0
DA:50,0
DA:51,0
DA:53,0
DA:84,0
DA:95,0
DA:97,0
DA:98,0
DA:99,0
DA:104,0
DA:105,0
DA:108,0
DA:113,0
DA:114,0
DA:116,0
DA:117,0
DA:120,0
DA:125,0
DA:126,0
DA:127,0
DA:129,0
DA:130,0
DA:133,0
DA:134,0
DA:137,0
DA:138,0
DA:140,0
DA:145,0
DA:147,0
DA:148,0
DA:149,0
DA:150,0
DA:151,0
DA:152,0
DA:153,0
DA:154,0
DA:155,0
DA:156,0
DA:157,0
DA:158,0
DA:159,0
DA:160,0
DA:163,0
DA:173,0
LF:52
LH:0
BRDA:98,0,0,0
BRDA:98,0,1,0
BRDA:98,1,0,0
BRDA:98,1,1,0
BRDA:104,2,0,0
BRDA:104,2,1,0
BRDA:116,3,0,0
BRDA:116,3,1,0
BRDA:129,4,0,0
BRDA:129,4,1,0
BRDA:133,5,0,0
BRDA:133,5,1,0
BRDA:147,6,0,0
BRDA:147,6,1,0
BRDA:151,7,0,0
BRDA:151,7,1,0
BRDA:155,8,0,0
BRDA:155,8,1,0
BRDA:159,9,0,0
BRDA:159,9,1,0
BRDA:176,10,0,0
BRDA:176,10,1,0
BRDA:177,11,0,0
BRDA:177,11,1,0
BRDA:178,12,0,0
BRDA:178,12,1,0
BRDA:179,13,0,0
BRDA:179,13,1,0
BRF:28
BRH:0
end_of_record
TN:
SF:lib/crossTabSync.ts
FN:24,(anonymous_0)
FN:36,(anonymous_1)
FN:39,(anonymous_2)
FN:47,(anonymous_3)
FN:51,(anonymous_4)
FN:79,(anonymous_5)
FN:96,(anonymous_6)
FN:100,(anonymous_7)
FN:104,(anonymous_8)
FN:108,(anonymous_9)
FN:112,(anonymous_10)
FN:116,(anonymous_11)
FN:120,(anonymous_12)
FN:131,(anonymous_13)
FN:138,(anonymous_14)
FNF:15
FNH:0
FNDA:0,(anonymous_0)
FNDA:0,(anonymous_1)
FNDA:0,(anonymous_2)
FNDA:0,(anonymous_3)
FNDA:0,(anonymous_4)
FNDA:0,(anonymous_5)
FNDA:0,(anonymous_6)
FNDA:0,(anonymous_7)
FNDA:0,(anonymous_8)
FNDA:0,(anonymous_9)
FNDA:0,(anonymous_10)
FNDA:0,(anonymous_11)
FNDA:0,(anonymous_12)
FNDA:0,(anonymous_13)
FNDA:0,(anonymous_14)
DA:19,0
DA:21,0
DA:25,0
DA:26,0
DA:27,0
DA:29,0
DA:30,0
DA:32,0
DA:37,0
DA:38,0
DA:39,0
DA:40,0
DA:42,0
DA:43,0
DA:48,0
DA:53,0
DA:55,0
DA:60,0
DA:62,0
DA:63,0
DA:65,0
DA:66,0
DA:68,0
DA:69,0
DA:71,0
DA:72,0
DA:74,0
DA:75,0
DA:80,0
DA:82,0
DA:88,0
DA:89,0
DA:90,0
DA:92,0
DA:97,0
DA:101,0
DA:105,0
DA:109,0
DA:113,0
DA:117,0
DA:121,0
DA:122,0
DA:123,0
DA:129,0
DA:131,0
DA:132,0
DA:133,0
DA:135,0
DA:138,0
LF:49
LH:0
BRDA:26,0,0,0
BRDA:26,0,1,0
BRDA:29,1,0,0
BRDA:29,1,1,0
BRDA:53,2,0,0
BRDA:53,2,1,0
BRDA:60,3,0,0
BRDA:60,3,1,0
BRDA:60,3,2,0
BRDA:60,3,3,0
BRDA:60,3,4,0
BRDA:80,4,0,0
BRDA:80,4,1,0
BRDA:80,5,0,0
BRDA:80,5,1,0
BRDA:121,6,0,0
BRDA:121,6,1,0
BRDA:132,7,0,0
BRDA:132,7,1,0
BRF:19
BRH:0
end_of_record
TN:
SF:lib/dataMigration.ts
FN:31,migrateLegacyTasks
FN:43,(anonymous_1)
FN:97,createFocusSessionsFromHistory
FN:104,(anonymous_3)
FN:109,(anonymous_4)
FN:140,validateMigratedData
FN:155,(anonymous_6)
FN:185,generateMigrationReport
FN:226,exportDataForBackup
FN:245,importDataFromBackup
FN:257,(anonymous_10)
FN:263,(anonymous_11)
FNF:12
FNH:0
FNDA:0,migrateLegacyTasks
FNDA:0,(anonymous_1)
FNDA:0,createFocusSessionsFromHistory
FNDA:0,(anonymous_3)
FNDA:0,(anonymous_4)
FNDA:0,validateMigratedData
FNDA:0,(anonymous_6)
FNDA:0,generateMigrationReport
FNDA:0,exportDataForBackup
FNDA:0,importDataFromBackup
FNDA:0,(anonymous_10)
FNDA:0,(anonymous_11)
DA:32,0
DA:33,0
DA:43,0
DA:44,0
DA:46,0
DA:47,0
DA:49,0
DA:50,0
DA:51,0
DA:52,0
DA:57,0
DA:64,0
DA:72,0
DA:85,0
DA:87,0
DA:91,0
DA:101,0
DA:104,0
DA:106,0
DA:109,0
DA:110,0
DA:111,0
DA:113,0
DA:131,0
DA:134,0
DA:144,0
DA:145,0
DA:148,0
DA:149,0
DA:150,0
DA:155,0
DA:156,0
DA:157,0
DA:158,0
DA:159,0
DA:165,0
DA:166,0
DA:167,0
DA:169,0
DA:170,0
DA:171,0
DA:175,0
DA:190,0
DA:201,0
DA:202,0
DA:203,0
DA:204,0
DA:205,0
DA:206,0
DA:207,0
DA:208,0
DA:211,0
DA:213,0
DA:231,0
DA:239,0
DA:248,0
DA:249,0
DA:252,0
DA:253,0
DA:257,0
DA:263,0
DA:271,0
DA:280,0
DA:281,0
LF:64
LH:0
BRDA:50,0,0,0
BRDA:50,0,1,0
BRDA:78,1,0,0
BRDA:78,1,1,0
BRDA:78,2,0,0
BRDA:78,2,1,0
BRDA:111,3,0,0
BRDA:111,3,1,0
BRDA:116,4,0,0
BRDA:116,4,1,0
BRDA:149,5,0,0
BRDA:149,5,1,0
BRDA:158,6,0,0
BRDA:158,6,1,0
BRDA:167,7,0,0
BRDA:167,7,1,0
BRDA:170,8,0,0
BRDA:170,8,1,0
BRDA:202,9,0,0
BRDA:202,9,1,0
BRDA:203,10,0,0
BRDA:203,10,1,0
BRDA:204,11,0,0
BRDA:204,11,1,0
BRDA:205,12,0,0
BRDA:205,12,1,0
BRDA:206,13,0,0
BRDA:206,13,1,0
BRDA:207,14,0,0
BRDA:207,14,1,0
BRDA:252,15,0,0
BRDA:252,15,1,0
BRDA:252,16,0,0
BRDA:252,16,1,0
BRF:34
BRH:0
end_of_record
TN:
SF:lib/dataSync.ts
FN:10,setUserId
FN:16,clearUserId
FN:22,getUserId
FN:27,cleanUndefined
FN:29,(anonymous_4)
FN:34,(anonymous_5)
FN:35,(anonymous_6)
FN:41,syncDataToFirebase
FN:45,(anonymous_8)
FN:61,(anonymous_9)
FN:70,loadDataFromFirebase
FN:83,(anonymous_11)
FN:126,listenToFirebaseChanges
FN:127,(anonymous_13)
FN:128,(anonymous_14)
FN:134,(anonymous_15)
FN:150,(anonymous_16)
FN:153,(anonymous_17)
FN:165,(anonymous_18)
FN:175,(anonymous_19)
FN:179,stopListeningToFirebaseChanges
FN:187,syncAllData
FN:203,pullAllDataFromFirebase
FNF:23
FNH:0
FNDA:0,setUserId
FNDA:0,clearUserId
FNDA:0,getUserId
FNDA:0,cleanUndefined
FNDA:0,(anonymous_4)
FNDA:0,(anonymous_5)
FNDA:0,(anonymous_6)
FNDA:0,syncDataToFirebase
FNDA:0,(anonymous_8)
FNDA:0,(anonymous_9)
FNDA:0,loadDataFromFirebase
FNDA:0,(anonymous_11)
FNDA:0,listenToFirebaseChanges
FNDA:0,(anonymous_13)
FNDA:0,(anonymous_14)
FNDA:0,(anonymous_15)
FNDA:0,(anonymous_16)
FNDA:0,(anonymous_17)
FNDA:0,(anonymous_18)
FNDA:0,(anonymous_19)
FNDA:0,stopListeningToFirebaseChanges
FNDA:0,syncAllData
FNDA:0,pullAllDataFromFirebase
DA:8,0
DA:11,0
DA:12,0
DA:17,0
DA:18,0
DA:23,0
DA:24,0
DA:28,0
DA:29,0
DA:31,0
DA:32,0
DA:34,0
DA:35,0
DA:38,0
DA:42,0
DA:43,0
DA:45,0
DA:46,0
DA:47,0
DA:48,0
DA:51,0
DA:52,0
DA:53,0
DA:56,0
DA:57,0
DA:60,0
DA:61,0
DA:66,0
DA:71,0
DA:72,0
DA:74,0
DA:75,0
DA:76,0
DA:78,0
DA:79,0
DA:81,0
DA:82,0
DA:83,0
DA:88,0
DA:89,0
DA:90,0
DA:93,0
DA:97,0
DA:99,0
DA:100,0
DA:102,0
DA:103,0
DA:105,0
DA:106,0
DA:108,0
DA:109,0
DA:111,0
DA:114,0
DA:115,0
DA:116,0
DA:119,0
DA:120,0
DA:122,0
DA:127,0
DA:128,0
DA:130,0
DA:131,0
DA:132,0
DA:133,0
DA:134,0
DA:137,0
DA:140,0
DA:141,0
DA:142,0
DA:143,0
DA:144,0
DA:149,0
DA:150,0
DA:151,0
DA:154,0
DA:155,0
DA:156,0
DA:157,0
DA:158,0
DA:159,0
DA:162,0
DA:166,0
DA:170,0
DA:171,0
DA:172,0
DA:174,0
DA:175,0
DA:180,0
DA:181,0
DA:182,0
DA:183,0
DA:188,0
DA:204,0
DA:205,0
DA:207,0
DA:208,0
DA:222,0
DA:224,0
DA:225,0
LF:99
LH:0
BRDA:11,0,0,0
BRDA:11,0,1,0
BRDA:17,1,0,0
BRDA:17,1,1,0
BRDA:23,2,0,0
BRDA:23,2,1,0
BRDA:28,3,0,0
BRDA:28,3,1,0
BRDA:31,4,0,0
BRDA:31,4,1,0
BRDA:31,5,0,0
BRDA:31,5,1,0
BRDA:42,6,0,0
BRDA:42,6,1,0
BRDA:43,7,0,0
BRDA:43,7,1,0
BRDA:47,8,0,0
BRDA:47,8,1,0
BRDA:52,9,0,0
BRDA:52,9,1,0
BRDA:57,10,0,0
BRDA:57,10,1,0
BRDA:71,11,0,0
BRDA:71,11,1,0
BRDA:72,12,0,0
BRDA:72,12,1,0
BRDA:76,13,0,0
BRDA:76,13,1,0
BRDA:79,14,0,0
BRDA:79,14,1,0
BRDA:81,15,0,0
BRDA:81,15,1,0
BRDA:88,16,0,0
BRDA:88,16,1,0
BRDA:97,17,0,0
BRDA:97,17,1,0
BRDA:97,17,2,0
BRDA:97,17,3,0
BRDA:97,17,4,0
BRDA:114,18,0,0
BRDA:114,18,1,0
BRDA:114,19,0,0
BRDA:114,19,1,0
BRDA:127,20,0,0
BRDA:127,20,1,0
BRDA:128,21,0,0
BRDA:128,21,1,0
BRDA:132,22,0,0
BRDA:132,22,1,0
BRDA:140,23,0,0
BRDA:140,23,1,0
BRDA:142,24,0,0
BRDA:142,24,1,0
BRDA:150,25,0,0
BRDA:150,25,1,0
BRDA:156,26,0,0
BRDA:156,26,1,0
BRDA:181,27,0,0
BRDA:181,27,1,0
BRDA:187,28,0,0
BRDA:187,29,0,0
BRDA:187,30,0,0
BRDA:187,31,0,0
BRDA:187,32,0,0
BRDA:198,33,0,0
BRDA:198,33,1,0
BRDA:199,34,0,0
BRDA:199,34,1,0
BRDA:204,35,0,0
BRDA:204,35,1,0
BRDA:205,36,0,0
BRDA:205,36,1,0
BRF:72
BRH:0
end_of_record
TN:
SF:lib/fileStorage.ts
FN:27,(anonymous_0)
FN:29,(anonymous_1)
FN:30,(anonymous_2)
FN:30,(anonymous_3)
FN:34,(anonymous_4)
FN:37,(anonymous_5)
FN:37,(anonymous_6)
FN:41,(anonymous_7)
FN:45,(anonymous_8)
FN:48,(anonymous_9)
FN:53,(anonymous_10)
FN:59,(anonymous_11)
FN:71,(anonymous_12)
FN:74,(anonymous_13)
FN:78,(anonymous_14)
FN:79,(anonymous_15)
FN:85,(anonymous_16)
FN:104,(anonymous_17)
FN:108,(anonymous_18)
FN:113,(anonymous_19)
FN:114,(anonymous_20)
FN:125,(anonymous_21)
FN:137,(anonymous_22)
FN:142,(anonymous_23)
FN:143,(anonymous_24)
FN:153,(anonymous_25)
FN:158,(anonymous_26)
FN:177,(anonymous_27)
FNF:28
FNH:0
FNDA:0,(anonymous_0)
FNDA:0,(anonymous_1)
FNDA:0,(anonymous_2)
FNDA:0,(anonymous_3)
FNDA:0,(anonymous_4)
FNDA:0,(anonymous_5)
FNDA:0,(anonymous_6)
FNDA:0,(anonymous_7)
FNDA:0,(anonymous_8)
FNDA:0,(anonymous_9)
FNDA:0,(anonymous_10)
FNDA:0,(anonymous_11)
FNDA:0,(anonymous_12)
FNDA:0,(anonymous_13)
FNDA:0,(anonymous_14)
FNDA:0,(anonymous_15)
FNDA:0,(anonymous_16)
FNDA:0,(anonymous_17)
FNDA:0,(anonymous_18)
FNDA:0,(anonymous_19)
FNDA:0,(anonymous_20)
FNDA:0,(anonymous_21)
FNDA:0,(anonymous_22)
FNDA:0,(anonymous_23)
FNDA:0,(anonymous_24)
FNDA:0,(anonymous_25)
FNDA:0,(anonymous_26)
FNDA:0,(anonymous_27)
DA:5,0
DA:6,0
DA:7,0
DA:24,0
DA:25,0
DA:28,0
DA:29,0
DA:30,0
DA:35,0
DA:37,0
DA:42,0
DA:43,0
DA:45,0
DA:46,0
DA:48,0
DA:49,0
DA:50,0
DA:53,0
DA:54,0
DA:55,0
DA:56,0
DA:59,0
DA:60,0
DA:61,0
DA:62,0
DA:63,0
DA:68,0
DA:72,0
DA:73,0
DA:74,0
DA:75,0
DA:76,0
DA:77,0
DA:78,0
DA:79,0
DA:81,0
DA:82,0
DA:86,0
DA:87,0
DA:88,0
DA:89,0
DA:90,0
DA:91,0
DA:92,0
DA:93,0
DA:94,0
DA:95,0
DA:96,0
DA:98,0
DA:101,0
DA:105,0
DA:106,0
DA:108,0
DA:109,0
DA:110,0
DA:111,0
DA:113,0
DA:114,0
DA:115,0
DA:116,0
DA:120,0
DA:121,0
DA:126,0
DA:127,0
DA:128,0
DA:129,0
DA:131,0
DA:134,0
DA:135,0
DA:137,0
DA:138,0
DA:139,0
DA:140,0
DA:142,0
DA:143,0
DA:144,0
DA:145,0
DA:149,0
DA:154,0
DA:155,0
DA:159,0
DA:160,0
DA:161,0
DA:162,0
DA:163,0
DA:164,0
DA:165,0
DA:168,0
DA:171,0
DA:175,0
DA:177,0
DA:178,0
DA:179,0
DA:181,0
LF:94
LH:0
BRDA:29,0,0,0
BRDA:29,0,1,0
BRDA:42,1,0,0
BRDA:42,1,1,0
BRDA:43,2,0,0
BRDA:43,2,1,0
BRDA:61,3,0,0
BRDA:61,3,1,0
BRDA:85,4,0,0
BRDA:88,5,0,0
BRDA:88,5,1,0
BRDA:88,6,0,0
BRDA:88,6,1,0
BRDA:116,7,0,0
BRDA:116,7,1,0
BRDA:126,8,0,0
BRDA:126,8,1,0
BRDA:129,9,0,0
BRDA:129,9,1,0
BRDA:155,10,0,0
BRDA:155,10,1,0
BRDA:159,11,0,0
BRDA:159,11,1,0
BRDA:162,12,0,0
BRDA:162,12,1,0
BRDA:178,13,0,0
BRDA:178,13,1,0
BRF:27
BRH:0
end_of_record
TN:
SF:lib/firebase.ts
FN:21,initializeFirebase
FN:43,(anonymous_1)
FN:53,getClientDatabase
FN:58,getClientAuth
FN:63,getClientStorage
FN:68,signInWithGoogle
FN:81,signOut
FNF:7
FNH:0
FNDA:0,initializeFirebase
FNDA:0,(anonymous_1)
FNDA:0,getClientDatabase
FNDA:0,getClientAuth
FNDA:0,getClientStorage
FNDA:0,signInWithGoogle
FNDA:0,signOut
DA:18,0
DA:19,0
DA:22,0
DA:23,0
DA:24,0
DA:25,0
DA:26,0
DA:36,0
DA:37,0
DA:38,0
DA:42,0
DA:43,0
DA:44,0
DA:45,0
DA:47,0
DA:49,0
DA:54,0
DA:55,0
DA:59,0
DA:60,0
DA:64,0
DA:65,0
DA:69,0
DA:70,0
DA:72,0
DA:73,0
DA:74,0
DA:78,0
DA:82,0
DA:83,0
LF:30
LH:0
BRDA:22,0,0,0
BRDA:22,0,1,0
BRDA:22,1,0,0
BRDA:22,1,1,0
BRDA:31,2,0,0
BRDA:31,2,1,0
BRDA:34,3,0,0
BRDA:34,3,1,0
BRDA:42,4,0,0
BRDA:42,4,1,0
BRDA:70,5,0,0
BRDA:70,5,1,0
BRF:12
BRH:0
end_of_record
TN:
SF:lib/firebaseErrors.ts
FN:5,(anonymous_0)
FN:15,(anonymous_1)
FN:43,(anonymous_2)
FN:58,(anonymous_3)
FN:66,(anonymous_4)
FN:80,(anonymous_5)
FNF:6
FNH:0
FNDA:0,(anonymous_0)
FNDA:0,(anonymous_1)
FNDA:0,(anonymous_2)
FNDA:0,(anonymous_3)
FNDA:0,(anonymous_4)
FNDA:0,(anonymous_5)
DA:10,0
DA:11,0
DA:15,0
DA:16,0
DA:17,0
DA:19,0
DA:20,0
DA:22,0
DA:23,0
DA:24,0
DA:25,0
DA:26,0
DA:27,0
DA:28,0
DA:29,0
DA:30,0
DA:31,0
DA:32,0
DA:33,0
DA:37,0
DA:38,0
DA:40,0
DA:43,0
DA:50,0
DA:51,0
DA:52,0
DA:54,0
DA:55,0
DA:57,0
DA:58,0
DA:63,0
DA:66,0
DA:71,0
DA:72,0
DA:74,0
DA:75,0
DA:76,0
DA:80,0
DA:81,0
DA:82,0
DA:89,0
DA:90,0
DA:97,0
LF:43
LH:0
BRDA:19,0,0,0
BRDA:19,0,1,0
BRDA:22,1,0,0
BRDA:22,1,1,0
BRDA:22,2,0,0
BRDA:22,2,1,0
BRDA:25,3,0,0
BRDA:25,3,1,0
BRDA:25,4,0,0
BRDA:25,4,1,0
BRDA:28,5,0,0
BRDA:28,5,1,0
BRDA:28,6,0,0
BRDA:28,6,1,0
BRDA:31,7,0,0
BRDA:31,7,1,0
BRDA:45,8,0,0
BRDA:46,9,0,0
BRDA:57,10,0,0
BRDA:57,10,1,0
BRDA:81,11,0,0
BRDA:81,11,1,0
BRDA:83,12,0,0
BRDA:83,12,1,0
BRDA:83,12,2,0
BRDA:89,13,0,0
BRDA:89,13,1,0
BRDA:91,14,0,0
BRDA:91,14,1,0
BRDA:91,14,2,0
BRF:30
BRH:0
end_of_record
TN:
SF:lib/gmailServer.ts
FN:13,(anonymous_0)
FN:19,(anonymous_1)
FN:20,(anonymous_2)
FN:21,(anonymous_3)
FN:23,(anonymous_4)
FN:25,createSignedState
FN:31,readSignedState
FN:40,encryptTokens
FN:47,decryptTokens
FN:55,verifyFirebaseToken
FN:61,(anonymous_10)
FN:67,(anonymous_11)
FN:68,(anonymous_12)
FN:74,getConnection
FN:82,(anonymous_14)
FN:85,(anonymous_15)
FN:90,saveConnection
FN:97,refreshIfNeeded
FN:104,(anonymous_18)
FN:109,(anonymous_19)
FNF:20
FNH:0
FNDA:0,(anonymous_0)
FNDA:0,(anonymous_1)
FNDA:0,(anonymous_2)
FNDA:0,(anonymous_3)
FNDA:0,(anonymous_4)
FNDA:0,createSignedState
FNDA:0,readSignedState
FNDA:0,encryptTokens
FNDA:0,decryptTokens
FNDA:0,verifyFirebaseToken
FNDA:0,(anonymous_10)
FNDA:0,(anonymous_11)
FNDA:0,(anonymous_12)
FNDA:0,getConnection
FNDA:0,(anonymous_14)
FNDA:0,(anonymous_15)
FNDA:0,saveConnection
FNDA:0,refreshIfNeeded
FNDA:0,(anonymous_18)
FNDA:0,(anonymous_19)
DA:13,0
DA:14,0
DA:15,0
DA:16,0
DA:19,0
DA:20,0
DA:21,0
DA:23,0
DA:26,0
DA:27,0
DA:28,0
DA:32,0
DA:33,0
DA:34,0
DA:35,0
DA:36,0
DA:37,0
DA:41,0
DA:42,0
DA:43,0
DA:44,0
DA:48,0
DA:49,0
DA:50,0
DA:51,0
DA:52,0
DA:56,0
DA:57,0
DA:58,0
DA:61,0
DA:62,0
DA:63,0
DA:64,0
DA:67,0
DA:68,0
DA:69,0
DA:70,0
DA:71,0
DA:75,0
DA:76,0
DA:77,0
DA:78,0
DA:79,0
DA:82,0
DA:85,0
DA:91,0
DA:94,0
DA:98,0
DA:99,0
DA:100,0
DA:104,0
DA:105,0
DA:106,0
DA:109,0
LF:54
LH:0
BRDA:15,0,0,0
BRDA:15,0,1,0
BRDA:23,1,0,0
BRDA:23,1,1,0
BRDA:33,2,0,0
BRDA:33,2,1,0
BRDA:33,3,0,0
BRDA:33,3,1,0
BRDA:36,4,0,0
BRDA:36,4,1,0
BRDA:36,5,0,0
BRDA:36,5,1,0
BRDA:49,6,0,0
BRDA:49,6,1,0
BRDA:49,7,0,0
BRDA:49,7,1,0
BRDA:49,7,2,0
BRDA:57,8,0,0
BRDA:57,8,1,0
BRDA:63,9,0,0
BRDA:63,9,1,0
BRDA:63,10,0,0
BRDA:63,10,1,0
BRDA:64,11,0,0
BRDA:64,11,1,0
BRDA:67,12,0,0
BRDA:67,12,1,0
BRDA:70,13,0,0
BRDA:70,13,1,0
BRDA:76,14,0,0
BRDA:76,14,1,0
BRDA:78,15,0,0
BRDA:78,15,1,0
BRDA:81,16,0,0
BRDA:81,16,1,0
BRDA:82,17,0,0
BRDA:82,17,1,0
BRDA:82,17,2,0
BRDA:84,18,0,0
BRDA:84,18,1,0
BRDA:94,19,0,0
BRDA:94,19,1,0
BRDA:98,20,0,0
BRDA:98,20,1,0
BRDA:99,21,0,0
BRDA:99,21,1,0
BRDA:105,22,0,0
BRDA:105,22,1,0
BRDA:105,23,0,0
BRDA:105,23,1,0
BRDA:106,24,0,0
BRDA:106,24,1,0
BRDA:106,25,0,0
BRDA:106,25,1,0
BRF:54
BRH:0
end_of_record
TN:
SF:lib/helpers.ts
FN:5,(anonymous_9)
FN:11,(anonymous_10)
FN:21,(anonymous_11)
FN:37,(anonymous_12)
FN:62,(anonymous_13)
FN:83,(anonymous_14)
FN:91,(anonymous_15)
FN:98,(anonymous_16)
FN:104,(anonymous_17)
FN:120,(anonymous_18)
FN:132,(anonymous_19)
FNF:11
FNH:6
FNDA:13,(anonymous_9)
FNDA:6,(anonymous_10)
FNDA:8,(anonymous_11)
FNDA:11,(anonymous_12)
FNDA:3,(anonymous_13)
FNDA:7,(anonymous_14)
FNDA:0,(anonymous_15)
FNDA:0,(anonymous_16)
FNDA:0,(anonymous_17)
FNDA:0,(anonymous_18)
FNDA:0,(anonymous_19)
DA:2,2
DA:5,2
DA:6,13
DA:7,13
DA:11,2
DA:17,6
DA:21,8
DA:29,8
DA:30,1
DA:31,1
DA:34,7
DA:35,7
DA:37,7
DA:39,11
DA:40,3
DA:44,8
DA:45,1
DA:49,7
DA:50,1
DA:53,6
DA:54,6
DA:57,6
DA:62,3
DA:63,3
DA:64,3
DA:66,3
DA:67,1
DA:70,2
DA:71,2
DA:72,2
DA:74,2
DA:75,1
DA:78,1
DA:79,1
DA:83,2
DA:84,7
DA:85,7
DA:86,7
DA:87,7
DA:91,2
DA:92,0
DA:93,0
DA:94,0
DA:98,2
DA:99,0
DA:100,0
DA:104,2
DA:105,0
DA:106,0
DA:107,0
DA:108,0
DA:110,0
DA:111,0
DA:112,0
DA:113,0
DA:114,0
DA:115,0
DA:116,0
DA:120,2
DA:121,0
DA:122,0
DA:123,0
DA:124,0
DA:125,0
DA:126,0
DA:127,0
DA:132,2
DA:133,0
DA:134,0
LF:69
LH:44
BRDA:17,0,0,6
BRDA:17,0,1,4
BRDA:26,1,0,1
BRDA:29,2,0,1
BRDA:29,2,1,7
BRDA:39,3,0,3
BRDA:39,3,1,8
BRDA:39,4,0,11
BRDA:39,4,1,10
BRDA:39,4,2,9
BRDA:44,5,0,1
BRDA:44,5,1,7
BRDA:49,6,0,1
BRDA:49,6,1,6
BRDA:66,7,0,1
BRDA:66,7,1,2
BRDA:74,8,0,1
BRDA:74,8,1,1
BRDA:110,9,0,0
BRDA:110,9,1,0
BRDA:111,10,0,0
BRDA:111,10,1,0
BRDA:112,11,0,0
BRDA:112,11,1,0
BRDA:113,12,0,0
BRDA:113,12,1,0
BRDA:114,13,0,0
BRDA:114,13,1,0
BRDA:115,14,0,0
BRDA:115,14,1,0
BRDA:121,15,0,0
BRDA:121,15,1,0
BRDA:121,15,2,0
BRDA:121,15,3,0
BRDA:121,15,4,0
BRDA:121,15,5,0
BRDA:132,16,0,0
BRDA:133,17,0,0
BRDA:133,17,1,0
BRF:39
BRH:18
end_of_record
TN:
SF:lib/hierarchyHelpers.ts
FN:10,buildTree
FN:15,(anonymous_1)
FN:16,(anonymous_2)
FN:21,(anonymous_3)
FN:25,addLevels
FN:29,(anonymous_5)
FN:34,getDescendants
FN:37,(anonymous_7)
FN:42,getAncestors
FN:46,(anonymous_9)
FN:48,(anonymous_10)
FN:54,flattenTree
FN:55,(anonymous_12)
FN:62,hasChildren
FN:66,(anonymous_14)
FN:70,getChildren
FN:74,(anonymous_16)
FN:78,countDescendants
FN:83,(anonymous_18)
FNF:19
FNH:0
FNDA:0,buildTree
FNDA:0,(anonymous_1)
FNDA:0,(anonymous_2)
FNDA:0,(anonymous_3)
FNDA:0,addLevels
FNDA:0,(anonymous_5)
FNDA:0,getDescendants
FNDA:0,(anonymous_7)
FNDA:0,getAncestors
FNDA:0,(anonymous_9)
FNDA:0,(anonymous_10)
FNDA:0,flattenTree
FNDA:0,(anonymous_12)
FNDA:0,hasChildren
FNDA:0,(anonymous_14)
FNDA:0,getChildren
FNDA:0,(anonymous_16)
FNDA:0,countDescendants
FNDA:0,(anonymous_18)
DA:14,0
DA:15,0
DA:16,0
DA:21,0
DA:26,0
DA:29,0
DA:35,0
DA:37,0
DA:46,0
DA:47,0
DA:48,0
DA:49,0
DA:50,0
DA:55,0
DA:66,0
DA:74,0
DA:82,0
DA:83,0
LF:18
LH:0
BRDA:15,0,0,0
BRDA:15,0,1,0
BRDA:47,1,0,0
BRDA:47,1,1,0
BRDA:47,2,0,0
BRDA:47,2,1,0
BRDA:49,3,0,0
BRDA:49,3,1,0
BRF:8
BRH:0
end_of_record
TN:
SF:lib/icloudServer.ts
FN:7,(anonymous_0)
FN:8,(anonymous_1)
FN:9,(anonymous_2)
FN:14,(anonymous_3)
FN:16,encryptICloudCredentials
FN:23,decryptICloudCredentials
FN:31,(anonymous_6)
FN:32,(anonymous_7)
FN:33,(anonymous_8)
FN:38,getICloudConnection
FN:46,(anonymous_10)
FN:47,(anonymous_11)
FN:50,saveICloudConnection
FN:55,dav
FN:61,(anonymous_14)
FN:65,(anonymous_15)
FN:67,discoverICloudCalendars
FN:76,(anonymous_17)
FN:87,(anonymous_18)
FN:88,(anonymous_19)
FN:89,(anonymous_20)
FN:95,readICloudEvents
FN:98,(anonymous_22)
FN:100,(anonymous_23)
FN:102,(anonymous_24)
FN:103,(anonymous_25)
FN:103,(anonymous_26)
FNF:27
FNH:0
FNDA:0,(anonymous_0)
FNDA:0,(anonymous_1)
FNDA:0,(anonymous_2)
FNDA:0,(anonymous_3)
FNDA:0,encryptICloudCredentials
FNDA:0,decryptICloudCredentials
FNDA:0,(anonymous_6)
FNDA:0,(anonymous_7)
FNDA:0,(anonymous_8)
FNDA:0,getICloudConnection
FNDA:0,(anonymous_10)
FNDA:0,(anonymous_11)
FNDA:0,saveICloudConnection
FNDA:0,dav
FNDA:0,(anonymous_14)
FNDA:0,(anonymous_15)
FNDA:0,discoverICloudCalendars
FNDA:0,(anonymous_17)
FNDA:0,(anonymous_18)
FNDA:0,(anonymous_19)
FNDA:0,(anonymous_20)
FNDA:0,readICloudEvents
FNDA:0,(anonymous_22)
FNDA:0,(anonymous_23)
FNDA:0,(anonymous_24)
FNDA:0,(anonymous_25)
FNDA:0,(anonymous_26)
DA:7,0
DA:8,0
DA:9,0
DA:10,0
DA:11,0
DA:12,0
DA:14,0
DA:17,0
DA:18,0
DA:19,0
DA:20,0
DA:24,0
DA:25,0
DA:26,0
DA:27,0
DA:28,0
DA:31,0
DA:32,0
DA:33,0
DA:34,0
DA:35,0
DA:36,0
DA:39,0
DA:40,0
DA:41,0
DA:42,0
DA:43,0
DA:46,0
DA:47,0
DA:51,0
DA:52,0
DA:56,0
DA:57,0
DA:58,0
DA:59,0
DA:61,0
DA:62,0
DA:63,0
DA:65,0
DA:68,0
DA:69,0
DA:70,0
DA:71,0
DA:72,0
DA:73,0
DA:74,0
DA:75,0
DA:76,0
DA:77,0
DA:78,0
DA:79,0
DA:80,0
DA:81,0
DA:82,0
DA:83,0
DA:87,0
DA:88,0
DA:89,0
DA:90,0
DA:91,0
DA:92,0
DA:96,0
DA:97,0
DA:98,0
DA:99,0
DA:100,0
DA:101,0
DA:102,0
DA:103,0
DA:104,0
DA:105,0
DA:106,0
DA:107,0
DA:110,0
LF:74
LH:0
BRDA:11,0,0,0
BRDA:11,0,1,0
BRDA:25,1,0,0
BRDA:25,1,1,0
BRDA:25,2,0,0
BRDA:25,2,1,0
BRDA:25,2,2,0
BRDA:32,3,0,0
BRDA:32,3,1,0
BRDA:35,4,0,0
BRDA:35,4,1,0
BRDA:40,5,0,0
BRDA:40,5,1,0
BRDA:42,6,0,0
BRDA:42,6,1,0
BRDA:45,7,0,0
BRDA:45,7,1,0
BRDA:46,8,0,0
BRDA:46,8,1,0
BRDA:46,9,0,0
BRDA:46,9,1,0
BRDA:46,9,2,0
BRDA:47,10,0,0
BRDA:47,10,1,0
BRDA:52,11,0,0
BRDA:52,11,1,0
BRDA:58,12,0,0
BRDA:58,12,1,0
BRDA:58,13,0,0
BRDA:58,13,1,0
BRDA:58,14,0,0
BRDA:58,14,1,0
BRDA:63,15,0,0
BRDA:63,15,1,0
BRDA:70,16,0,0
BRDA:70,16,1,0
BRDA:73,17,0,0
BRDA:73,17,1,0
BRDA:75,18,0,0
BRDA:75,18,1,0
BRDA:77,19,0,0
BRDA:77,19,1,0
BRDA:79,20,0,0
BRDA:79,20,1,0
BRDA:80,21,0,0
BRDA:80,21,1,0
BRDA:81,22,0,0
BRDA:81,22,1,0
BRDA:82,23,0,0
BRDA:82,23,1,0
BRDA:88,24,0,0
BRDA:88,24,1,0
BRDA:90,25,0,0
BRDA:90,25,1,0
BRDA:92,26,0,0
BRDA:92,26,1,0
BRDA:92,27,0,0
BRDA:92,27,1,0
BRDA:92,28,0,0
BRDA:92,28,1,0
BRDA:103,29,0,0
BRDA:103,29,1,0
BRDA:104,30,0,0
BRDA:104,30,1,0
BRDA:105,31,0,0
BRDA:105,31,1,0
BRDA:107,32,0,0
BRDA:107,32,1,0
BRDA:107,33,0,0
BRDA:107,33,1,0
BRDA:107,34,0,0
BRDA:107,34,1,0
BRDA:107,35,0,0
BRDA:107,35,1,0
BRF:74
BRH:0
end_of_record
TN:
SF:lib/keyboardShortcuts.ts
FN:20,(anonymous_0)
FN:26,(anonymous_1)
FN:27,(anonymous_2)
FN:30,(anonymous_3)
FN:40,(anonymous_4)
FN:52,(anonymous_5)
FN:57,(anonymous_6)
FN:72,(anonymous_7)
FN:77,(anonymous_8)
FN:82,(anonymous_9)
FN:86,(anonymous_10)
FN:91,(anonymous_11)
FN:96,(anonymous_12)
FN:106,(anonymous_13)
FN:114,(anonymous_14)
FNF:15
FNH:0
FNDA:0,(anonymous_0)
FNDA:0,(anonymous_1)
FNDA:0,(anonymous_2)
FNDA:0,(anonymous_3)
FNDA:0,(anonymous_4)
FNDA:0,(anonymous_5)
FNDA:0,(anonymous_6)
FNDA:0,(anonymous_7)
FNDA:0,(anonymous_8)
FNDA:0,(anonymous_9)
FNDA:0,(anonymous_10)
FNDA:0,(anonymous_11)
FNDA:0,(anonymous_12)
FNDA:0,(anonymous_13)
FNDA:0,(anonymous_14)
DA:16,0
DA:17,0
DA:18,0
DA:21,0
DA:22,0
DA:23,0
DA:27,0
DA:31,0
DA:32,0
DA:33,0
DA:34,0
DA:35,0
DA:36,0
DA:37,0
DA:41,0
DA:43,0
DA:53,0
DA:54,0
DA:58,0
DA:59,0
DA:62,0
DA:63,0
DA:64,0
DA:65,0
DA:66,0
DA:67,0
DA:73,0
DA:74,0
DA:78,0
DA:79,0
DA:83,0
DA:87,0
DA:88,0
DA:92,0
DA:93,0
DA:97,0
DA:98,0
DA:104,0
DA:106,0
DA:107,0
DA:108,0
DA:109,0
DA:111,0
DA:114,0
LF:44
LH:0
BRDA:32,0,0,0
BRDA:32,0,1,0
BRDA:33,1,0,0
BRDA:33,1,1,0
BRDA:34,2,0,0
BRDA:34,2,1,0
BRDA:35,3,0,0
BRDA:35,3,1,0
BRDA:44,4,0,0
BRDA:44,4,1,0
BRDA:44,4,2,0
BRDA:44,4,3,0
BRDA:44,4,4,0
BRDA:53,5,0,0
BRDA:53,5,1,0
BRDA:53,6,0,0
BRDA:53,6,1,0
BRDA:58,7,0,0
BRDA:58,7,1,0
BRDA:58,8,0,0
BRDA:58,8,1,0
BRDA:63,9,0,0
BRDA:63,9,1,0
BRDA:97,10,0,0
BRDA:97,10,1,0
BRDA:107,11,0,0
BRDA:107,11,1,0
BRDA:114,12,0,0
BRDA:114,12,1,0
BRF:29
BRH:0
end_of_record
TN:
SF:lib/lifeos-kernel.ts
FN:262,generateMockObservations
FN:364,buildContext
FN:370,(anonymous_2)
FN:379,(anonymous_3)
FN:398,(anonymous_4)
FN:408,(anonymous_5)
FN:419,(anonymous_6)
FN:420,(anonymous_7)
FN:429,(anonymous_8)
FN:430,(anonymous_9)
FN:465,reasonAboutRecommendation
FN:476,(anonymous_11)
FN:483,(anonymous_12)
FN:484,(anonymous_13)
FNF:14
FNH:0
FNDA:0,generateMockObservations
FNDA:0,buildContext
FNDA:0,(anonymous_2)
FNDA:0,(anonymous_3)
FNDA:0,(anonymous_4)
FNDA:0,(anonymous_5)
FNDA:0,(anonymous_6)
FNDA:0,(anonymous_7)
FNDA:0,(anonymous_8)
FNDA:0,(anonymous_9)
FNDA:0,reasonAboutRecommendation
FNDA:0,(anonymous_11)
FNDA:0,(anonymous_12)
FNDA:0,(anonymous_13)
DA:159,0
DA:263,0
DA:265,0
DA:365,0
DA:368,0
DA:370,0
DA:371,0
DA:379,0
DA:380,0
DA:389,0
DA:396,0
DA:398,0
DA:399,0
DA:400,0
DA:408,0
DA:409,0
DA:410,0
DA:418,0
DA:419,0
DA:420,0
DA:428,0
DA:429,0
DA:432,0
DA:433,0
DA:441,0
DA:472,0
DA:473,0
DA:476,0
DA:477,0
DA:478,0
DA:479,0
DA:483,0
DA:484,0
DA:485,0
DA:486,0
DA:487,0
DA:491,0
DA:509,0
LF:38
LH:0
BRDA:370,0,0,0
BRDA:370,0,1,0
BRDA:370,1,0,0
BRDA:370,1,1,0
BRDA:379,2,0,0
BRDA:379,2,1,0
BRDA:379,3,0,0
BRDA:379,3,1,0
BRDA:398,4,0,0
BRDA:398,4,1,0
BRDA:399,5,0,0
BRDA:399,5,1,0
BRDA:408,6,0,0
BRDA:408,6,1,0
BRDA:409,7,0,0
BRDA:409,7,1,0
BRDA:424,8,0,0
BRDA:424,8,1,0
BRDA:429,9,0,0
BRDA:429,9,1,0
BRDA:432,10,0,0
BRDA:432,10,1,0
BRDA:432,11,0,0
BRDA:432,11,1,0
BRDA:437,12,0,0
BRDA:437,12,1,0
BRDA:476,13,0,0
BRDA:476,13,1,0
BRDA:477,14,0,0
BRDA:477,14,1,0
BRDA:483,15,0,0
BRDA:483,15,1,0
BRDA:483,16,0,0
BRDA:483,16,1,0
BRDA:483,16,2,0
BRDA:484,17,0,0
BRDA:484,17,1,0
BRDA:485,18,0,0
BRDA:485,18,1,0
BRDA:493,19,0,0
BRDA:493,19,1,0
BRDA:495,20,0,0
BRDA:495,20,1,0
BRF:43
BRH:0
end_of_record
TN:
SF:lib/logger.ts
FN:16,(anonymous_1)
FN:26,(anonymous_2)
FN:57,(anonymous_3)
FN:67,(anonymous_4)
FN:71,(anonymous_5)
FN:75,(anonymous_6)
FN:79,(anonymous_7)
FN:84,(anonymous_8)
FN:88,(anonymous_9)
FN:92,(anonymous_10)
FNF:10
FNH:4
FNDA:1,(anonymous_1)
FNDA:1,(anonymous_2)
FNDA:1,(anonymous_3)
FNDA:1,(anonymous_4)
FNDA:0,(anonymous_5)
FNDA:0,(anonymous_6)
FNDA:0,(anonymous_7)
FNDA:0,(anonymous_8)
FNDA:0,(anonymous_9)
FNDA:0,(anonymous_10)
DA:13,2
DA:14,2
DA:17,1
DA:27,1
DA:28,1
DA:30,1
DA:31,1
DA:32,1
DA:34,1
DA:35,1
DA:37,0
DA:38,0
DA:40,0
DA:41,0
DA:43,0
DA:44,0
DA:49,1
DA:52,1
DA:53,0
DA:58,1
DA:64,1
DA:68,1
DA:72,0
DA:76,0
DA:80,0
DA:81,0
DA:85,0
DA:89,0
DA:93,0
DA:97,2
LF:30
LH:16
BRDA:14,0,0,2
BRDA:14,0,1,2
BRDA:30,1,0,1
BRDA:30,1,1,0
BRDA:31,2,0,1
BRDA:31,2,1,1
BRDA:31,2,2,1
BRDA:32,3,0,1
BRDA:32,3,1,0
BRDA:32,3,2,0
BRDA:32,3,3,0
BRDA:52,4,0,0
BRDA:52,4,1,1
BRDA:80,5,0,0
BRDA:80,5,1,0
BRF:15
BRH:8
end_of_record
TN:
SF:lib/offlineQueue.ts
FN:19,(anonymous_0)
FN:25,(anonymous_1)
FN:26,(anonymous_2)
FN:32,(anonymous_3)
FN:38,(anonymous_4)
FN:51,(anonymous_5)
FN:59,(anonymous_6)
FN:77,(anonymous_7)
FN:117,(anonymous_8)
FN:121,(anonymous_9)
FN:125,(anonymous_10)
FN:131,(anonymous_11)
FN:135,(anonymous_12)
FN:143,(anonymous_13)
FN:150,(anonymous_14)
FNF:15
FNH:0
FNDA:0,(anonymous_0)
FNDA:0,(anonymous_1)
FNDA:0,(anonymous_2)
FNDA:0,(anonymous_3)
FNDA:0,(anonymous_4)
FNDA:0,(anonymous_5)
FNDA:0,(anonymous_6)
FNDA:0,(anonymous_7)
FNDA:0,(anonymous_8)
FNDA:0,(anonymous_9)
FNDA:0,(anonymous_10)
FNDA:0,(anonymous_11)
FNDA:0,(anonymous_12)
FNDA:0,(anonymous_13)
FNDA:0,(anonymous_14)
DA:14,0
DA:15,0
DA:16,0
DA:17,0
DA:20,0
DA:21,0
DA:22,0
DA:26,0
DA:27,0
DA:28,0
DA:29,0
DA:32,0
DA:33,0
DA:34,0
DA:39,0
DA:40,0
DA:41,0
DA:42,0
DA:43,0
DA:46,0
DA:47,0
DA:52,0
DA:53,0
DA:55,0
DA:60,0
DA:68,0
DA:69,0
DA:70,0
DA:72,0
DA:73,0
DA:78,0
DA:79,0
DA:82,0
DA:84,0
DA:85,0
DA:87,0
DA:88,0
DA:89,0
DA:90,0
DA:91,0
DA:92,0
DA:94,0
DA:96,0
DA:97,0
DA:101,0
DA:102,0
DA:104,0
DA:108,0
DA:109,0
DA:114,0
DA:118,0
DA:122,0
DA:126,0
DA:127,0
DA:128,0
DA:132,0
DA:136,0
DA:141,0
DA:143,0
DA:144,0
DA:145,0
DA:147,0
DA:150,0
LF:63
LH:0
BRDA:41,0,0,0
BRDA:41,0,1,0
BRDA:65,1,0,0
BRDA:65,1,1,0
BRDA:72,2,0,0
BRDA:72,2,1,0
BRDA:78,3,0,0
BRDA:78,3,1,0
BRDA:78,4,0,0
BRDA:78,4,1,0
BRDA:78,4,2,0
BRDA:96,5,0,0
BRDA:96,5,1,0
BRDA:144,6,0,0
BRDA:144,6,1,0
BRDA:150,7,0,0
BRDA:150,7,1,0
BRF:17
BRH:0
end_of_record
TN:
SF:lib/outlookServer.ts
FN:7,(anonymous_0)
FN:12,(anonymous_1)
FN:13,(anonymous_2)
FN:14,(anonymous_3)
FN:15,(anonymous_4)
FN:16,(anonymous_5)
FN:17,(anonymous_6)
FN:18,(anonymous_7)
FN:19,(anonymous_8)
FN:20,(anonymous_9)
FN:21,(anonymous_10)
FN:22,(anonymous_11)
FN:23,getOutlookConnection
FN:23,(anonymous_13)
FN:23,(anonymous_14)
FN:24,saveOutlookConnection
FN:25,refreshOutlookTokens
FN:25,(anonymous_17)
FNF:18
FNH:0
FNDA:0,(anonymous_0)
FNDA:0,(anonymous_1)
FNDA:0,(anonymous_2)
FNDA:0,(anonymous_3)
FNDA:0,(anonymous_4)
FNDA:0,(anonymous_5)
FNDA:0,(anonymous_6)
FNDA:0,(anonymous_7)
FNDA:0,(anonymous_8)
FNDA:0,(anonymous_9)
FNDA:0,(anonymous_10)
FNDA:0,(anonymous_11)
FNDA:0,getOutlookConnection
FNDA:0,(anonymous_13)
FNDA:0,(anonymous_14)
FNDA:0,saveOutlookConnection
FNDA:0,refreshOutlookTokens
FNDA:0,(anonymous_17)
DA:7,0
DA:8,0
DA:9,0
DA:10,0
DA:12,0
DA:13,0
DA:14,0
DA:15,0
DA:16,0
DA:17,0
DA:18,0
DA:19,0
DA:20,0
DA:21,0
DA:22,0
DA:23,0
DA:24,0
DA:25,0
LF:18
LH:0
BRDA:9,0,0,0
BRDA:9,0,1,0
BRDA:15,1,0,0
BRDA:15,1,1,0
BRDA:17,2,0,0
BRDA:17,2,1,0
BRDA:19,3,0,0
BRDA:19,3,1,0
BRDA:19,4,0,0
BRDA:19,4,1,0
BRDA:19,5,0,0
BRDA:19,5,1,0
BRDA:19,6,0,0
BRDA:19,6,1,0
BRDA:21,7,0,0
BRDA:21,7,1,0
BRDA:21,8,0,0
BRDA:21,8,1,0
BRDA:21,8,2,0
BRDA:22,9,0,0
BRDA:22,9,1,0
BRDA:22,10,0,0
BRDA:22,10,1,0
BRDA:23,11,0,0
BRDA:23,11,1,0
BRDA:23,12,0,0
BRDA:23,12,1,0
BRDA:23,13,0,0
BRDA:23,13,1,0
BRDA:23,14,0,0
BRDA:23,14,1,0
BRDA:23,14,2,0
BRDA:23,15,0,0
BRDA:23,15,1,0
BRDA:24,16,0,0
BRDA:24,16,1,0
BRDA:25,17,0,0
BRDA:25,17,1,0
BRDA:25,18,0,0
BRDA:25,18,1,0
BRDA:25,19,0,0
BRDA:25,19,1,0
BRDA:25,20,0,0
BRDA:25,20,1,0
BRDA:25,21,0,0
BRDA:25,21,1,0
BRDA:25,22,0,0
BRDA:25,22,1,0
BRDA:25,23,0,0
BRDA:25,23,1,0
BRF:50
BRH:0
end_of_record
TN:
SF:lib/performance.ts
FN:7,(anonymous_0)
FN:11,(anonymous_1)
FN:27,(anonymous_2)
FN:42,(anonymous_3)
FN:49,(anonymous_4)
FN:52,(anonymous_5)
FN:62,(anonymous_6)
FN:69,(anonymous_7)
FN:82,(anonymous_8)
FN:87,(anonymous_9)
FN:93,(anonymous_10)
FN:98,(anonymous_11)
FN:106,(anonymous_12)
FN:116,(anonymous_13)
FN:117,(anonymous_14)
FNF:15
FNH:0
FNDA:0,(anonymous_0)
FNDA:0,(anonymous_1)
FNDA:0,(anonymous_2)
FNDA:0,(anonymous_3)
FNDA:0,(anonymous_4)
FNDA:0,(anonymous_5)
FNDA:0,(anonymous_6)
FNDA:0,(anonymous_7)
FNDA:0,(anonymous_8)
FNDA:0,(anonymous_9)
FNDA:0,(anonymous_10)
FNDA:0,(anonymous_11)
FNDA:0,(anonymous_12)
FNDA:0,(anonymous_13)
FNDA:0,(anonymous_14)
DA:7,0
DA:11,0
DA:12,0
DA:13,0
DA:14,0
DA:16,0
DA:17,0
DA:20,0
DA:27,0
DA:31,0
DA:32,0
DA:33,0
DA:35,0
DA:36,0
DA:42,0
DA:47,0
DA:49,0
DA:50,0
DA:52,0
DA:53,0
DA:54,0
DA:62,0
DA:67,0
DA:69,0
DA:70,0
DA:71,0
DA:72,0
DA:73,0
DA:74,0
DA:82,0
DA:87,0
DA:93,0
DA:98,0
DA:104,0
DA:106,0
DA:107,0
DA:109,0
DA:110,0
DA:116,0
DA:117,0
DA:118,0
LF:41
LH:0
BRDA:16,0,0,0
BRDA:16,0,1,0
BRDA:44,1,0,0
BRDA:45,2,0,0
BRDA:50,3,0,0
BRDA:50,3,1,0
BRDA:64,4,0,0
BRDA:65,5,0,0
BRDA:71,6,0,0
BRDA:71,6,1,0
BRDA:85,7,0,0
BRDA:96,8,0,0
BRDA:107,9,0,0
BRDA:107,9,1,0
BRDA:109,10,0,0
BRDA:109,10,1,0
BRF:16
BRH:0
end_of_record
TN:
SF:lib/personalContextLayer.ts
FN:24,calculatePriorityScore
FN:32,(anonymous_1)
FN:33,(anonymous_2)
FN:34,(anonymous_3)
FN:67,extractCriticalAlerts
FN:68,(anonymous_5)
FN:72,determineRecommendedContext
FN:88,(anonymous_7)
FN:94,(anonymous_8)
FN:99,(anonymous_9)
FN:112,buildPersonalContextLayer
FN:123,(anonymous_11)
FN:132,calculateContextualMetadata
FN:139,(anonymous_13)
FN:141,(anonymous_14)
FN:147,(anonymous_15)
FN:151,(anonymous_16)
FN:152,(anonymous_17)
FN:154,(anonymous_18)
FN:158,(anonymous_19)
FN:168,generateAllContextMetadata
FNF:21
FNH:0
FNDA:0,calculatePriorityScore
FNDA:0,(anonymous_1)
FNDA:0,(anonymous_2)
FNDA:0,(anonymous_3)
FNDA:0,extractCriticalAlerts
FNDA:0,(anonymous_5)
FNDA:0,determineRecommendedContext
FNDA:0,(anonymous_7)
FNDA:0,(anonymous_8)
FNDA:0,(anonymous_9)
FNDA:0,buildPersonalContextLayer
FNDA:0,(anonymous_11)
FNDA:0,calculateContextualMetadata
FNDA:0,(anonymous_13)
FNDA:0,(anonymous_14)
FNDA:0,(anonymous_15)
FNDA:0,(anonymous_16)
FNDA:0,(anonymous_17)
FNDA:0,(anonymous_18)
FNDA:0,(anonymous_19)
FNDA:0,generateAllContextMetadata
DA:29,0
DA:32,0
DA:33,0
DA:34,0
DA:36,0
DA:37,0
DA:40,0
DA:41,0
DA:45,0
DA:46,0
DA:47,0
DA:48,0
DA:50,0
DA:51,0
DA:52,0
DA:56,0
DA:57,0
DA:60,0
DA:61,0
DA:63,0
DA:68,0
DA:77,0
DA:88,0
DA:94,0
DA:97,0
DA:98,0
DA:99,0
DA:100,0
DA:101,0
DA:102,0
DA:108,0
DA:117,0
DA:118,0
DA:120,0
DA:124,0
DA:139,0
DA:140,0
DA:141,0
DA:142,0
DA:144,0
DA:147,0
DA:150,0
DA:151,0
DA:152,0
DA:154,0
DA:156,0
DA:158,0
DA:173,0
DA:183,0
DA:185,0
DA:186,0
DA:189,0
LF:52
LH:0
BRDA:40,0,0,0
BRDA:40,0,1,0
BRDA:45,1,0,0
BRDA:45,1,1,0
BRDA:50,2,0,0
BRDA:50,2,1,0
BRDA:51,3,0,0
BRDA:51,3,1,0
BRDA:52,4,0,0
BRDA:52,4,1,0
BRDA:56,5,0,0
BRDA:56,5,1,0
BRDA:57,6,0,0
BRDA:57,6,1,0
BRDA:60,7,0,0
BRDA:60,7,1,0
BRDA:61,8,0,0
BRDA:61,8,1,0
BRDA:98,9,0,0
BRDA:98,9,1,0
BRDA:101,10,0,0
BRDA:101,10,1,0
BRDA:108,11,0,0
BRDA:108,11,1,0
BRDA:140,12,0,0
BRDA:140,12,1,0
BRDA:147,13,0,0
BRDA:147,13,1,0
BRF:28
BRH:0
end_of_record
TN:
SF:lib/settingsMigration.ts
FN:8,migrateSettings
FNF:1
FNH:1
FNDA:2,migrateSettings
DA:1,1
DA:8,2
DA:9,2
DA:10,2
DA:11,2
DA:12,2
LF:6
LH:6
BRDA:10,0,0,1
BRDA:10,0,1,1
BRDA:10,1,0,2
BRDA:10,1,1,1
BRF:4
BRH:4
end_of_record
TN:
SF:lib/studyAbroadHelpers.ts
FN:11,getUniversityById
FN:12,(anonymous_1)
FN:15,getProgramById
FN:16,(anonymous_3)
FN:19,getScholarshipById
FN:20,(anonymous_5)
FN:23,getApplicationById
FN:24,(anonymous_7)
FN:27,getDocumentById
FN:28,(anonymous_9)
FN:31,getProgramsForUniversity
FN:32,(anonymous_11)
FN:35,getApplicationsForProgram
FN:36,(anonymous_13)
FN:39,getAffectedApplicationsByDocument
FN:40,(anonymous_15)
FN:43,countApplicationsByStatus
FN:44,(anonymous_17)
FN:47,upcomingDeadlines
FN:62,(anonymous_19)
FN:92,(anonymous_20)
FN:95,calculateFitScore
FN:115,(anonymous_22)
FN:116,(anonymous_23)
FN:158,(anonymous_24)
FN:158,(anonymous_25)
FN:160,(anonymous_26)
FN:175,generateObservations
FN:181,(anonymous_28)
FN:193,(anonymous_29)
FN:202,(anonymous_30)
FN:220,(anonymous_31)
FN:242,(anonymous_32)
FNF:33
FNH:0
FNDA:0,getUniversityById
FNDA:0,(anonymous_1)
FNDA:0,getProgramById
FNDA:0,(anonymous_3)
FNDA:0,getScholarshipById
FNDA:0,(anonymous_5)
FNDA:0,getApplicationById
FNDA:0,(anonymous_7)
FNDA:0,getDocumentById
FNDA:0,(anonymous_9)
FNDA:0,getProgramsForUniversity
FNDA:0,(anonymous_11)
FNDA:0,getApplicationsForProgram
FNDA:0,(anonymous_13)
FNDA:0,getAffectedApplicationsByDocument
FNDA:0,(anonymous_15)
FNDA:0,countApplicationsByStatus
FNDA:0,(anonymous_17)
FNDA:0,upcomingDeadlines
FNDA:0,(anonymous_19)
FNDA:0,(anonymous_20)
FNDA:0,calculateFitScore
FNDA:0,(anonymous_22)
FNDA:0,(anonymous_23)
FNDA:0,(anonymous_24)
FNDA:0,(anonymous_25)
FNDA:0,(anonymous_26)
FNDA:0,generateObservations
FNDA:0,(anonymous_28)
FNDA:0,(anonymous_29)
FNDA:0,(anonymous_30)
FNDA:0,(anonymous_31)
FNDA:0,(anonymous_32)
DA:12,0
DA:16,0
DA:20,0
DA:24,0
DA:28,0
DA:32,0
DA:36,0
DA:40,0
DA:44,0
DA:53,0
DA:54,0
DA:60,0
DA:62,0
DA:63,0
DA:64,0
DA:65,0
DA:66,0
DA:67,0
DA:68,0
DA:69,0
DA:77,0
DA:78,0
DA:79,0
DA:80,0
DA:81,0
DA:82,0
DA:92,0
DA:100,0
DA:101,0
DA:102,0
DA:105,0
DA:106,0
DA:107,0
DA:108,0
DA:109,0
DA:110,0
DA:111,0
DA:115,0
DA:116,0
DA:117,0
DA:118,0
DA:119,0
DA:120,0
DA:121,0
DA:122,0
DA:124,0
DA:127,0
DA:128,0
DA:129,0
DA:130,0
DA:131,0
DA:132,0
DA:133,0
DA:137,0
DA:138,0
DA:139,0
DA:140,0
DA:141,0
DA:142,0
DA:144,0
DA:147,0
DA:148,0
DA:149,0
DA:150,0
DA:151,0
DA:152,0
DA:154,0
DA:157,0
DA:158,0
DA:160,0
DA:161,0
DA:162,0
DA:163,0
DA:164,0
DA:166,0
DA:167,0
DA:169,0
DA:171,0
DA:172,0
DA:176,0
DA:177,0
DA:178,0
DA:181,0
DA:182,0
DA:183,0
DA:184,0
DA:185,0
DA:193,0
DA:202,0
DA:203,0
DA:204,0
DA:220,0
DA:221,0
DA:222,0
DA:223,0
DA:224,0
DA:225,0
DA:226,0
DA:242,0
DA:243,0
DA:244,0
DA:245,0
DA:246,0
DA:262,0
LF:104
LH:0
BRDA:63,0,0,0
BRDA:63,0,1,0
BRDA:66,1,0,0
BRDA:66,1,1,0
BRDA:71,2,0,0
BRDA:71,2,1,0
BRDA:71,3,0,0
BRDA:71,3,1,0
BRDA:77,4,0,0
BRDA:77,4,1,0
BRDA:80,5,0,0
BRDA:80,5,1,0
BRDA:84,6,0,0
BRDA:84,6,1,0
BRDA:105,7,0,0
BRDA:105,7,1,0
BRDA:109,8,0,0
BRDA:109,8,1,0
BRDA:110,9,0,0
BRDA:110,9,1,0
BRDA:117,10,0,0
BRDA:117,10,1,0
BRDA:120,11,0,0
BRDA:120,11,1,0
BRDA:127,12,0,0
BRDA:127,12,1,0
BRDA:131,13,0,0
BRDA:131,13,1,0
BRDA:132,14,0,0
BRDA:132,14,1,0
BRDA:137,15,0,0
BRDA:137,15,1,0
BRDA:140,16,0,0
BRDA:140,16,1,0
BRDA:147,17,0,0
BRDA:147,17,1,0
BRDA:150,18,0,0
BRDA:150,18,1,0
BRDA:158,19,0,0
BRDA:158,19,1,0
BRDA:161,20,0,0
BRDA:161,20,1,0
BRDA:163,21,0,0
BRDA:163,21,1,0
BRDA:171,22,0,0
BRDA:171,22,1,0
BRDA:182,23,0,0
BRDA:182,23,1,0
BRDA:184,24,0,0
BRDA:184,24,1,0
BRDA:203,25,0,0
BRDA:203,25,1,0
BRDA:203,26,0,0
BRDA:203,26,1,0
BRDA:223,27,0,0
BRDA:223,27,1,0
BRDA:223,28,0,0
BRDA:223,28,1,0
BRDA:223,28,2,0
BRDA:230,29,0,0
BRDA:230,29,1,0
BRDA:230,30,0,0
BRDA:230,30,1,0
BRDA:243,31,0,0
BRDA:243,31,1,0
BRDA:243,32,0,0
BRDA:243,32,1,0
BRDA:245,33,0,0
BRDA:245,33,1,0
BRDA:245,34,0,0
BRDA:245,34,1,0
BRDA:250,35,0,0
BRDA:250,35,1,0
BRF:73
BRH:0
end_of_record
TN:
SF:lib/studyAbroadSeedData.ts
FN:81,createStudyAbroadSeedData
FNF:1
FNH:0
FNDA:0,createStudyAbroadSeedData
DA:3,0
DA:36,0
DA:51,0
DA:53,0
DA:67,0
DA:82,0
LF:6
LH:0
BRF:0
BRH:0
end_of_record
TN:
SF:lib/studyAbroadTypes.ts
FNF:0
FNH:0
DA:240,0
LF:1
LH:0
BRF:0
BRH:0
end_of_record
TN:
SF:lib/taskScope.ts
FN:14,resolveTaskScope
FN:17,(anonymous_4)
FN:20,tasksForScope
FN:21,(anonymous_6)
FNF:4
FNH:4
FNDA:16,resolveTaskScope
FNDA:14,(anonymous_4)
FNDA:3,tasksForScope
FNDA:12,(anonymous_6)
DA:14,4
DA:15,16
DA:16,12
DA:17,14
DA:20,3
DA:21,12
LF:6
LH:6
BRDA:15,0,0,4
BRDA:15,0,1,12
BRDA:16,1,0,3
BRDA:16,1,1,9
BRDA:17,2,0,9
BRDA:17,2,1,1
BRF:6
BRH:6
end_of_record
TN:
SF:lib/useNLTaskCreation.ts
FN:21,useNLTaskCreation
FN:25,(anonymous_1)
FN:42,(anonymous_2)
FNF:3
FNH:0
FNDA:0,useNLTaskCreation
FNDA:0,(anonymous_1)
FNDA:0,(anonymous_2)
DA:22,0
DA:23,0
DA:25,0
DA:30,0
DA:31,0
DA:33,0
DA:34,0
DA:42,0
DA:48,0
DA:49,0
DA:50,0
DA:53,0
DA:54,0
DA:55,0
DA:62,0
DA:77,0
DA:78,0
DA:79,0
DA:81,0
DA:85,0
LF:20
LH:0
BRDA:27,0,0,0
BRDA:28,1,0,0
BRDA:42,2,0,0
BRDA:42,2,1,0
BRDA:48,3,0,0
BRDA:48,3,1,0
BRDA:50,4,0,0
BRDA:50,4,1,0
BRDA:77,5,0,0
BRDA:77,5,1,0
BRF:10
BRH:0
end_of_record
TN:
SF:lib/useOperatingContext.ts
FN:18,useOperatingContext
FN:25,(anonymous_1)
FN:38,(anonymous_2)
FN:50,(anonymous_3)
FN:66,(anonymous_4)
FN:73,(anonymous_5)
FN:80,(anonymous_6)
FN:87,(anonymous_7)
FN:88,(anonymous_8)
FN:98,(anonymous_9)
FN:99,(anonymous_10)
FN:106,(anonymous_11)
FN:107,(anonymous_12)
FN:116,(anonymous_13)
FN:117,(anonymous_14)
FN:125,(anonymous_15)
FN:132,(anonymous_16)
FN:137,(anonymous_17)
FN:138,(anonymous_18)
FN:139,(anonymous_19)
FN:148,(anonymous_20)
FN:151,(anonymous_21)
FN:155,(anonymous_22)
FN:160,(anonymous_23)
FN:161,(anonymous_24)
FN:162,(anonymous_25)
FN:171,(anonymous_26)
FN:172,(anonymous_27)
FN:172,(anonymous_28)
FN:176,(anonymous_29)
FN:177,(anonymous_30)
FN:181,(anonymous_31)
FN:183,(anonymous_32)
FNF:33
FNH:0
FNDA:0,useOperatingContext
FNDA:0,(anonymous_1)
FNDA:0,(anonymous_2)
FNDA:0,(anonymous_3)
FNDA:0,(anonymous_4)
FNDA:0,(anonymous_5)
FNDA:0,(anonymous_6)
FNDA:0,(anonymous_7)
FNDA:0,(anonymous_8)
FNDA:0,(anonymous_9)
FNDA:0,(anonymous_10)
FNDA:0,(anonymous_11)
FNDA:0,(anonymous_12)
FNDA:0,(anonymous_13)
FNDA:0,(anonymous_14)
FNDA:0,(anonymous_15)
FNDA:0,(anonymous_16)
FNDA:0,(anonymous_17)
FNDA:0,(anonymous_18)
FNDA:0,(anonymous_19)
FNDA:0,(anonymous_20)
FNDA:0,(anonymous_21)
FNDA:0,(anonymous_22)
FNDA:0,(anonymous_23)
FNDA:0,(anonymous_24)
FNDA:0,(anonymous_25)
FNDA:0,(anonymous_26)
FNDA:0,(anonymous_27)
FNDA:0,(anonymous_28)
FNDA:0,(anonymous_29)
FNDA:0,(anonymous_30)
FNDA:0,(anonymous_31)
FNDA:0,(anonymous_32)
DA:5,0
DA:14,0
DA:15,0
DA:16,0
DA:19,0
DA:20,0
DA:21,0
DA:22,0
DA:25,0
DA:26,0
DA:27,0
DA:28,0
DA:29,0
DA:30,0
DA:36,0
DA:37,0
DA:38,0
DA:45,0
DA:48,0
DA:49,0
DA:50,0
DA:55,0
DA:58,0
DA:60,0
DA:61,0
DA:66,0
DA:67,0
DA:68,0
DA:73,0
DA:74,0
DA:75,0
DA:80,0
DA:81,0
DA:82,0
DA:87,0
DA:88,0
DA:98,0
DA:99,0
DA:106,0
DA:107,0
DA:108,0
DA:116,0
DA:117,0
DA:125,0
DA:126,0
DA:132,0
DA:133,0
DA:137,0
DA:138,0
DA:139,0
DA:140,0
DA:148,0
DA:149,0
DA:151,0
DA:155,0
DA:156,0
DA:160,0
DA:161,0
DA:162,0
DA:163,0
DA:171,0
DA:172,0
DA:176,0
DA:177,0
DA:181,0
DA:182,0
DA:183,0
DA:186,0
LF:68
LH:0
BRDA:28,0,0,0
BRDA:28,0,1,0
BRDA:37,1,0,0
BRDA:37,1,1,0
BRDA:49,2,0,0
BRDA:49,2,1,0
BRDA:67,3,0,0
BRDA:67,3,1,0
BRDA:74,4,0,0
BRDA:74,4,1,0
BRDA:81,5,0,0
BRDA:81,5,1,0
BRDA:108,6,0,0
BRDA:108,6,1,0
BRDA:140,7,0,0
BRDA:140,7,1,0
BRDA:163,8,0,0
BRDA:163,8,1,0
BRDA:177,9,0,0
BRDA:177,9,1,0
BRDA:182,10,0,0
BRDA:182,10,1,0
BRDA:183,11,0,0
BRDA:183,11,1,0
BRF:24
BRH:0
end_of_record
TN:
SF:lib/useTaskBreakdown.ts
FN:3,useTaskBreakdown
FN:7,(anonymous_1)
FNF:2
FNH:0
FNDA:0,useTaskBreakdown
FNDA:0,(anonymous_1)
DA:4,0
DA:5,0
DA:7,0
DA:8,0
DA:9,0
DA:10,0
DA:11,0
DA:16,0
DA:17,0
DA:18,0
DA:20,0
DA:21,0
DA:23,0
DA:27,0
LF:14
LH:0
BRDA:17,0,0,0
BRDA:17,0,1,0
BRDA:17,1,0,0
BRDA:17,1,1,0
BRDA:20,2,0,0
BRDA:20,2,1,0
BRF:6
BRH:0
end_of_record
TN:
SF:lib/useWorkspaceMemory.ts
FN:21,useWorkspaceMemory
FN:22,(anonymous_1)
FN:33,(anonymous_2)
FN:43,(anonymous_3)
FN:44,(anonymous_4)
FN:55,(anonymous_5)
FN:59,(anonymous_6)
FN:63,(anonymous_7)
FN:67,(anonymous_8)
FN:71,(anonymous_9)
FN:80,(anonymous_10)
FNF:11
FNH:0
FNDA:0,useWorkspaceMemory
FNDA:0,(anonymous_1)
FNDA:0,(anonymous_2)
FNDA:0,(anonymous_3)
FNDA:0,(anonymous_4)
FNDA:0,(anonymous_5)
FNDA:0,(anonymous_6)
FNDA:0,(anonymous_7)
FNDA:0,(anonymous_8)
FNDA:0,(anonymous_9)
FNDA:0,(anonymous_10)
DA:19,0
DA:22,0
DA:23,0
DA:24,0
DA:25,0
DA:26,0
DA:28,0
DA:33,0
DA:34,0
DA:35,0
DA:38,0
DA:43,0
DA:44,0
DA:55,0
DA:56,0
DA:59,0
DA:60,0
DA:63,0
DA:64,0
DA:67,0
DA:68,0
DA:71,0
DA:72,0
DA:80,0
DA:81,0
DA:89,0
LF:26
LH:0
BRDA:23,0,0,0
BRDA:23,0,1,0
BRDA:26,1,0,0
BRDA:26,1,1,0
BRDA:34,2,0,0
BRDA:34,2,1,0
BRDA:38,3,0,0
BRDA:38,3,1,0
BRF:8
BRH:0
end_of_record
TN:
SF:lib/validation.ts
FN:55,(anonymous_19)
FN:124,(anonymous_20)
FN:128,(anonymous_21)
FN:132,(anonymous_22)
FN:136,(anonymous_23)
FN:140,(anonymous_24)
FN:291,(anonymous_25)
FNF:7
FNH:4
FNDA:1,(anonymous_19)
FNDA:3,(anonymous_20)
FNDA:2,(anonymous_21)
FNDA:2,(anonymous_22)
FNDA:0,(anonymous_23)
FNDA:0,(anonymous_24)
FNDA:0,(anonymous_25)
DA:1,2
DA:4,13
DA:41,2
DA:55,1
DA:59,2
DA:69,2
DA:110,2
DA:124,3
DA:125,3
DA:128,2
DA:129,2
DA:132,2
DA:133,2
DA:136,2
DA:137,0
DA:140,2
DA:141,0
DA:145,2
DA:158,2
DA:185,2
DA:207,2
DA:224,2
DA:248,2
DA:263,2
DA:291,2
DA:292,0
LF:26
LH:23
BRDA:55,0,0,1
BRDA:55,0,1,0
BRF:2
BRH:1
end_of_record
TN:
SF:lib/viewRouting.ts
FN:27,routedView
FN:32,isPersistedView
FN:36,routeForView
FNF:3
FNH:3
FNDA:4,routedView
FNDA:1,isPersistedView
FNDA:1,routeForView
DA:3,1
DA:22,1
DA:27,4
DA:28,4
DA:29,4
DA:32,1
DA:33,1
DA:36,1
DA:37,1
DA:38,1
DA:39,1
LF:11
LH:11
BRDA:28,0,0,0
BRDA:28,0,1,4
BRDA:29,1,0,4
BRDA:29,1,1,1
BRDA:37,2,0,0
BRDA:37,2,1,1
BRDA:38,3,0,0
BRDA:38,3,1,1
BRF:8
BRH:5
end_of_record
TN:
SF:lib/workOSDemoData.ts
FN:215,createWorkOSDemoData
FN:371,(anonymous_9)
FNF:2
FNH:0
FNDA:0,createWorkOSDemoData
FNDA:0,(anonymous_9)
DA:3,2
DA:86,2
DA:173,1
DA:215,0
DA:216,0
DA:368,1
DA:369,1
DA:371,1
DA:372,0
LF:9
LH:6
BRDA:369,0,0,1
BRDA:369,0,1,1
BRDA:372,1,0,0
BRDA:372,1,1,0
BRF:4
BRH:2
end_of_record
TN:
SF:lib/workosHelpers.ts
FN:39,getProjectMomentum
FN:51,(anonymous_1)
FN:52,(anonymous_2)
FN:56,(anonymous_3)
FN:61,(anonymous_4)
FN:72,(anonymous_5)
FN:75,(anonymous_6)
FN:85,getProjectLastActivity
FN:94,(anonymous_8)
FN:95,(anonymous_9)
FN:103,(anonymous_10)
FN:104,(anonymous_11)
FN:110,(anonymous_12)
FN:116,getProjectTaskCount
FN:120,(anonymous_14)
FN:126,getProjectProgress
FN:130,(anonymous_16)
FN:132,(anonymous_17)
FN:142,getApplicationsByStage
FN:164,getUpcomingInterviews
FN:171,(anonymous_20)
FN:177,(anonymous_21)
FN:182,(anonymous_22)
FN:188,getApplicationDeadlines
FN:195,(anonymous_24)
FN:200,(anonymous_25)
FN:207,(anonymous_26)
FN:217,getSkills
FN:230,(anonymous_28)
FN:232,(anonymous_29)
FN:249,(anonymous_30)
FN:259,getProfessionalGoals
FN:266,(anonymous_32)
FN:266,(anonymous_33)
FN:267,(anonymous_34)
FN:288,getPortfolioProjects
FN:293,(anonymous_36)
FN:298,(anonymous_37)
FN:299,(anonymous_38)
FN:308,getTimeUntil
FN:323,getUrgencyColor
FN:335,getUpcomingOpportunities
FN:349,(anonymous_42)
FN:353,(anonymous_43)
FN:357,(anonymous_44)
FN:369,(anonymous_45)
FNF:46
FNH:0
FNDA:0,getProjectMomentum
FNDA:0,(anonymous_1)
FNDA:0,(anonymous_2)
FNDA:0,(anonymous_3)
FNDA:0,(anonymous_4)
FNDA:0,(anonymous_5)
FNDA:0,(anonymous_6)
FNDA:0,getProjectLastActivity
FNDA:0,(anonymous_8)
FNDA:0,(anonymous_9)
FNDA:0,(anonymous_10)
FNDA:0,(anonymous_11)
FNDA:0,(anonymous_12)
FNDA:0,getProjectTaskCount
FNDA:0,(anonymous_14)
FNDA:0,getProjectProgress
FNDA:0,(anonymous_16)
FNDA:0,(anonymous_17)
FNDA:0,getApplicationsByStage
FNDA:0,getUpcomingInterviews
FNDA:0,(anonymous_20)
FNDA:0,(anonymous_21)
FNDA:0,(anonymous_22)
FNDA:0,getApplicationDeadlines
FNDA:0,(anonymous_24)
FNDA:0,(anonymous_25)
FNDA:0,(anonymous_26)
FNDA:0,getSkills
FNDA:0,(anonymous_28)
FNDA:0,(anonymous_29)
FNDA:0,(anonymous_30)
FNDA:0,getProfessionalGoals
FNDA:0,(anonymous_32)
FNDA:0,(anonymous_33)
FNDA:0,(anonymous_34)
FNDA:0,getPortfolioProjects
FNDA:0,(anonymous_36)
FNDA:0,(anonymous_37)
FNDA:0,(anonymous_38)
FNDA:0,getTimeUntil
FNDA:0,getUrgencyColor
FNDA:0,getUpcomingOpportunities
FNDA:0,(anonymous_42)
FNDA:0,(anonymous_43)
FNDA:0,(anonymous_44)
FNDA:0,(anonymous_45)
DA:45,0
DA:46,0
DA:47,0
DA:50,0
DA:51,0
DA:52,0
DA:55,0
DA:56,0
DA:60,0
DA:61,0
DA:65,0
DA:67,0
DA:68,0
DA:71,0
DA:72,0
DA:75,0
DA:76,0
DA:79,0
DA:90,0
DA:93,0
DA:94,0
DA:95,0
DA:97,0
DA:98,0
DA:102,0
DA:103,0
DA:104,0
DA:106,0
DA:107,0
DA:110,0
DA:120,0
DA:130,0
DA:131,0
DA:132,0
DA:133,0
DA:145,0
DA:157,0
DA:167,0
DA:168,0
DA:170,0
DA:172,0
DA:173,0
DA:177,0
DA:182,0
DA:191,0
DA:192,0
DA:194,0
DA:196,0
DA:197,0
DA:198,0
DA:200,0
DA:207,0
DA:222,0
DA:227,0
DA:230,0
DA:231,0
DA:232,0
DA:233,0
DA:234,0
DA:235,0
DA:242,0
DA:243,0
DA:248,0
DA:249,0
DA:263,0
DA:265,0
DA:266,0
DA:268,0
DA:269,0
DA:292,0
DA:293,0
DA:297,0
DA:298,0
DA:299,0
DA:309,0
DA:310,0
DA:311,0
DA:313,0
DA:314,0
DA:315,0
DA:316,0
DA:317,0
DA:324,0
DA:325,0
DA:326,0
DA:327,0
DA:338,0
DA:339,0
DA:341,0
DA:348,0
DA:350,0
DA:351,0
DA:354,0
DA:355,0
DA:356,0
DA:357,0
DA:358,0
DA:359,0
DA:362,0
DA:369,0
LF:100
LH:0
BRDA:51,0,0,0
BRDA:51,0,1,0
BRDA:51,0,2,0
BRDA:55,1,0,0
BRDA:55,1,1,0
BRDA:56,2,0,0
BRDA:56,2,1,0
BRDA:60,3,0,0
BRDA:60,3,1,0
BRDA:67,4,0,0
BRDA:67,4,1,0
BRDA:68,5,0,0
BRDA:68,5,1,0
BRDA:72,6,0,0
BRDA:72,6,1,0
BRDA:72,6,2,0
BRDA:75,7,0,0
BRDA:75,7,1,0
BRDA:75,8,0,0
BRDA:75,8,1,0
BRDA:75,9,0,0
BRDA:75,9,1,0
BRDA:94,10,0,0
BRDA:94,10,1,0
BRDA:95,11,0,0
BRDA:95,11,1,0
BRDA:95,12,0,0
BRDA:95,12,1,0
BRDA:97,13,0,0
BRDA:97,13,1,0
BRDA:106,14,0,0
BRDA:106,14,1,0
BRDA:110,15,0,0
BRDA:110,15,1,0
BRDA:120,16,0,0
BRDA:120,16,1,0
BRDA:120,16,2,0
BRDA:131,17,0,0
BRDA:131,17,1,0
BRDA:173,18,0,0
BRDA:173,18,1,0
BRDA:173,18,2,0
BRDA:196,19,0,0
BRDA:196,19,1,0
BRDA:196,20,0,0
BRDA:196,20,1,0
BRDA:198,21,0,0
BRDA:198,21,1,0
BRDA:231,22,0,0
BRDA:231,22,1,0
BRDA:233,23,0,0
BRDA:233,23,1,0
BRDA:234,24,0,0
BRDA:234,24,1,0
BRDA:268,25,0,0
BRDA:268,25,1,0
BRDA:292,26,0,0
BRDA:292,26,1,0
BRDA:298,27,0,0
BRDA:298,27,1,0
BRDA:298,27,2,0
BRDA:313,28,0,0
BRDA:313,28,1,0
BRDA:314,29,0,0
BRDA:314,29,1,0
BRDA:315,30,0,0
BRDA:315,30,1,0
BRDA:316,31,0,0
BRDA:316,31,1,0
BRDA:324,32,0,0
BRDA:324,32,1,0
BRDA:325,33,0,0
BRDA:325,33,1,0
BRDA:326,34,0,0
BRDA:326,34,1,0
BRDA:351,35,0,0
BRDA:351,35,1,0
BRDA:357,36,0,0
BRDA:357,36,1,0
BRF:79
BRH:0
end_of_record
TN:
SF:lib/workosTypes.ts
FN:174,(anonymous_0)
FN:184,(anonymous_1)
FN:192,(anonymous_2)
FN:198,(anonymous_3)
FN:204,(anonymous_4)
FN:211,(anonymous_5)
FN:217,(anonymous_6)
FN:224,(anonymous_7)
FN:233,(anonymous_8)
FN:245,(anonymous_9)
FNF:10
FNH:0
FNDA:0,(anonymous_0)
FNDA:0,(anonymous_1)
FNDA:0,(anonymous_2)
FNDA:0,(anonymous_3)
FNDA:0,(anonymous_4)
FNDA:0,(anonymous_5)
FNDA:0,(anonymous_6)
FNDA:0,(anonymous_7)
FNDA:0,(anonymous_8)
FNDA:0,(anonymous_9)
DA:174,0
DA:184,0
DA:192,0
DA:198,0
DA:204,0
DA:211,0
DA:217,0
DA:224,0
DA:233,0
DA:245,0
LF:10
LH:0
BRF:0
BRH:0
end_of_record
